blif_solve/blif_solve --under_approximating_method Skip --largest_support_set 1 --num_convergence 1 --over_approximating_method FactorGraphApprox --verbosity INFO --seed 20200123 ../../data_sets/bddblif/6s0_bdd.blif --diff_output_path experiments/20200123/results/6s0_bdd.blif_1_1.cnf
scripts/ganak.sh /home/parakram/Software/DDP/FactorGraph/src/experiments/20200123/results/6s0_bdd.blif_1_1.cnf
c Outputting solution to console
c GANAK version 1.0.0
The value of delta is 0.05
The value of hashrange is 64x1
Cannot open file: /home/parakram/Software/DDP/FactorGraph/src/experiments/20200123/results/6s0_bdd.blif_1_1.cnf
The total user time taken by ganak is:  0.0
skipping 6s0_bdd.blif_1_5 as the previous run failed
skipping 6s0_bdd.blif_1_10 as the previous run failed
skipping 6s0_bdd.blif_1_20 as the previous run failed
blif_solve/blif_solve --under_approximating_method Skip --largest_support_set 5 --num_convergence 1 --over_approximating_method FactorGraphApprox --verbosity INFO --seed 20200123 ../../data_sets/bddblif/6s0_bdd.blif --diff_output_path experiments/20200123/results/6s0_bdd.blif_5_1.cnf
scripts/ganak.sh /home/parakram/Software/DDP/FactorGraph/src/experiments/20200123/results/6s0_bdd.blif_5_1.cnf
c Outputting solution to console
c GANAK version 1.0.0
The value of delta is 0.05
The value of hashrange is 64x1
Cannot open file: /home/parakram/Software/DDP/FactorGraph/src/experiments/20200123/results/6s0_bdd.blif_5_1.cnf
The total user time taken by ganak is:  0.0
skipping 6s0_bdd.blif_5_5 as the previous run failed
skipping 6s0_bdd.blif_5_10 as the previous run failed
skipping 6s0_bdd.blif_5_20 as the previous run failed
blif_solve/blif_solve --under_approximating_method Skip --largest_support_set 10 --num_convergence 1 --over_approximating_method FactorGraphApprox --verbosity INFO --seed 20200123 ../../data_sets/bddblif/6s0_bdd.blif --diff_output_path experiments/20200123/results/6s0_bdd.blif_10_1.cnf
scripts/ganak.sh /home/parakram/Software/DDP/FactorGraph/src/experiments/20200123/results/6s0_bdd.blif_10_1.cnf
c Outputting solution to console
c GANAK version 1.0.0
The value of delta is 0.05
The value of hashrange is 64x1
Cannot open file: /home/parakram/Software/DDP/FactorGraph/src/experiments/20200123/results/6s0_bdd.blif_10_1.cnf
The total user time taken by ganak is:  0.0
skipping 6s0_bdd.blif_10_5 as the previous run failed
skipping 6s0_bdd.blif_10_10 as the previous run failed
skipping 6s0_bdd.blif_10_20 as the previous run failed
blif_solve/blif_solve --under_approximating_method Skip --largest_support_set 20 --num_convergence 1 --over_approximating_method FactorGraphApprox --verbosity INFO --seed 20200123 ../../data_sets/bddblif/6s0_bdd.blif --diff_output_path experiments/20200123/results/6s0_bdd.blif_20_1.cnf
scripts/ganak.sh /home/parakram/Software/DDP/FactorGraph/src/experiments/20200123/results/6s0_bdd.blif_20_1.cnf
c Outputting solution to console
c GANAK version 1.0.0
The value of delta is 0.05
The value of hashrange is 64x1
Cannot open file: /home/parakram/Software/DDP/FactorGraph/src/experiments/20200123/results/6s0_bdd.blif_20_1.cnf
The total user time taken by ganak is:  0.0
skipping 6s0_bdd.blif_20_5 as the previous run failed
skipping 6s0_bdd.blif_20_10 as the previous run failed
skipping 6s0_bdd.blif_20_20 as the previous run failed
blif_solve/blif_solve --under_approximating_method Skip --largest_support_set 40 --num_convergence 1 --over_approximating_method FactorGraphApprox --verbosity INFO --seed 20200123 ../../data_sets/bddblif/6s0_bdd.blif --diff_output_path experiments/20200123/results/6s0_bdd.blif_40_1.cnf
scripts/ganak.sh /home/parakram/Software/DDP/FactorGraph/src/experiments/20200123/results/6s0_bdd.blif_40_1.cnf
c Outputting solution to console
c GANAK version 1.0.0
The value of delta is 0.05
The value of hashrange is 64x1
Cannot open file: /home/parakram/Software/DDP/FactorGraph/src/experiments/20200123/results/6s0_bdd.blif_40_1.cnf
The total user time taken by ganak is:  0.0
skipping 6s0_bdd.blif_40_5 as the previous run failed
skipping 6s0_bdd.blif_40_10 as the previous run failed
skipping 6s0_bdd.blif_40_20 as the previous run failed
