blif_solve/blif_solve --under_approximating_method Skip --largest_support_set 1 --num_convergence 1 --over_approximating_method FactorGraphApprox --verbosity INFO --seed 20200123 ../../data_sets/bddblif/6s292rb037_bdd.blif --diff_output_path experiments/20200123/results/6s292rb037_bdd.blif_1_1.cnf
[INFO] created 3190 factors with 6395 vars (111 primary inputs + 6284 others) in 0.067865 sec
[INFO] Executing over approximating method FactorGraphApprox
[INFO] processing 51 partitions
[INFO] largestSupportSet 1, numConvergence:1
[INFO] Grouped func nodes in 9e-06 secs
[INFO] Created factor graph with 1 functions on 1 variables in 2.1e-05 secs
[INFO] Grouped non-pi variables in 3e-05 secs
[INFO] Initiating message passing
[INFO] Factor graph messages have converged in 3 iterations
[INFO] Factor graph messages have converged in 1e-05 secs
[INFO] Ran 1 FactorGraph convergences
[INFO] largestSupportSet 1, numConvergence:1
[INFO] Grouped func nodes in 4e-06 secs
[INFO] Created factor graph with 1 functions on 1 variables in 5e-06 secs
[INFO] Grouped non-pi variables in 1e-05 secs
[INFO] Initiating message passing
[INFO] Factor graph messages have converged in 3 iterations
[INFO] Factor graph messages have converged in 7e-06 secs
[INFO] Ran 1 FactorGraph convergences
[INFO] largestSupportSet 1, numConvergence:1
[INFO] Grouped func nodes in 4e-06 secs
[INFO] Created factor graph with 1 functions on 1 variables in 5e-06 secs
[INFO] Grouped non-pi variables in 9e-06 secs
[INFO] Initiating message passing
[INFO] Factor graph messages have converged in 3 iterations
[INFO] Factor graph messages have converged in 7e-06 secs
[INFO] Ran 1 FactorGraph convergences
[INFO] largestSupportSet 1, numConvergence:1
[INFO] Grouped func nodes in 4e-06 secs
[INFO] Created factor graph with 1 functions on 1 variables in 4e-06 secs
[INFO] Grouped non-pi variables in 8e-06 secs
[INFO] Initiating message passing
[INFO] Factor graph messages have converged in 3 iterations
[INFO] Factor graph messages have converged in 7e-06 secs
[INFO] Ran 1 FactorGraph convergences
[INFO] largestSupportSet 1, numConvergence:1
[INFO] Grouped func nodes in 3e-06 secs
[INFO] Created factor graph with 1 functions on 1 variables in 4e-06 secs
[INFO] Grouped non-pi variables in 8e-06 secs
[INFO] Initiating message passing
[INFO] Factor graph messages have converged in 3 iterations
[INFO] Factor graph messages have converged in 6e-06 secs
[INFO] Ran 1 FactorGraph convergences
[INFO] largestSupportSet 1, numConvergence:1
[INFO] Grouped func nodes in 3e-06 secs
[INFO] Created factor graph with 1 functions on 1 variables in 4e-06 secs
[INFO] Grouped non-pi variables in 9e-06 secs
[INFO] Initiating message passing
[INFO] Factor graph messages have converged in 3 iterations
[INFO] Factor graph messages have converged in 7e-06 secs
[INFO] Ran 1 FactorGraph convergences
[INFO] largestSupportSet 1, numConvergence:1
[INFO] Grouped func nodes in 3e-06 secs
[INFO] Created factor graph with 1 functions on 1 variables in 4e-06 secs
[INFO] Grouped non-pi variables in 9e-06 secs
[INFO] Initiating message passing
[INFO] Factor graph messages have converged in 3 iterations
[INFO] Factor graph messages have converged in 7e-06 secs
[INFO] Ran 1 FactorGraph convergences
[INFO] largestSupportSet 1, numConvergence:1
[INFO] Grouped func nodes in 0.913295 secs
[INFO] Created factor graph with 64 functions on 129 variables in 0.038229 secs
[INFO] Grouped non-pi variables in 0.041031 secs
[INFO] Initiating message passing
[INFO] Factor graph messages have converged in 1 iterations
[INFO] Factor graph messages have converged in 0.011527 secs
[INFO] Ran 1 FactorGraph convergences
[INFO] largestSupportSet 1, numConvergence:1
[INFO] Grouped func nodes in 1.1e-05 secs
[INFO] Created factor graph with 1 functions on 1 variables in 9e-06 secs
[INFO] Grouped non-pi variables in 1.8e-05 secs
[INFO] Initiating message passing
[INFO] Factor graph messages have converged in 3 iterations
[INFO] Factor graph messages have converged in 1.1e-05 secs
[INFO] Ran 1 FactorGraph convergences
[INFO] largestSupportSet 1, numConvergence:1
[INFO] Grouped func nodes in 4e-06 secs
[INFO] Created factor graph with 1 functions on 1 variables in 5e-06 secs
[INFO] Grouped non-pi variables in 9e-06 secs
[INFO] Initiating message passing
[INFO] Factor graph messages have converged in 3 iterations
[INFO] Factor graph messages have converged in 7e-06 secs
[INFO] Ran 1 FactorGraph convergences
[INFO] largestSupportSet 1, numConvergence:1
[INFO] Grouped func nodes in 3e-06 secs
[INFO] Created factor graph with 1 functions on 1 variables in 4e-06 secs
[INFO] Grouped non-pi variables in 9e-06 secs
[INFO] Initiating message passing
[INFO] Factor graph messages have converged in 3 iterations
[INFO] Factor graph messages have converged in 6e-06 secs
[INFO] Ran 1 FactorGraph convergences
[INFO] largestSupportSet 1, numConvergence:1
[INFO] Grouped func nodes in 3e-06 secs
[INFO] Created factor graph with 1 functions on 1 variables in 4e-06 secs
[INFO] Grouped non-pi variables in 9e-06 secs
[INFO] Initiating message passing
[INFO] Factor graph messages have converged in 3 iterations
[INFO] Factor graph messages have converged in 7e-06 secs
[INFO] Ran 1 FactorGraph convergences
[INFO] largestSupportSet 1, numConvergence:1
[INFO] Grouped func nodes in 3e-06 secs
[INFO] Created factor graph with 1 functions on 1 variables in 4e-06 secs
[INFO] Grouped non-pi variables in 9e-06 secs
[INFO] Initiating message passing
[INFO] Factor graph messages have converged in 3 iterations
[INFO] Factor graph messages have converged in 7e-06 secs
[INFO] Ran 1 FactorGraph convergences
[INFO] largestSupportSet 1, numConvergence:1
[INFO] Grouped func nodes in 3e-06 secs
[INFO] Created factor graph with 1 functions on 1 variables in 4e-06 secs
[INFO] Grouped non-pi variables in 8e-06 secs
[INFO] Initiating message passing
[INFO] Factor graph messages have converged in 3 iterations
[INFO] Factor graph messages have converged in 7e-06 secs
[INFO] Ran 1 FactorGraph convergences
[INFO] largestSupportSet 1, numConvergence:1
[INFO] Grouped func nodes in 4e-06 secs
[INFO] Created factor graph with 1 functions on 1 variables in 4e-06 secs
[INFO] Grouped non-pi variables in 9e-06 secs
[INFO] Initiating message passing
[INFO] Factor graph messages have converged in 3 iterations
[INFO] Factor graph messages have converged in 7e-06 secs
[INFO] Ran 1 FactorGraph convergences
[INFO] largestSupportSet 1, numConvergence:1
[INFO] Grouped func nodes in 4e-06 secs
[INFO] Created factor graph with 1 functions on 1 variables in 4e-06 secs
[INFO] Grouped non-pi variables in 9e-06 secs
[INFO] Initiating message passing
[INFO] Factor graph messages have converged in 3 iterations
[INFO] Factor graph messages have converged in 6e-06 secs
[INFO] Ran 1 FactorGraph convergences
[INFO] largestSupportSet 1, numConvergence:1
[INFO] Grouped func nodes in 3e-06 secs
[INFO] Created factor graph with 1 functions on 1 variables in 4e-06 secs
[INFO] Grouped non-pi variables in 9e-06 secs
[INFO] Initiating message passing
[INFO] Factor graph messages have converged in 3 iterations
[INFO] Factor graph messages have converged in 7e-06 secs
[INFO] Ran 1 FactorGraph convergences
[INFO] largestSupportSet 1, numConvergence:1
[INFO] Grouped func nodes in 3e-06 secs
[INFO] Created factor graph with 1 functions on 1 variables in 4e-06 secs
[INFO] Grouped non-pi variables in 9e-06 secs
[INFO] Initiating message passing
[INFO] Factor graph messages have converged in 3 iterations
[INFO] Factor graph messages have converged in 6e-06 secs
[INFO] Ran 1 FactorGraph convergences
[INFO] largestSupportSet 1, numConvergence:1
[INFO] Grouped func nodes in 3e-06 secs
[INFO] Created factor graph with 1 functions on 1 variables in 4e-06 secs
[INFO] Grouped non-pi variables in 9e-06 secs
[INFO] Initiating message passing
[INFO] Factor graph messages have converged in 3 iterations
[INFO] Factor graph messages have converged in 6e-06 secs
[INFO] Ran 1 FactorGraph convergences
[INFO] largestSupportSet 1, numConvergence:1
[INFO] Grouped func nodes in 3e-06 secs
[INFO] Created factor graph with 1 functions on 1 variables in 5e-06 secs
[INFO] Grouped non-pi variables in 9e-06 secs
[INFO] Initiating message passing
[INFO] Factor graph messages have converged in 3 iterations
[INFO] Factor graph messages have converged in 7e-06 secs
[INFO] Ran 1 FactorGraph convergences
[INFO] largestSupportSet 1, numConvergence:1
[INFO] Grouped func nodes in 3e-06 secs
[INFO] Created factor graph with 1 functions on 1 variables in 4e-06 secs
[INFO] Grouped non-pi variables in 9e-06 secs
[INFO] Initiating message passing
[INFO] Factor graph messages have converged in 3 iterations
[INFO] Factor graph messages have converged in 6e-06 secs
[INFO] Ran 1 FactorGraph convergences
[INFO] largestSupportSet 1, numConvergence:1
[INFO] Grouped func nodes in 3e-06 secs
[INFO] Created factor graph with 1 functions on 1 variables in 4e-06 secs
[INFO] Grouped non-pi variables in 8e-06 secs
[INFO] Initiating message passing
[INFO] Factor graph messages have converged in 3 iterations
[INFO] Factor graph messages have converged in 7e-06 secs
[INFO] Ran 1 FactorGraph convergences
[INFO] largestSupportSet 1, numConvergence:1
[INFO] Grouped func nodes in 3e-06 secs
[INFO] Created factor graph with 1 functions on 1 variables in 4e-06 secs
[INFO] Grouped non-pi variables in 9e-06 secs
[INFO] Initiating message passing
[INFO] Factor graph messages have converged in 3 iterations
[INFO] Factor graph messages have converged in 7e-06 secs
[INFO] Ran 1 FactorGraph convergences
[INFO] largestSupportSet 1, numConvergence:1
[INFO] Grouped func nodes in 3e-06 secs
[INFO] Created factor graph with 1 functions on 1 variables in 4e-06 secs
[INFO] Grouped non-pi variables in 8e-06 secs
[INFO] Initiating message passing
[INFO] Factor graph messages have converged in 3 iterations
[INFO] Factor graph messages have converged in 6e-06 secs
[INFO] Ran 1 FactorGraph convergences
[INFO] largestSupportSet 1, numConvergence:1
[INFO] Grouped func nodes in 3e-06 secs
[INFO] Created factor graph with 1 functions on 1 variables in 4e-06 secs
[INFO] Grouped non-pi variables in 8e-06 secs
[INFO] Initiating message passing
[INFO] Factor graph messages have converged in 3 iterations
[INFO] Factor graph messages have converged in 6e-06 secs
[INFO] Ran 1 FactorGraph convergences
[INFO] largestSupportSet 1, numConvergence:1
[INFO] Grouped func nodes in 3e-06 secs
[INFO] Created factor graph with 1 functions on 1 variables in 4e-06 secs
[INFO] Grouped non-pi variables in 8e-06 secs
[INFO] Initiating message passing
[INFO] Factor graph messages have converged in 3 iterations
[INFO] Factor graph messages have converged in 7e-06 secs
[INFO] Ran 1 FactorGraph convergences
[INFO] largestSupportSet 1, numConvergence:1
[INFO] Grouped func nodes in 3e-06 secs
[INFO] Created factor graph with 1 functions on 1 variables in 4e-06 secs
[INFO] Grouped non-pi variables in 8e-06 secs
[INFO] Initiating message passing
[INFO] Factor graph messages have converged in 3 iterations
[INFO] Factor graph messages have converged in 6e-06 secs
[INFO] Ran 1 FactorGraph convergences
[INFO] largestSupportSet 1, numConvergence:1
[INFO] Grouped func nodes in 3e-06 secs
[INFO] Created factor graph with 1 functions on 1 variables in 4e-06 secs
[INFO] Grouped non-pi variables in 8e-06 secs
[INFO] Initiating message passing
[INFO] Factor graph messages have converged in 3 iterations
[INFO] Factor graph messages have converged in 6e-06 secs
[INFO] Ran 1 FactorGraph convergences
[INFO] largestSupportSet 1, numConvergence:1
[INFO] Grouped func nodes in 3e-06 secs
[INFO] Created factor graph with 1 functions on 1 variables in 4e-06 secs
[INFO] Grouped non-pi variables in 8e-06 secs
[INFO] Initiating message passing
[INFO] Factor graph messages have converged in 3 iterations
[INFO] Factor graph messages have converged in 6e-06 secs
[INFO] Ran 1 FactorGraph convergences
[INFO] largestSupportSet 1, numConvergence:1
[INFO] Grouped func nodes in 3e-06 secs
[INFO] Created factor graph with 1 functions on 1 variables in 5e-06 secs
[INFO] Grouped non-pi variables in 9e-06 secs
[INFO] Initiating message passing
[INFO] Factor graph messages have converged in 3 iterations
[INFO] Factor graph messages have converged in 6e-06 secs
[INFO] Ran 1 FactorGraph convergences
[INFO] largestSupportSet 1, numConvergence:1
[INFO] Grouped func nodes in 3e-06 secs
[INFO] Created factor graph with 1 functions on 1 variables in 4e-06 secs
[INFO] Grouped non-pi variables in 8e-06 secs
[INFO] Initiating message passing
[INFO] Factor graph messages have converged in 3 iterations
[INFO] Factor graph messages have converged in 6e-06 secs
[INFO] Ran 1 FactorGraph convergences
[INFO] largestSupportSet 1, numConvergence:1
[INFO] Grouped func nodes in 3e-06 secs
[INFO] Created factor graph with 1 functions on 1 variables in 4e-06 secs
[INFO] Grouped non-pi variables in 9e-06 secs
[INFO] Initiating message passing
[INFO] Factor graph messages have converged in 3 iterations
[INFO] Factor graph messages have converged in 6e-06 secs
[INFO] Ran 1 FactorGraph convergences
[INFO] largestSupportSet 1, numConvergence:1
[INFO] Grouped func nodes in 3e-06 secs
[INFO] Created factor graph with 1 functions on 1 variables in 4e-06 secs
[INFO] Grouped non-pi variables in 8e-06 secs
[INFO] Initiating message passing
[INFO] Factor graph messages have converged in 3 iterations
[INFO] Factor graph messages have converged in 6e-06 secs
[INFO] Ran 1 FactorGraph convergences
[INFO] largestSupportSet 1, numConvergence:1
[INFO] Grouped func nodes in 3e-06 secs
[INFO] Created factor graph with 1 functions on 1 variables in 5e-06 secs
[INFO] Grouped non-pi variables in 9e-06 secs
[INFO] Initiating message passing
[INFO] Factor graph messages have converged in 3 iterations
[INFO] Factor graph messages have converged in 6e-06 secs
[INFO] Ran 1 FactorGraph convergences
[INFO] largestSupportSet 1, numConvergence:1
scripts/ganak.sh /home/parakram/Software/DDP/FactorGraph/src/experiments/20200123/results/6s292rb037_bdd.blif_1_1.cnf
c Outputting solution to console
c GANAK version 1.0.0
The value of delta is 0.05
The value of hashrange is 64x1
Cannot open file: /home/parakram/Software/DDP/FactorGraph/src/experiments/20200123/results/6s292rb037_bdd.blif_1_1.cnf
The total user time taken by ganak is:  0.0
skipping 6s292rb037_bdd.blif_1_5 as the previous run failed
skipping 6s292rb037_bdd.blif_1_10 as the previous run failed
skipping 6s292rb037_bdd.blif_1_20 as the previous run failed
blif_solve/blif_solve --under_approximating_method Skip --largest_support_set 5 --num_convergence 1 --over_approximating_method FactorGraphApprox --verbosity INFO --seed 20200123 ../../data_sets/bddblif/6s292rb037_bdd.blif --diff_output_path experiments/20200123/results/6s292rb037_bdd.blif_5_1.cnf
[INFO] created 3190 factors with 6395 vars (111 primary inputs + 6284 others) in 0.068104 sec
[INFO] Executing over approximating method FactorGraphApprox
[INFO] processing 51 partitions
[INFO] largestSupportSet 5, numConvergence:1
[INFO] Grouped func nodes in 7e-06 secs
[INFO] Created factor graph with 1 functions on 1 variables in 2.6e-05 secs
[INFO] Grouped non-pi variables in 3.4e-05 secs
[INFO] Initiating message passing
[INFO] Factor graph messages have converged in 3 iterations
[INFO] Factor graph messages have converged in 9e-06 secs
[INFO] Ran 1 FactorGraph convergences
[INFO] largestSupportSet 5, numConvergence:1
[INFO] Grouped func nodes in 4e-06 secs
[INFO] Created factor graph with 1 functions on 1 variables in 5e-06 secs
[INFO] Grouped non-pi variables in 1.1e-05 secs
[INFO] Initiating message passing
[INFO] Factor graph messages have converged in 3 iterations
[INFO] Factor graph messages have converged in 7e-06 secs
[INFO] Ran 1 FactorGraph convergences
[INFO] largestSupportSet 5, numConvergence:1
[INFO] Grouped func nodes in 3e-06 secs
[INFO] Created factor graph with 1 functions on 1 variables in 5e-06 secs
[INFO] Grouped non-pi variables in 9e-06 secs
[INFO] Initiating message passing
[INFO] Factor graph messages have converged in 3 iterations
[INFO] Factor graph messages have converged in 7e-06 secs
[INFO] Ran 1 FactorGraph convergences
[INFO] largestSupportSet 5, numConvergence:1
[INFO] Grouped func nodes in 3e-06 secs
[INFO] Created factor graph with 1 functions on 1 variables in 4e-06 secs
[INFO] Grouped non-pi variables in 9e-06 secs
[INFO] Initiating message passing
[INFO] Factor graph messages have converged in 3 iterations
[INFO] Factor graph messages have converged in 7e-06 secs
[INFO] Ran 1 FactorGraph convergences
[INFO] largestSupportSet 5, numConvergence:1
[INFO] Grouped func nodes in 3e-06 secs
[INFO] Created factor graph with 1 functions on 1 variables in 4e-06 secs
[INFO] Grouped non-pi variables in 9e-06 secs
[INFO] Initiating message passing
[INFO] Factor graph messages have converged in 3 iterations
[INFO] Factor graph messages have converged in 7e-06 secs
[INFO] Ran 1 FactorGraph convergences
[INFO] largestSupportSet 5, numConvergence:1
[INFO] Grouped func nodes in 3e-06 secs
[INFO] Created factor graph with 1 functions on 1 variables in 4e-06 secs
[INFO] Grouped non-pi variables in 8e-06 secs
[INFO] Initiating message passing
[INFO] Factor graph messages have converged in 3 iterations
[INFO] Factor graph messages have converged in 7e-06 secs
[INFO] Ran 1 FactorGraph convergences
[INFO] largestSupportSet 5, numConvergence:1
[INFO] Grouped func nodes in 3e-06 secs
[INFO] Created factor graph with 1 functions on 1 variables in 4e-06 secs
[INFO] Grouped non-pi variables in 8e-06 secs
[INFO] Initiating message passing
[INFO] Factor graph messages have converged in 3 iterations
[INFO] Factor graph messages have converged in 6e-06 secs
[INFO] Ran 1 FactorGraph convergences
[INFO] largestSupportSet 5, numConvergence:1
[INFO] Grouped func nodes in 0.922548 secs
[INFO] Created factor graph with 64 functions on 93 variables in 0.040244 secs
[INFO] Grouped non-pi variables in 0.053527 secs
[INFO] Initiating message passing
[INFO] Factor graph messages have converged in 1 iterations
[INFO] Factor graph messages have converged in 0.011545 secs
[INFO] Ran 1 FactorGraph convergences
[INFO] largestSupportSet 5, numConvergence:1
[INFO] Grouped func nodes in 8e-06 secs
[INFO] Created factor graph with 1 functions on 1 variables in 9e-06 secs
[INFO] Grouped non-pi variables in 1.4e-05 secs
[INFO] Initiating message passing
[INFO] Factor graph messages have converged in 3 iterations
[INFO] Factor graph messages have converged in 8e-06 secs
[INFO] Ran 1 FactorGraph convergences
[INFO] largestSupportSet 5, numConvergence:1
[INFO] Grouped func nodes in 4e-06 secs
[INFO] Created factor graph with 1 functions on 1 variables in 4e-06 secs
[INFO] Grouped non-pi variables in 8e-06 secs
[INFO] Initiating message passing
[INFO] Factor graph messages have converged in 3 iterations
[INFO] Factor graph messages have converged in 6e-06 secs
[INFO] Ran 1 FactorGraph convergences
[INFO] largestSupportSet 5, numConvergence:1
[INFO] Grouped func nodes in 3e-06 secs
[INFO] Created factor graph with 1 functions on 1 variables in 4e-06 secs
[INFO] Grouped non-pi variables in 8e-06 secs
[INFO] Initiating message passing
[INFO] Factor graph messages have converged in 3 iterations
[INFO] Factor graph messages have converged in 6e-06 secs
[INFO] Ran 1 FactorGraph convergences
[INFO] largestSupportSet 5, numConvergence:1
[INFO] Grouped func nodes in 3e-06 secs
[INFO] Created factor graph with 1 functions on 1 variables in 4e-06 secs
[INFO] Grouped non-pi variables in 8e-06 secs
[INFO] Initiating message passing
[INFO] Factor graph messages have converged in 3 iterations
[INFO] Factor graph messages have converged in 6e-06 secs
[INFO] Ran 1 FactorGraph convergences
[INFO] largestSupportSet 5, numConvergence:1
[INFO] Grouped func nodes in 3e-06 secs
[INFO] Created factor graph with 1 functions on 1 variables in 4e-06 secs
[INFO] Grouped non-pi variables in 8e-06 secs
[INFO] Initiating message passing
[INFO] Factor graph messages have converged in 3 iterations
[INFO] Factor graph messages have converged in 6e-06 secs
[INFO] Ran 1 FactorGraph convergences
[INFO] largestSupportSet 5, numConvergence:1
[INFO] Grouped func nodes in 3e-06 secs
[INFO] Created factor graph with 1 functions on 1 variables in 3e-06 secs
[INFO] Grouped non-pi variables in 7e-06 secs
[INFO] Initiating message passing
[INFO] Factor graph messages have converged in 3 iterations
[INFO] Factor graph messages have converged in 6e-06 secs
[INFO] Ran 1 FactorGraph convergences
[INFO] largestSupportSet 5, numConvergence:1
[INFO] Grouped func nodes in 2e-06 secs
[INFO] Created factor graph with 1 functions on 1 variables in 4e-06 secs
[INFO] Grouped non-pi variables in 8e-06 secs
[INFO] Initiating message passing
[INFO] Factor graph messages have converged in 3 iterations
[INFO] Factor graph messages have converged in 6e-06 secs
[INFO] Ran 1 FactorGraph convergences
[INFO] largestSupportSet 5, numConvergence:1
[INFO] Grouped func nodes in 3e-06 secs
[INFO] Created factor graph with 1 functions on 1 variables in 4e-06 secs
[INFO] Grouped non-pi variables in 8e-06 secs
[INFO] Initiating message passing
[INFO] Factor graph messages have converged in 3 iterations
[INFO] Factor graph messages have converged in 6e-06 secs
[INFO] Ran 1 FactorGraph convergences
[INFO] largestSupportSet 5, numConvergence:1
[INFO] Grouped func nodes in 3e-06 secs
[INFO] Created factor graph with 1 functions on 1 variables in 4e-06 secs
[INFO] Grouped non-pi variables in 8e-06 secs
[INFO] Initiating message passing
[INFO] Factor graph messages have converged in 3 iterations
[INFO] Factor graph messages have converged in 6e-06 secs
[INFO] Ran 1 FactorGraph convergences
[INFO] largestSupportSet 5, numConvergence:1
[INFO] Grouped func nodes in 3e-06 secs
[INFO] Created factor graph with 1 functions on 1 variables in 4e-06 secs
[INFO] Grouped non-pi variables in 8e-06 secs
[INFO] Initiating message passing
[INFO] Factor graph messages have converged in 3 iterations
[INFO] Factor graph messages have converged in 6e-06 secs
[INFO] Ran 1 FactorGraph convergences
[INFO] largestSupportSet 5, numConvergence:1
[INFO] Grouped func nodes in 3e-06 secs
[INFO] Created factor graph with 1 functions on 1 variables in 4e-06 secs
[INFO] Grouped non-pi variables in 8e-06 secs
[INFO] Initiating message passing
[INFO] Factor graph messages have converged in 3 iterations
[INFO] Factor graph messages have converged in 7e-06 secs
[INFO] Ran 1 FactorGraph convergences
[INFO] largestSupportSet 5, numConvergence:1
[INFO] Grouped func nodes in 4e-06 secs
[INFO] Created factor graph with 1 functions on 1 variables in 4e-06 secs
[INFO] Grouped non-pi variables in 9e-06 secs
[INFO] Initiating message passing
[INFO] Factor graph messages have converged in 3 iterations
[INFO] Factor graph messages have converged in 7e-06 secs
[INFO] Ran 1 FactorGraph convergences
[INFO] largestSupportSet 5, numConvergence:1
[INFO] Grouped func nodes in 3e-06 secs
[INFO] Created factor graph with 1 functions on 1 variables in 3e-06 secs
[INFO] Grouped non-pi variables in 7e-06 secs
[INFO] Initiating message passing
[INFO] Factor graph messages have converged in 3 iterations
[INFO] Factor graph messages have converged in 6e-06 secs
[INFO] Ran 1 FactorGraph convergences
[INFO] largestSupportSet 5, numConvergence:1
[INFO] Grouped func nodes in 3e-06 secs
[INFO] Created factor graph with 1 functions on 1 variables in 4e-06 secs
[INFO] Grouped non-pi variables in 8e-06 secs
[INFO] Initiating message passing
[INFO] Factor graph messages have converged in 3 iterations
[INFO] Factor graph messages have converged in 6e-06 secs
[INFO] Ran 1 FactorGraph convergences
[INFO] largestSupportSet 5, numConvergence:1
[INFO] Grouped func nodes in 3e-06 secs
[INFO] Created factor graph with 1 functions on 1 variables in 4e-06 secs
[INFO] Grouped non-pi variables in 9e-06 secs
[INFO] Initiating message passing
[INFO] Factor graph messages have converged in 3 iterations
[INFO] Factor graph messages have converged in 7e-06 secs
[INFO] Ran 1 FactorGraph convergences
[INFO] largestSupportSet 5, numConvergence:1
[INFO] Grouped func nodes in 3e-06 secs
[INFO] Created factor graph with 1 functions on 1 variables in 4e-06 secs
[INFO] Grouped non-pi variables in 8e-06 secs
[INFO] Initiating message passing
[INFO] Factor graph messages have converged in 3 iterations
[INFO] Factor graph messages have converged in 6e-06 secs
[INFO] Ran 1 FactorGraph convergences
[INFO] largestSupportSet 5, numConvergence:1
[INFO] Grouped func nodes in 3e-06 secs
[INFO] Created factor graph with 1 functions on 1 variables in 4e-06 secs
[INFO] Grouped non-pi variables in 9e-06 secs
[INFO] Initiating message passing
[INFO] Factor graph messages have converged in 3 iterations
[INFO] Factor graph messages have converged in 6e-06 secs
[INFO] Ran 1 FactorGraph convergences
[INFO] largestSupportSet 5, numConvergence:1
[INFO] Grouped func nodes in 3e-06 secs
[INFO] Created factor graph with 1 functions on 1 variables in 4e-06 secs
[INFO] Grouped non-pi variables in 8e-06 secs
[INFO] Initiating message passing
[INFO] Factor graph messages have converged in 3 iterations
[INFO] Factor graph messages have converged in 6e-06 secs
[INFO] Ran 1 FactorGraph convergences
[INFO] largestSupportSet 5, numConvergence:1
[INFO] Grouped func nodes in 4e-06 secs
[INFO] Created factor graph with 1 functions on 1 variables in 4e-06 secs
[INFO] Grouped non-pi variables in 8e-06 secs
[INFO] Initiating message passing
[INFO] Factor graph messages have converged in 3 iterations
[INFO] Factor graph messages have converged in 6e-06 secs
[INFO] Ran 1 FactorGraph convergences
[INFO] largestSupportSet 5, numConvergence:1
[INFO] Grouped func nodes in 3e-06 secs
[INFO] Created factor graph with 1 functions on 1 variables in 4e-06 secs
[INFO] Grouped non-pi variables in 8e-06 secs
[INFO] Initiating message passing
[INFO] Factor graph messages have converged in 3 iterations
[INFO] Factor graph messages have converged in 6e-06 secs
[INFO] Ran 1 FactorGraph convergences
[INFO] largestSupportSet 5, numConvergence:1
[INFO] Grouped func nodes in 3e-06 secs
[INFO] Created factor graph with 1 functions on 1 variables in 4e-06 secs
[INFO] Grouped non-pi variables in 8e-06 secs
[INFO] Initiating message passing
[INFO] Factor graph messages have converged in 3 iterations
[INFO] Factor graph messages have converged in 6e-06 secs
[INFO] Ran 1 FactorGraph convergences
[INFO] largestSupportSet 5, numConvergence:1
[INFO] Grouped func nodes in 3e-06 secs
[INFO] Created factor graph with 1 functions on 1 variables in 4e-06 secs
[INFO] Grouped non-pi variables in 8e-06 secs
[INFO] Initiating message passing
[INFO] Factor graph messages have converged in 3 iterations
[INFO] Factor graph messages have converged in 6e-06 secs
[INFO] Ran 1 FactorGraph convergences
[INFO] largestSupportSet 5, numConvergence:1
[INFO] Grouped func nodes in 3e-06 secs
[INFO] Created factor graph with 1 functions on 1 variables in 4e-06 secs
[INFO] Grouped non-pi variables in 8e-06 secs
[INFO] Initiating message passing
[INFO] Factor graph messages have converged in 3 iterations
[INFO] Factor graph messages have converged in 6e-06 secs
[INFO] Ran 1 FactorGraph convergences
[INFO] largestSupportSet 5, numConvergence:1
[INFO] Grouped func nodes in 3e-06 secs
[INFO] Created factor graph with 1 functions on 1 variables in 3e-06 secs
[INFO] Grouped non-pi variables in 7e-06 secs
[INFO] Initiating message passing
[INFO] Factor graph messages have converged in 3 iterations
[INFO] Factor graph messages have converged in 6e-06 secs
[INFO] Ran 1 FactorGraph convergences
[INFO] largestSupportSet 5, numConvergence:1
[INFO] Grouped func nodes in 3e-06 secs
[INFO] Created factor graph with 1 functions on 1 variables in 4e-06 secs
[INFO] Grouped non-pi variables in 8e-06 secs
[INFO] Initiating message passing
[INFO] Factor graph messages have converged in 3 iterations
[INFO] Factor graph messages have converged in 6e-06 secs
[INFO] Ran 1 FactorGraph convergences
[INFO] largestSupportSet 5, numConvergence:1
[INFO] Grouped func nodes in 3e-06 secs
[INFO] Created factor graph with 1 functions on 1 variables in 4e-06 secs
[INFO] Grouped non-pi variables in 8e-06 secs
[INFO] Initiating message passing
[INFO] Factor graph messages have converged in 3 iterations
[INFO] Factor graph messages have converged in 6e-06 secs
[INFO] Ran 1 FactorGraph convergences
[INFO] largestSupportSet 5, numConvergence:1
scripts/ganak.sh /home/parakram/Software/DDP/FactorGraph/src/experiments/20200123/results/6s292rb037_bdd.blif_5_1.cnf
c Outputting solution to console
c GANAK version 1.0.0
The value of delta is 0.05
The value of hashrange is 64x1
Cannot open file: /home/parakram/Software/DDP/FactorGraph/src/experiments/20200123/results/6s292rb037_bdd.blif_5_1.cnf
The total user time taken by ganak is:  0.0
skipping 6s292rb037_bdd.blif_5_5 as the previous run failed
skipping 6s292rb037_bdd.blif_5_10 as the previous run failed
skipping 6s292rb037_bdd.blif_5_20 as the previous run failed
blif_solve/blif_solve --under_approximating_method Skip --largest_support_set 10 --num_convergence 1 --over_approximating_method FactorGraphApprox --verbosity INFO --seed 20200123 ../../data_sets/bddblif/6s292rb037_bdd.blif --diff_output_path experiments/20200123/results/6s292rb037_bdd.blif_10_1.cnf
[INFO] created 3190 factors with 6395 vars (111 primary inputs + 6284 others) in 0.067654 sec
[INFO] Executing over approximating method FactorGraphApprox
[INFO] processing 51 partitions
[INFO] largestSupportSet 10, numConvergence:1
[INFO] Grouped func nodes in 7e-06 secs
[INFO] Created factor graph with 1 functions on 1 variables in 7e-06 secs
[INFO] Grouped non-pi variables in 1.1e-05 secs
[INFO] Initiating message passing
[INFO] Factor graph messages have converged in 3 iterations
[INFO] Factor graph messages have converged in 7e-06 secs
[INFO] Ran 1 FactorGraph convergences
[INFO] largestSupportSet 10, numConvergence:1
[INFO] Grouped func nodes in 3e-06 secs
[INFO] Created factor graph with 1 functions on 1 variables in 4e-06 secs
[INFO] Grouped non-pi variables in 8e-06 secs
[INFO] Initiating message passing
[INFO] Factor graph messages have converged in 3 iterations
[INFO] Factor graph messages have converged in 6e-06 secs
[INFO] Ran 1 FactorGraph convergences
[INFO] largestSupportSet 10, numConvergence:1
[INFO] Grouped func nodes in 3e-06 secs
[INFO] Created factor graph with 1 functions on 1 variables in 6e-06 secs
[INFO] Grouped non-pi variables in 1e-05 secs
[INFO] Initiating message passing
[INFO] Factor graph messages have converged in 3 iterations
[INFO] Factor graph messages have converged in 6e-06 secs
[INFO] Ran 1 FactorGraph convergences
[INFO] largestSupportSet 10, numConvergence:1
[INFO] Grouped func nodes in 3e-06 secs
[INFO] Created factor graph with 1 functions on 1 variables in 4e-06 secs
[INFO] Grouped non-pi variables in 8e-06 secs
[INFO] Initiating message passing
[INFO] Factor graph messages have converged in 3 iterations
[INFO] Factor graph messages have converged in 8e-06 secs
[INFO] Ran 1 FactorGraph convergences
[INFO] largestSupportSet 10, numConvergence:1
[INFO] Grouped func nodes in 3e-06 secs
[INFO] Created factor graph with 1 functions on 1 variables in 4e-06 secs
[INFO] Grouped non-pi variables in 8e-06 secs
[INFO] Initiating message passing
[INFO] Factor graph messages have converged in 3 iterations
[INFO] Factor graph messages have converged in 7e-06 secs
[INFO] Ran 1 FactorGraph convergences
[INFO] largestSupportSet 10, numConvergence:1
[INFO] Grouped func nodes in 3e-06 secs
[INFO] Created factor graph with 1 functions on 1 variables in 4e-06 secs
[INFO] Grouped non-pi variables in 8e-06 secs
[INFO] Initiating message passing
[INFO] Factor graph messages have converged in 3 iterations
[INFO] Factor graph messages have converged in 7e-06 secs
[INFO] Ran 1 FactorGraph convergences
[INFO] largestSupportSet 10, numConvergence:1
[INFO] Grouped func nodes in 3e-06 secs
[INFO] Created factor graph with 1 functions on 1 variables in 4e-06 secs
[INFO] Grouped non-pi variables in 8e-06 secs
[INFO] Initiating message passing
[INFO] Factor graph messages have converged in 3 iterations
[INFO] Factor graph messages have converged in 6e-06 secs
[INFO] Ran 1 FactorGraph convergences
[INFO] largestSupportSet 10, numConvergence:1
[INFO] Grouped func nodes in 0.918838 secs
[INFO] Created factor graph with 61 functions on 86 variables in 0.040111 secs
[INFO] Grouped non-pi variables in 0.052904 secs
[INFO] Initiating message passing
[INFO] Factor graph messages have converged in 1 iterations
[INFO] Factor graph messages have converged in 0.0122 secs
[INFO] Ran 1 FactorGraph convergences
[INFO] largestSupportSet 10, numConvergence:1
[INFO] Grouped func nodes in 7e-06 secs
[INFO] Created factor graph with 1 functions on 1 variables in 6e-06 secs
[INFO] Grouped non-pi variables in 1e-05 secs
[INFO] Initiating message passing
[INFO] Factor graph messages have converged in 3 iterations
[INFO] Factor graph messages have converged in 6e-06 secs
[INFO] Ran 1 FactorGraph convergences
[INFO] largestSupportSet 10, numConvergence:1
[INFO] Grouped func nodes in 3e-06 secs
[INFO] Created factor graph with 1 functions on 1 variables in 4e-06 secs
[INFO] Grouped non-pi variables in 7e-06 secs
[INFO] Initiating message passing
[INFO] Factor graph messages have converged in 3 iterations
[INFO] Factor graph messages have converged in 6e-06 secs
[INFO] Ran 1 FactorGraph convergences
[INFO] largestSupportSet 10, numConvergence:1
[INFO] Grouped func nodes in 4e-06 secs
[INFO] Created factor graph with 1 functions on 1 variables in 5e-06 secs
[INFO] Grouped non-pi variables in 9e-06 secs
[INFO] Initiating message passing
[INFO] Factor graph messages have converged in 3 iterations
[INFO] Factor graph messages have converged in 6e-06 secs
[INFO] Ran 1 FactorGraph convergences
[INFO] largestSupportSet 10, numConvergence:1
[INFO] Grouped func nodes in 3e-06 secs
[INFO] Created factor graph with 1 functions on 1 variables in 4e-06 secs
[INFO] Grouped non-pi variables in 8e-06 secs
[INFO] Initiating message passing
[INFO] Factor graph messages have converged in 3 iterations
[INFO] Factor graph messages have converged in 6e-06 secs
[INFO] Ran 1 FactorGraph convergences
[INFO] largestSupportSet 10, numConvergence:1
[INFO] Grouped func nodes in 3e-06 secs
[INFO] Created factor graph with 1 functions on 1 variables in 4e-06 secs
[INFO] Grouped non-pi variables in 8e-06 secs
[INFO] Initiating message passing
[INFO] Factor graph messages have converged in 3 iterations
[INFO] Factor graph messages have converged in 6e-06 secs
[INFO] Ran 1 FactorGraph convergences
[INFO] largestSupportSet 10, numConvergence:1
[INFO] Grouped func nodes in 3e-06 secs
[INFO] Created factor graph with 1 functions on 1 variables in 4e-06 secs
[INFO] Grouped non-pi variables in 9e-06 secs
[INFO] Initiating message passing
[INFO] Factor graph messages have converged in 3 iterations
[INFO] Factor graph messages have converged in 7e-06 secs
[INFO] Ran 1 FactorGraph convergences
[INFO] largestSupportSet 10, numConvergence:1
[INFO] Grouped func nodes in 3e-06 secs
[INFO] Created factor graph with 1 functions on 1 variables in 4e-06 secs
[INFO] Grouped non-pi variables in 9e-06 secs
[INFO] Initiating message passing
[INFO] Factor graph messages have converged in 3 iterations
[INFO] Factor graph messages have converged in 7e-06 secs
[INFO] Ran 1 FactorGraph convergences
[INFO] largestSupportSet 10, numConvergence:1
[INFO] Grouped func nodes in 3e-06 secs
[INFO] Created factor graph with 1 functions on 1 variables in 5e-06 secs
[INFO] Grouped non-pi variables in 9e-06 secs
[INFO] Initiating message passing
[INFO] Factor graph messages have converged in 3 iterations
[INFO] Factor graph messages have converged in 6e-06 secs
[INFO] Ran 1 FactorGraph convergences
[INFO] largestSupportSet 10, numConvergence:1
[INFO] Grouped func nodes in 3e-06 secs
[INFO] Created factor graph with 1 functions on 1 variables in 4e-06 secs
[INFO] Grouped non-pi variables in 9e-06 secs
[INFO] Initiating message passing
[INFO] Factor graph messages have converged in 3 iterations
[INFO] Factor graph messages have converged in 7e-06 secs
[INFO] Ran 1 FactorGraph convergences
[INFO] largestSupportSet 10, numConvergence:1
[INFO] Grouped func nodes in 3e-06 secs
[INFO] Created factor graph with 1 functions on 1 variables in 4e-06 secs
[INFO] Grouped non-pi variables in 8e-06 secs
[INFO] Initiating message passing
[INFO] Factor graph messages have converged in 3 iterations
[INFO] Factor graph messages have converged in 7e-06 secs
[INFO] Ran 1 FactorGraph convergences
[INFO] largestSupportSet 10, numConvergence:1
[INFO] Grouped func nodes in 3e-06 secs
[INFO] Created factor graph with 1 functions on 1 variables in 4e-06 secs
[INFO] Grouped non-pi variables in 8e-06 secs
[INFO] Initiating message passing
[INFO] Factor graph messages have converged in 3 iterations
[INFO] Factor graph messages have converged in 6e-06 secs
[INFO] Ran 1 FactorGraph convergences
[INFO] largestSupportSet 10, numConvergence:1
[INFO] Grouped func nodes in 3e-06 secs
[INFO] Created factor graph with 1 functions on 1 variables in 4e-06 secs
[INFO] Grouped non-pi variables in 8e-06 secs
[INFO] Initiating message passing
[INFO] Factor graph messages have converged in 3 iterations
[INFO] Factor graph messages have converged in 7e-06 secs
[INFO] Ran 1 FactorGraph convergences
[INFO] largestSupportSet 10, numConvergence:1
[INFO] Grouped func nodes in 3e-06 secs
[INFO] Created factor graph with 1 functions on 1 variables in 4e-06 secs
[INFO] Grouped non-pi variables in 8e-06 secs
[INFO] Initiating message passing
[INFO] Factor graph messages have converged in 3 iterations
[INFO] Factor graph messages have converged in 6e-06 secs
[INFO] Ran 1 FactorGraph convergences
[INFO] largestSupportSet 10, numConvergence:1
[INFO] Grouped func nodes in 3e-06 secs
[INFO] Created factor graph with 1 functions on 1 variables in 4e-06 secs
[INFO] Grouped non-pi variables in 8e-06 secs
[INFO] Initiating message passing
[INFO] Factor graph messages have converged in 3 iterations
[INFO] Factor graph messages have converged in 6e-06 secs
[INFO] Ran 1 FactorGraph convergences
[INFO] largestSupportSet 10, numConvergence:1
[INFO] Grouped func nodes in 3e-06 secs
[INFO] Created factor graph with 1 functions on 1 variables in 4e-06 secs
[INFO] Grouped non-pi variables in 8e-06 secs
[INFO] Initiating message passing
[INFO] Factor graph messages have converged in 3 iterations
[INFO] Factor graph messages have converged in 7e-06 secs
[INFO] Ran 1 FactorGraph convergences
[INFO] largestSupportSet 10, numConvergence:1
[INFO] Grouped func nodes in 3e-06 secs
[INFO] Created factor graph with 1 functions on 1 variables in 4e-06 secs
[INFO] Grouped non-pi variables in 8e-06 secs
[INFO] Initiating message passing
[INFO] Factor graph messages have converged in 3 iterations
[INFO] Factor graph messages have converged in 6e-06 secs
[INFO] Ran 1 FactorGraph convergences
[INFO] largestSupportSet 10, numConvergence:1
[INFO] Grouped func nodes in 3e-06 secs
[INFO] Created factor graph with 1 functions on 1 variables in 4e-06 secs
[INFO] Grouped non-pi variables in 8e-06 secs
[INFO] Initiating message passing
[INFO] Factor graph messages have converged in 3 iterations
[INFO] Factor graph messages have converged in 7e-06 secs
[INFO] Ran 1 FactorGraph convergences
[INFO] largestSupportSet 10, numConvergence:1
[INFO] Grouped func nodes in 3e-06 secs
[INFO] Created factor graph with 1 functions on 1 variables in 4e-06 secs
[INFO] Grouped non-pi variables in 9e-06 secs
[INFO] Initiating message passing
[INFO] Factor graph messages have converged in 3 iterations
[INFO] Factor graph messages have converged in 7e-06 secs
[INFO] Ran 1 FactorGraph convergences
[INFO] largestSupportSet 10, numConvergence:1
[INFO] Grouped func nodes in 3e-06 secs
[INFO] Created factor graph with 1 functions on 1 variables in 4e-06 secs
[INFO] Grouped non-pi variables in 8e-06 secs
[INFO] Initiating message passing
[INFO] Factor graph messages have converged in 3 iterations
[INFO] Factor graph messages have converged in 7e-06 secs
[INFO] Ran 1 FactorGraph convergences
[INFO] largestSupportSet 10, numConvergence:1
[INFO] Grouped func nodes in 3e-06 secs
[INFO] Created factor graph with 1 functions on 1 variables in 4e-06 secs
[INFO] Grouped non-pi variables in 9e-06 secs
[INFO] Initiating message passing
[INFO] Factor graph messages have converged in 3 iterations
[INFO] Factor graph messages have converged in 7e-06 secs
[INFO] Ran 1 FactorGraph convergences
[INFO] largestSupportSet 10, numConvergence:1
[INFO] Grouped func nodes in 3e-06 secs
[INFO] Created factor graph with 1 functions on 1 variables in 4e-06 secs
[INFO] Grouped non-pi variables in 9e-06 secs
[INFO] Initiating message passing
[INFO] Factor graph messages have converged in 3 iterations
[INFO] Factor graph messages have converged in 7e-06 secs
[INFO] Ran 1 FactorGraph convergences
[INFO] largestSupportSet 10, numConvergence:1
[INFO] Grouped func nodes in 3e-06 secs
[INFO] Created factor graph with 1 functions on 1 variables in 4e-06 secs
[INFO] Grouped non-pi variables in 8e-06 secs
[INFO] Initiating message passing
[INFO] Factor graph messages have converged in 3 iterations
[INFO] Factor graph messages have converged in 6e-06 secs
[INFO] Ran 1 FactorGraph convergences
[INFO] largestSupportSet 10, numConvergence:1
[INFO] Grouped func nodes in 3e-06 secs
[INFO] Created factor graph with 1 functions on 1 variables in 4e-06 secs
[INFO] Grouped non-pi variables in 8e-06 secs
[INFO] Initiating message passing
[INFO] Factor graph messages have converged in 3 iterations
[INFO] Factor graph messages have converged in 6e-06 secs
[INFO] Ran 1 FactorGraph convergences
[INFO] largestSupportSet 10, numConvergence:1
[INFO] Grouped func nodes in 3e-06 secs
[INFO] Created factor graph with 1 functions on 1 variables in 4e-06 secs
[INFO] Grouped non-pi variables in 9e-06 secs
[INFO] Initiating message passing
[INFO] Factor graph messages have converged in 3 iterations
[INFO] Factor graph messages have converged in 7e-06 secs
[INFO] Ran 1 FactorGraph convergences
[INFO] largestSupportSet 10, numConvergence:1
[INFO] Grouped func nodes in 4e-06 secs
[INFO] Created factor graph with 1 functions on 1 variables in 4e-06 secs
[INFO] Grouped non-pi variables in 9e-06 secs
[INFO] Initiating message passing
[INFO] Factor graph messages have converged in 3 iterations
[INFO] Factor graph messages have converged in 7e-06 secs
[INFO] Ran 1 FactorGraph convergences
[INFO] largestSupportSet 10, numConvergence:1
[INFO] Grouped func nodes in 3e-06 secs
[INFO] Created factor graph with 1 functions on 1 variables in 3e-06 secs
[INFO] Grouped non-pi variables in 8e-06 secs
[INFO] Initiating message passing
[INFO] Factor graph messages have converged in 3 iterations
[INFO] Factor graph messages have converged in 7e-06 secs
[INFO] Ran 1 FactorGraph convergences
[INFO] largestSupportSet 10, numConvergence:1
scripts/ganak.sh /home/parakram/Software/DDP/FactorGraph/src/experiments/20200123/results/6s292rb037_bdd.blif_10_1.cnf
c Outputting solution to console
c GANAK version 1.0.0
The value of delta is 0.05
The value of hashrange is 64x1
Cannot open file: /home/parakram/Software/DDP/FactorGraph/src/experiments/20200123/results/6s292rb037_bdd.blif_10_1.cnf
The total user time taken by ganak is:  0.0
skipping 6s292rb037_bdd.blif_10_5 as the previous run failed
skipping 6s292rb037_bdd.blif_10_10 as the previous run failed
skipping 6s292rb037_bdd.blif_10_20 as the previous run failed
blif_solve/blif_solve --under_approximating_method Skip --largest_support_set 20 --num_convergence 1 --over_approximating_method FactorGraphApprox --verbosity INFO --seed 20200123 ../../data_sets/bddblif/6s292rb037_bdd.blif --diff_output_path experiments/20200123/results/6s292rb037_bdd.blif_20_1.cnf
[INFO] created 3190 factors with 6395 vars (111 primary inputs + 6284 others) in 0.069474 sec
[INFO] Executing over approximating method FactorGraphApprox
[INFO] processing 51 partitions
[INFO] largestSupportSet 20, numConvergence:1
[INFO] Grouped func nodes in 7e-06 secs
[INFO] Created factor graph with 1 functions on 1 variables in 2e-05 secs
[INFO] Grouped non-pi variables in 2.5e-05 secs
[INFO] Initiating message passing
[INFO] Factor graph messages have converged in 3 iterations
[INFO] Factor graph messages have converged in 9e-06 secs
[INFO] Ran 1 FactorGraph convergences
[INFO] largestSupportSet 20, numConvergence:1
[INFO] Grouped func nodes in 4e-06 secs
[INFO] Created factor graph with 1 functions on 1 variables in 5e-06 secs
[INFO] Grouped non-pi variables in 9e-06 secs
[INFO] Initiating message passing
[INFO] Factor graph messages have converged in 3 iterations
[INFO] Factor graph messages have converged in 7e-06 secs
[INFO] Ran 1 FactorGraph convergences
[INFO] largestSupportSet 20, numConvergence:1
[INFO] Grouped func nodes in 3e-06 secs
[INFO] Created factor graph with 1 functions on 1 variables in 4e-06 secs
[INFO] Grouped non-pi variables in 8e-06 secs
[INFO] Initiating message passing
[INFO] Factor graph messages have converged in 3 iterations
[INFO] Factor graph messages have converged in 7e-06 secs
[INFO] Ran 1 FactorGraph convergences
[INFO] largestSupportSet 20, numConvergence:1
[INFO] Grouped func nodes in 4e-06 secs
[INFO] Created factor graph with 1 functions on 1 variables in 5e-06 secs
[INFO] Grouped non-pi variables in 9e-06 secs
[INFO] Initiating message passing
[INFO] Factor graph messages have converged in 3 iterations
[INFO] Factor graph messages have converged in 7e-06 secs
[INFO] Ran 1 FactorGraph convergences
[INFO] largestSupportSet 20, numConvergence:1
[INFO] Grouped func nodes in 3e-06 secs
[INFO] Created factor graph with 1 functions on 1 variables in 5e-06 secs
[INFO] Grouped non-pi variables in 9e-06 secs
[INFO] Initiating message passing
[INFO] Factor graph messages have converged in 3 iterations
[INFO] Factor graph messages have converged in 8e-06 secs
[INFO] Ran 1 FactorGraph convergences
[INFO] largestSupportSet 20, numConvergence:1
[INFO] Grouped func nodes in 3e-06 secs
[INFO] Created factor graph with 1 functions on 1 variables in 4e-06 secs
[INFO] Grouped non-pi variables in 9e-06 secs
[INFO] Initiating message passing
[INFO] Factor graph messages have converged in 3 iterations
[INFO] Factor graph messages have converged in 7e-06 secs
[INFO] Ran 1 FactorGraph convergences
[INFO] largestSupportSet 20, numConvergence:1
[INFO] Grouped func nodes in 4e-06 secs
[INFO] Created factor graph with 1 functions on 1 variables in 4e-06 secs
[INFO] Grouped non-pi variables in 8e-06 secs
[INFO] Initiating message passing
[INFO] Factor graph messages have converged in 3 iterations
[INFO] Factor graph messages have converged in 7e-06 secs
[INFO] Ran 1 FactorGraph convergences
[INFO] largestSupportSet 20, numConvergence:1
[INFO] Grouped func nodes in 0.930145 secs
[INFO] Created factor graph with 52 functions on 79 variables in 0.038795 secs
[INFO] Grouped non-pi variables in 0.050986 secs
[INFO] Initiating message passing
[INFO] Factor graph messages have converged in 1 iterations
[INFO] Factor graph messages have converged in 0.011987 secs
[INFO] Ran 1 FactorGraph convergences
[INFO] largestSupportSet 20, numConvergence:1
[INFO] Grouped func nodes in 6e-06 secs
[INFO] Created factor graph with 1 functions on 1 variables in 6e-06 secs
[INFO] Grouped non-pi variables in 1e-05 secs
[INFO] Initiating message passing
[INFO] Factor graph messages have converged in 3 iterations
[INFO] Factor graph messages have converged in 6e-06 secs
[INFO] Ran 1 FactorGraph convergences
[INFO] largestSupportSet 20, numConvergence:1
[INFO] Grouped func nodes in 3e-06 secs
[INFO] Created factor graph with 1 functions on 1 variables in 3e-06 secs
[INFO] Grouped non-pi variables in 7e-06 secs
[INFO] Initiating message passing
[INFO] Factor graph messages have converged in 3 iterations
[INFO] Factor graph messages have converged in 6e-06 secs
[INFO] Ran 1 FactorGraph convergences
[INFO] largestSupportSet 20, numConvergence:1
[INFO] Grouped func nodes in 2e-06 secs
[INFO] Created factor graph with 1 functions on 1 variables in 5e-06 secs
[INFO] Grouped non-pi variables in 9e-06 secs
[INFO] Initiating message passing
[INFO] Factor graph messages have converged in 3 iterations
[INFO] Factor graph messages have converged in 6e-06 secs
[INFO] Ran 1 FactorGraph convergences
[INFO] largestSupportSet 20, numConvergence:1
[INFO] Grouped func nodes in 4e-06 secs
[INFO] Created factor graph with 1 functions on 1 variables in 4e-06 secs
[INFO] Grouped non-pi variables in 9e-06 secs
[INFO] Initiating message passing
[INFO] Factor graph messages have converged in 3 iterations
[INFO] Factor graph messages have converged in 7e-06 secs
[INFO] Ran 1 FactorGraph convergences
[INFO] largestSupportSet 20, numConvergence:1
[INFO] Grouped func nodes in 3e-06 secs
[INFO] Created factor graph with 1 functions on 1 variables in 4e-06 secs
[INFO] Grouped non-pi variables in 9e-06 secs
[INFO] Initiating message passing
[INFO] Factor graph messages have converged in 3 iterations
[INFO] Factor graph messages have converged in 7e-06 secs
[INFO] Ran 1 FactorGraph convergences
[INFO] largestSupportSet 20, numConvergence:1
[INFO] Grouped func nodes in 3e-06 secs
[INFO] Created factor graph with 1 functions on 1 variables in 4e-06 secs
[INFO] Grouped non-pi variables in 9e-06 secs
[INFO] Initiating message passing
[INFO] Factor graph messages have converged in 3 iterations
[INFO] Factor graph messages have converged in 6e-06 secs
[INFO] Ran 1 FactorGraph convergences
[INFO] largestSupportSet 20, numConvergence:1
[INFO] Grouped func nodes in 3e-06 secs
[INFO] Created factor graph with 1 functions on 1 variables in 4e-06 secs
[INFO] Grouped non-pi variables in 9e-06 secs
[INFO] Initiating message passing
[INFO] Factor graph messages have converged in 3 iterations
[INFO] Factor graph messages have converged in 7e-06 secs
[INFO] Ran 1 FactorGraph convergences
[INFO] largestSupportSet 20, numConvergence:1
[INFO] Grouped func nodes in 3e-06 secs
[INFO] Created factor graph with 1 functions on 1 variables in 4e-06 secs
[INFO] Grouped non-pi variables in 9e-06 secs
[INFO] Initiating message passing
[INFO] Factor graph messages have converged in 3 iterations
[INFO] Factor graph messages have converged in 7e-06 secs
[INFO] Ran 1 FactorGraph convergences
[INFO] largestSupportSet 20, numConvergence:1
[INFO] Grouped func nodes in 3e-06 secs
[INFO] Created factor graph with 1 functions on 1 variables in 5e-06 secs
[INFO] Grouped non-pi variables in 9e-06 secs
[INFO] Initiating message passing
[INFO] Factor graph messages have converged in 3 iterations
[INFO] Factor graph messages have converged in 6e-06 secs
[INFO] Ran 1 FactorGraph convergences
[INFO] largestSupportSet 20, numConvergence:1
[INFO] Grouped func nodes in 3e-06 secs
[INFO] Created factor graph with 1 functions on 1 variables in 5e-06 secs
[INFO] Grouped non-pi variables in 9e-06 secs
[INFO] Initiating message passing
[INFO] Factor graph messages have converged in 3 iterations
[INFO] Factor graph messages have converged in 7e-06 secs
[INFO] Ran 1 FactorGraph convergences
[INFO] largestSupportSet 20, numConvergence:1
[INFO] Grouped func nodes in 3e-06 secs
[INFO] Created factor graph with 1 functions on 1 variables in 4e-06 secs
[INFO] Grouped non-pi variables in 8e-06 secs
[INFO] Initiating message passing
[INFO] Factor graph messages have converged in 3 iterations
[INFO] Factor graph messages have converged in 6e-06 secs
[INFO] Ran 1 FactorGraph convergences
[INFO] largestSupportSet 20, numConvergence:1
[INFO] Grouped func nodes in 3e-06 secs
[INFO] Created factor graph with 1 functions on 1 variables in 3e-06 secs
[INFO] Grouped non-pi variables in 8e-06 secs
[INFO] Initiating message passing
[INFO] Factor graph messages have converged in 3 iterations
[INFO] Factor graph messages have converged in 7e-06 secs
[INFO] Ran 1 FactorGraph convergences
[INFO] largestSupportSet 20, numConvergence:1
[INFO] Grouped func nodes in 3e-06 secs
[INFO] Created factor graph with 1 functions on 1 variables in 4e-06 secs
[INFO] Grouped non-pi variables in 9e-06 secs
[INFO] Initiating message passing
[INFO] Factor graph messages have converged in 3 iterations
[INFO] Factor graph messages have converged in 7e-06 secs
[INFO] Ran 1 FactorGraph convergences
[INFO] largestSupportSet 20, numConvergence:1
[INFO] Grouped func nodes in 3e-06 secs
[INFO] Created factor graph with 1 functions on 1 variables in 4e-06 secs
[INFO] Grouped non-pi variables in 8e-06 secs
[INFO] Initiating message passing
[INFO] Factor graph messages have converged in 3 iterations
[INFO] Factor graph messages have converged in 7e-06 secs
[INFO] Ran 1 FactorGraph convergences
[INFO] largestSupportSet 20, numConvergence:1
[INFO] Grouped func nodes in 3e-06 secs
[INFO] Created factor graph with 1 functions on 1 variables in 4e-06 secs
[INFO] Grouped non-pi variables in 8e-06 secs
[INFO] Initiating message passing
[INFO] Factor graph messages have converged in 3 iterations
[INFO] Factor graph messages have converged in 6e-06 secs
[INFO] Ran 1 FactorGraph convergences
[INFO] largestSupportSet 20, numConvergence:1
[INFO] Grouped func nodes in 3e-06 secs
[INFO] Created factor graph with 1 functions on 1 variables in 4e-06 secs
[INFO] Grouped non-pi variables in 9e-06 secs
[INFO] Initiating message passing
[INFO] Factor graph messages have converged in 3 iterations
[INFO] Factor graph messages have converged in 6e-06 secs
[INFO] Ran 1 FactorGraph convergences
[INFO] largestSupportSet 20, numConvergence:1
[INFO] Grouped func nodes in 3e-06 secs
[INFO] Created factor graph with 1 functions on 1 variables in 4e-06 secs
[INFO] Grouped non-pi variables in 9e-06 secs
[INFO] Initiating message passing
[INFO] Factor graph messages have converged in 3 iterations
[INFO] Factor graph messages have converged in 6e-06 secs
[INFO] Ran 1 FactorGraph convergences
[INFO] largestSupportSet 20, numConvergence:1
[INFO] Grouped func nodes in 3e-06 secs
[INFO] Created factor graph with 1 functions on 1 variables in 5e-06 secs
[INFO] Grouped non-pi variables in 9e-06 secs
[INFO] Initiating message passing
[INFO] Factor graph messages have converged in 3 iterations
[INFO] Factor graph messages have converged in 7e-06 secs
[INFO] Ran 1 FactorGraph convergences
[INFO] largestSupportSet 20, numConvergence:1
[INFO] Grouped func nodes in 3e-06 secs
[INFO] Created factor graph with 1 functions on 1 variables in 4e-06 secs
[INFO] Grouped non-pi variables in 8e-06 secs
[INFO] Initiating message passing
[INFO] Factor graph messages have converged in 3 iterations
[INFO] Factor graph messages have converged in 6e-06 secs
[INFO] Ran 1 FactorGraph convergences
[INFO] largestSupportSet 20, numConvergence:1
[INFO] Grouped func nodes in 3e-06 secs
[INFO] Created factor graph with 1 functions on 1 variables in 4e-06 secs
[INFO] Grouped non-pi variables in 8e-06 secs
[INFO] Initiating message passing
[INFO] Factor graph messages have converged in 3 iterations
[INFO] Factor graph messages have converged in 6e-06 secs
[INFO] Ran 1 FactorGraph convergences
[INFO] largestSupportSet 20, numConvergence:1
[INFO] Grouped func nodes in 3e-06 secs
[INFO] Created factor graph with 1 functions on 1 variables in 4e-06 secs
[INFO] Grouped non-pi variables in 8e-06 secs
[INFO] Initiating message passing
[INFO] Factor graph messages have converged in 3 iterations
[INFO] Factor graph messages have converged in 7e-06 secs
[INFO] Ran 1 FactorGraph convergences
[INFO] largestSupportSet 20, numConvergence:1
[INFO] Grouped func nodes in 3e-06 secs
[INFO] Created factor graph with 1 functions on 1 variables in 4e-06 secs
[INFO] Grouped non-pi variables in 8e-06 secs
[INFO] Initiating message passing
[INFO] Factor graph messages have converged in 3 iterations
[INFO] Factor graph messages have converged in 6e-06 secs
[INFO] Ran 1 FactorGraph convergences
[INFO] largestSupportSet 20, numConvergence:1
[INFO] Grouped func nodes in 3e-06 secs
[INFO] Created factor graph with 1 functions on 1 variables in 4e-06 secs
[INFO] Grouped non-pi variables in 8e-06 secs
[INFO] Initiating message passing
[INFO] Factor graph messages have converged in 3 iterations
[INFO] Factor graph messages have converged in 6e-06 secs
[INFO] Ran 1 FactorGraph convergences
[INFO] largestSupportSet 20, numConvergence:1
[INFO] Grouped func nodes in 3e-06 secs
[INFO] Created factor graph with 1 functions on 1 variables in 4e-06 secs
[INFO] Grouped non-pi variables in 9e-06 secs
[INFO] Initiating message passing
[INFO] Factor graph messages have converged in 3 iterations
[INFO] Factor graph messages have converged in 7e-06 secs
[INFO] Ran 1 FactorGraph convergences
[INFO] largestSupportSet 20, numConvergence:1
[INFO] Grouped func nodes in 3e-06 secs
[INFO] Created factor graph with 1 functions on 1 variables in 4e-06 secs
[INFO] Grouped non-pi variables in 8e-06 secs
[INFO] Initiating message passing
[INFO] Factor graph messages have converged in 3 iterations
[INFO] Factor graph messages have converged in 7e-06 secs
[INFO] Ran 1 FactorGraph convergences
[INFO] largestSupportSet 20, numConvergence:1
[INFO] Grouped func nodes in 3e-06 secs
[INFO] Created factor graph with 1 functions on 1 variables in 4e-06 secs
[INFO] Grouped non-pi variables in 9e-06 secs
[INFO] Initiating message passing
[INFO] Factor graph messages have converged in 3 iterations
[INFO] Factor graph messages have converged in 7e-06 secs
[INFO] Ran 1 FactorGraph convergences
[INFO] largestSupportSet 20, numConvergence:1
scripts/ganak.sh /home/parakram/Software/DDP/FactorGraph/src/experiments/20200123/results/6s292rb037_bdd.blif_20_1.cnf
c Outputting solution to console
c GANAK version 1.0.0
The value of delta is 0.05
The value of hashrange is 64x1
Cannot open file: /home/parakram/Software/DDP/FactorGraph/src/experiments/20200123/results/6s292rb037_bdd.blif_20_1.cnf
The total user time taken by ganak is:  0.0
skipping 6s292rb037_bdd.blif_20_5 as the previous run failed
skipping 6s292rb037_bdd.blif_20_10 as the previous run failed
skipping 6s292rb037_bdd.blif_20_20 as the previous run failed
blif_solve/blif_solve --under_approximating_method Skip --largest_support_set 40 --num_convergence 1 --over_approximating_method FactorGraphApprox --verbosity INFO --seed 20200123 ../../data_sets/bddblif/6s292rb037_bdd.blif --diff_output_path experiments/20200123/results/6s292rb037_bdd.blif_40_1.cnf
[INFO] created 3190 factors with 6395 vars (111 primary inputs + 6284 others) in 0.067714 sec
[INFO] Executing over approximating method FactorGraphApprox
[INFO] processing 51 partitions
[INFO] largestSupportSet 40, numConvergence:1
[INFO] Grouped func nodes in 9e-06 secs
[INFO] Created factor graph with 1 functions on 1 variables in 2.9e-05 secs
[INFO] Grouped non-pi variables in 3.7e-05 secs
[INFO] Initiating message passing
[INFO] Factor graph messages have converged in 3 iterations
[INFO] Factor graph messages have converged in 1e-05 secs
[INFO] Ran 1 FactorGraph convergences
[INFO] largestSupportSet 40, numConvergence:1
[INFO] Grouped func nodes in 4e-06 secs
[INFO] Created factor graph with 1 functions on 1 variables in 5e-06 secs
[INFO] Grouped non-pi variables in 9e-06 secs
[INFO] Initiating message passing
[INFO] Factor graph messages have converged in 3 iterations
[INFO] Factor graph messages have converged in 7e-06 secs
[INFO] Ran 1 FactorGraph convergences
[INFO] largestSupportSet 40, numConvergence:1
[INFO] Grouped func nodes in 4e-06 secs
[INFO] Created factor graph with 1 functions on 1 variables in 4e-06 secs
[INFO] Grouped non-pi variables in 8e-06 secs
[INFO] Initiating message passing
[INFO] Factor graph messages have converged in 3 iterations
[INFO] Factor graph messages have converged in 8e-06 secs
[INFO] Ran 1 FactorGraph convergences
[INFO] largestSupportSet 40, numConvergence:1
[INFO] Grouped func nodes in 3e-06 secs
[INFO] Created factor graph with 1 functions on 1 variables in 4e-06 secs
[INFO] Grouped non-pi variables in 8e-06 secs
[INFO] Initiating message passing
[INFO] Factor graph messages have converged in 3 iterations
[INFO] Factor graph messages have converged in 7e-06 secs
[INFO] Ran 1 FactorGraph convergences
[INFO] largestSupportSet 40, numConvergence:1
[INFO] Grouped func nodes in 3e-06 secs
[INFO] Created factor graph with 1 functions on 1 variables in 4e-06 secs
[INFO] Grouped non-pi variables in 8e-06 secs
[INFO] Initiating message passing
[INFO] Factor graph messages have converged in 3 iterations
[INFO] Factor graph messages have converged in 7e-06 secs
[INFO] Ran 1 FactorGraph convergences
[INFO] largestSupportSet 40, numConvergence:1
[INFO] Grouped func nodes in 4e-06 secs
[INFO] Created factor graph with 1 functions on 1 variables in 4e-06 secs
[INFO] Grouped non-pi variables in 8e-06 secs
[INFO] Initiating message passing
[INFO] Factor graph messages have converged in 3 iterations
[INFO] Factor graph messages have converged in 6e-06 secs
[INFO] Ran 1 FactorGraph convergences
[INFO] largestSupportSet 40, numConvergence:1
[INFO] Grouped func nodes in 3e-06 secs
[INFO] Created factor graph with 1 functions on 1 variables in 4e-06 secs
[INFO] Grouped non-pi variables in 9e-06 secs
[INFO] Initiating message passing
[INFO] Factor graph messages have converged in 3 iterations
[INFO] Factor graph messages have converged in 6e-06 secs
[INFO] Ran 1 FactorGraph convergences
[INFO] largestSupportSet 40, numConvergence:1
[INFO] Grouped func nodes in 1.05188 secs
[INFO] Created factor graph with 34 functions on 56 variables in 0.104423 secs
[INFO] Grouped non-pi variables in 0.115745 secs
[INFO] Initiating message passing
[INFO] Factor graph messages have converged in 1 iterations
[INFO] Factor graph messages have converged in 0.015272 secs
[INFO] Ran 1 FactorGraph convergences
[INFO] largestSupportSet 40, numConvergence:1
[INFO] Grouped func nodes in 1.3e-05 secs
[INFO] Created factor graph with 1 functions on 1 variables in 9e-06 secs
[INFO] Grouped non-pi variables in 1.4e-05 secs
[INFO] Initiating message passing
[INFO] Factor graph messages have converged in 3 iterations
[INFO] Factor graph messages have converged in 1.3e-05 secs
[INFO] Ran 1 FactorGraph convergences
[INFO] largestSupportSet 40, numConvergence:1
[INFO] Grouped func nodes in 3e-06 secs
[INFO] Created factor graph with 1 functions on 1 variables in 4e-06 secs
[INFO] Grouped non-pi variables in 9e-06 secs
[INFO] Initiating message passing
[INFO] Factor graph messages have converged in 3 iterations
[INFO] Factor graph messages have converged in 6e-06 secs
[INFO] Ran 1 FactorGraph convergences
[INFO] largestSupportSet 40, numConvergence:1
[INFO] Grouped func nodes in 4e-06 secs
[INFO] Created factor graph with 1 functions on 1 variables in 4e-06 secs
[INFO] Grouped non-pi variables in 9e-06 secs
[INFO] Initiating message passing
[INFO] Factor graph messages have converged in 3 iterations
[INFO] Factor graph messages have converged in 4e-06 secs
[INFO] Ran 1 FactorGraph convergences
[INFO] largestSupportSet 40, numConvergence:1
[INFO] Grouped func nodes in 4e-06 secs
[INFO] Created factor graph with 1 functions on 1 variables in 4e-06 secs
[INFO] Grouped non-pi variables in 9e-06 secs
[INFO] Initiating message passing
[INFO] Factor graph messages have converged in 3 iterations
[INFO] Factor graph messages have converged in 6e-06 secs
[INFO] Ran 1 FactorGraph convergences
[INFO] largestSupportSet 40, numConvergence:1
[INFO] Grouped func nodes in 3e-06 secs
[INFO] Created factor graph with 1 functions on 1 variables in 5e-06 secs
[INFO] Grouped non-pi variables in 9e-06 secs
[INFO] Initiating message passing
[INFO] Factor graph messages have converged in 3 iterations
[INFO] Factor graph messages have converged in 6e-06 secs
[INFO] Ran 1 FactorGraph convergences
[INFO] largestSupportSet 40, numConvergence:1
[INFO] Grouped func nodes in 3e-06 secs
[INFO] Created factor graph with 1 functions on 1 variables in 3e-06 secs
[INFO] Grouped non-pi variables in 7e-06 secs
[INFO] Initiating message passing
[INFO] Factor graph messages have converged in 3 iterations
[INFO] Factor graph messages have converged in 6e-06 secs
[INFO] Ran 1 FactorGraph convergences
[INFO] largestSupportSet 40, numConvergence:1
[INFO] Grouped func nodes in 2e-06 secs
[INFO] Created factor graph with 1 functions on 1 variables in 4e-06 secs
[INFO] Grouped non-pi variables in 8e-06 secs
[INFO] Initiating message passing
[INFO] Factor graph messages have converged in 3 iterations
[INFO] Factor graph messages have converged in 6e-06 secs
[INFO] Ran 1 FactorGraph convergences
[INFO] largestSupportSet 40, numConvergence:1
[INFO] Grouped func nodes in 3e-06 secs
[INFO] Created factor graph with 1 functions on 1 variables in 4e-06 secs
[INFO] Grouped non-pi variables in 9e-06 secs
[INFO] Initiating message passing
[INFO] Factor graph messages have converged in 3 iterations
[INFO] Factor graph messages have converged in 5e-06 secs
[INFO] Ran 1 FactorGraph convergences
[INFO] largestSupportSet 40, numConvergence:1
[INFO] Grouped func nodes in 3e-06 secs
[INFO] Created factor graph with 1 functions on 1 variables in 4e-06 secs
[INFO] Grouped non-pi variables in 7e-06 secs
[INFO] Initiating message passing
[INFO] Factor graph messages have converged in 3 iterations
[INFO] Factor graph messages have converged in 8e-06 secs
[INFO] Ran 1 FactorGraph convergences
[INFO] largestSupportSet 40, numConvergence:1
[INFO] Grouped func nodes in 6e-06 secs
[INFO] Created factor graph with 1 functions on 1 variables in 6e-06 secs
[INFO] Grouped non-pi variables in 1.2e-05 secs
[INFO] Initiating message passing
[INFO] Factor graph messages have converged in 3 iterations
[INFO] Factor graph messages have converged in 7e-06 secs
[INFO] Ran 1 FactorGraph convergences
[INFO] largestSupportSet 40, numConvergence:1
[INFO] Grouped func nodes in 4e-06 secs
[INFO] Created factor graph with 1 functions on 1 variables in 5e-06 secs
[INFO] Grouped non-pi variables in 1e-05 secs
[INFO] Initiating message passing
[INFO] Factor graph messages have converged in 3 iterations
[INFO] Factor graph messages have converged in 7e-06 secs
[INFO] Ran 1 FactorGraph convergences
[INFO] largestSupportSet 40, numConvergence:1
[INFO] Grouped func nodes in 6e-06 secs
[INFO] Created factor graph with 1 functions on 1 variables in 7e-06 secs
[INFO] Grouped non-pi variables in 1.4e-05 secs
[INFO] Initiating message passing
[INFO] Factor graph messages have converged in 3 iterations
[INFO] Factor graph messages have converged in 7e-06 secs
[INFO] Ran 1 FactorGraph convergences
[INFO] largestSupportSet 40, numConvergence:1
[INFO] Grouped func nodes in 4e-06 secs
[INFO] Created factor graph with 1 functions on 1 variables in 4e-06 secs
[INFO] Grouped non-pi variables in 7e-06 secs
[INFO] Initiating message passing
[INFO] Factor graph messages have converged in 3 iterations
[INFO] Factor graph messages have converged in 5e-06 secs
[INFO] Ran 1 FactorGraph convergences
[INFO] largestSupportSet 40, numConvergence:1
[INFO] Grouped func nodes in 5e-06 secs
[INFO] Created factor graph with 1 functions on 1 variables in 8e-06 secs
[INFO] Grouped non-pi variables in 1.3e-05 secs
[INFO] Initiating message passing
[INFO] Factor graph messages have converged in 3 iterations
[INFO] Factor graph messages have converged in 8e-06 secs
[INFO] Ran 1 FactorGraph convergences
[INFO] largestSupportSet 40, numConvergence:1
[INFO] Grouped func nodes in 7e-06 secs
[INFO] Created factor graph with 1 functions on 1 variables in 4e-06 secs
[INFO] Grouped non-pi variables in 2.2e-05 secs
[INFO] Initiating message passing
[INFO] Factor graph messages have converged in 3 iterations
[INFO] Factor graph messages have converged in 6e-06 secs
[INFO] Ran 1 FactorGraph convergences
[INFO] largestSupportSet 40, numConvergence:1
[INFO] Grouped func nodes in 4e-06 secs
[INFO] Created factor graph with 1 functions on 1 variables in 6e-06 secs
[INFO] Grouped non-pi variables in 1.1e-05 secs
[INFO] Initiating message passing
[INFO] Factor graph messages have converged in 3 iterations
[INFO] Factor graph messages have converged in 7e-06 secs
[INFO] Ran 1 FactorGraph convergences
[INFO] largestSupportSet 40, numConvergence:1
[INFO] Grouped func nodes in 6e-06 secs
[INFO] Created factor graph with 1 functions on 1 variables in 6e-06 secs
[INFO] Grouped non-pi variables in 1e-05 secs
[INFO] Initiating message passing
[INFO] Factor graph messages have converged in 3 iterations
[INFO] Factor graph messages have converged in 7e-06 secs
[INFO] Ran 1 FactorGraph convergences
[INFO] largestSupportSet 40, numConvergence:1
[INFO] Grouped func nodes in 4e-06 secs
[INFO] Created factor graph with 1 functions on 1 variables in 7e-06 secs
[INFO] Grouped non-pi variables in 2.7e-05 secs
[INFO] Initiating message passing
[INFO] Factor graph messages have converged in 3 iterations
[INFO] Factor graph messages have converged in 1.3e-05 secs
[INFO] Ran 1 FactorGraph convergences
[INFO] largestSupportSet 40, numConvergence:1
[INFO] Grouped func nodes in 8e-06 secs
[INFO] Created factor graph with 1 functions on 1 variables in 6e-06 secs
[INFO] Grouped non-pi variables in 1.1e-05 secs
[INFO] Initiating message passing
[INFO] Factor graph messages have converged in 3 iterations
[INFO] Factor graph messages have converged in 7e-06 secs
[INFO] Ran 1 FactorGraph convergences
[INFO] largestSupportSet 40, numConvergence:1
[INFO] Grouped func nodes in 5e-06 secs
[INFO] Created factor graph with 1 functions on 1 variables in 6e-06 secs
[INFO] Grouped non-pi variables in 1.1e-05 secs
[INFO] Initiating message passing
[INFO] Factor graph messages have converged in 3 iterations
[INFO] Factor graph messages have converged in 8e-06 secs
[INFO] Ran 1 FactorGraph convergences
[INFO] largestSupportSet 40, numConvergence:1
[INFO] Grouped func nodes in 8e-06 secs
[INFO] Created factor graph with 1 functions on 1 variables in 8e-06 secs
[INFO] Grouped non-pi variables in 1.3e-05 secs
[INFO] Initiating message passing
[INFO] Factor graph messages have converged in 3 iterations
[INFO] Factor graph messages have converged in 8e-06 secs
[INFO] Ran 1 FactorGraph convergences
[INFO] largestSupportSet 40, numConvergence:1
[INFO] Grouped func nodes in 5e-06 secs
[INFO] Created factor graph with 1 functions on 1 variables in 5e-06 secs
[INFO] Grouped non-pi variables in 1e-05 secs
[INFO] Initiating message passing
[INFO] Factor graph messages have converged in 3 iterations
[INFO] Factor graph messages have converged in 8e-06 secs
[INFO] Ran 1 FactorGraph convergences
[INFO] largestSupportSet 40, numConvergence:1
[INFO] Grouped func nodes in 4e-06 secs
[INFO] Created factor graph with 1 functions on 1 variables in 5e-06 secs
[INFO] Grouped non-pi variables in 9e-06 secs
[INFO] Initiating message passing
[INFO] Factor graph messages have converged in 3 iterations
[INFO] Factor graph messages have converged in 7e-06 secs
[INFO] Ran 1 FactorGraph convergences
[INFO] largestSupportSet 40, numConvergence:1
[INFO] Grouped func nodes in 4e-06 secs
[INFO] Created factor graph with 1 functions on 1 variables in 6e-06 secs
[INFO] Grouped non-pi variables in 2e-05 secs
[INFO] Initiating message passing
[INFO] Factor graph messages have converged in 3 iterations
[INFO] Factor graph messages have converged in 7e-06 secs
[INFO] Ran 1 FactorGraph convergences
[INFO] largestSupportSet 40, numConvergence:1
[INFO] Grouped func nodes in 6e-06 secs
[INFO] Created factor graph with 1 functions on 1 variables in 5e-06 secs
[INFO] Grouped non-pi variables in 1.1e-05 secs
[INFO] Initiating message passing
[INFO] Factor graph messages have converged in 3 iterations
[INFO] Factor graph messages have converged in 7e-06 secs
[INFO] Ran 1 FactorGraph convergences
[INFO] largestSupportSet 40, numConvergence:1
[INFO] Grouped func nodes in 5e-06 secs
[INFO] Created factor graph with 1 functions on 1 variables in 4e-06 secs
[INFO] Grouped non-pi variables in 9e-06 secs
[INFO] Initiating message passing
[INFO] Factor graph messages have converged in 3 iterations
[INFO] Factor graph messages have converged in 8e-06 secs
[INFO] Ran 1 FactorGraph convergences
[INFO] largestSupportSet 40, numConvergence:1
scripts/ganak.sh /home/parakram/Software/DDP/FactorGraph/src/experiments/20200123/results/6s292rb037_bdd.blif_40_1.cnf
c Outputting solution to console
c GANAK version 1.0.0
The value of delta is 0.05
The value of hashrange is 64x1
Cannot open file: /home/parakram/Software/DDP/FactorGraph/src/experiments/20200123/results/6s292rb037_bdd.blif_40_1.cnf
The total user time taken by ganak is:  0.0
skipping 6s292rb037_bdd.blif_40_5 as the previous run failed
skipping 6s292rb037_bdd.blif_40_10 as the previous run failed
skipping 6s292rb037_bdd.blif_40_20 as the previous run failed
