blif_solve/blif_solve --under_approximating_method Skip --largest_support_set 1 --num_convergence 1 --over_approximating_method FactorGraphApprox --verbosity INFO --seed 20200123 ../../data_sets/bddblif/6s41_bdd.blif --diff_output_path experiments/20200123/results/6s41_bdd.blif_1_1.cnf
[INFO] created 959 factors with 1935 vars (19 primary inputs + 1916 others) in 4.38879 sec
[INFO] Executing over approximating method FactorGraphApprox
[INFO] processing 15 partitions
[INFO] largestSupportSet 1, numConvergence:1
[INFO] Grouped func nodes in 9e-06 secs
[INFO] Created factor graph with 1 functions on 2 variables in 2.5e-05 secs
[INFO] Grouped non-pi variables in 3.2e-05 secs
[INFO] Initiating message passing
[INFO] Factor graph messages have converged in 1 iterations
[INFO] Factor graph messages have converged in 1.8e-05 secs
[INFO] Ran 1 FactorGraph convergences
[INFO] largestSupportSet 1, numConvergence:1
[INFO] Grouped func nodes in 5e-06 secs
[INFO] Created factor graph with 1 functions on 2 variables in 7e-06 secs
[INFO] Grouped non-pi variables in 1.4e-05 secs
[INFO] Initiating message passing
[INFO] Factor graph messages have converged in 1 iterations
[INFO] Factor graph messages have converged in 7e-06 secs
[INFO] Ran 1 FactorGraph convergences
[INFO] largestSupportSet 1, numConvergence:1
[INFO] Grouped func nodes in 4e-06 secs
[INFO] Created factor graph with 1 functions on 2 variables in 5e-06 secs
[INFO] Grouped non-pi variables in 1e-05 secs
[INFO] Initiating message passing
[INFO] Factor graph messages have converged in 1 iterations
[INFO] Factor graph messages have converged in 6e-06 secs
[INFO] Ran 1 FactorGraph convergences
[INFO] largestSupportSet 1, numConvergence:1
[INFO] Grouped func nodes in 3e-06 secs
[INFO] Created factor graph with 1 functions on 1 variables in 5e-06 secs
[INFO] Grouped non-pi variables in 9e-06 secs
[INFO] Initiating message passing
[INFO] Factor graph messages have converged in 3 iterations
[INFO] Factor graph messages have converged in 7e-06 secs
[INFO] Ran 1 FactorGraph convergences
[INFO] largestSupportSet 1, numConvergence:1
scripts/ganak.sh /home/parakram/Software/DDP/FactorGraph/src/experiments/20200123/results/6s41_bdd.blif_1_1.cnf
c Outputting solution to console
c GANAK version 1.0.0
The value of delta is 0.05
The value of hashrange is 64x1
Cannot open file: /home/parakram/Software/DDP/FactorGraph/src/experiments/20200123/results/6s41_bdd.blif_1_1.cnf
The total user time taken by ganak is:  0.0
skipping 6s41_bdd.blif_1_5 as the previous run failed
skipping 6s41_bdd.blif_1_10 as the previous run failed
skipping 6s41_bdd.blif_1_20 as the previous run failed
blif_solve/blif_solve --under_approximating_method Skip --largest_support_set 5 --num_convergence 1 --over_approximating_method FactorGraphApprox --verbosity INFO --seed 20200123 ../../data_sets/bddblif/6s41_bdd.blif --diff_output_path experiments/20200123/results/6s41_bdd.blif_5_1.cnf
[INFO] created 959 factors with 1935 vars (19 primary inputs + 1916 others) in 4.38126 sec
[INFO] Executing over approximating method FactorGraphApprox
[INFO] processing 15 partitions
[INFO] largestSupportSet 5, numConvergence:1
[INFO] Grouped func nodes in 1.3e-05 secs
[INFO] Created factor graph with 1 functions on 1 variables in 2e-05 secs
[INFO] Grouped non-pi variables in 3e-05 secs
[INFO] Initiating message passing
[INFO] Factor graph messages have converged in 3 iterations
[INFO] Factor graph messages have converged in 9e-06 secs
[INFO] Ran 1 FactorGraph convergences
[INFO] largestSupportSet 5, numConvergence:1
[INFO] Grouped func nodes in 7e-06 secs
[INFO] Created factor graph with 1 functions on 1 variables in 6e-06 secs
[INFO] Grouped non-pi variables in 1.2e-05 secs
[INFO] Initiating message passing
[INFO] Factor graph messages have converged in 3 iterations
[INFO] Factor graph messages have converged in 7e-06 secs
[INFO] Ran 1 FactorGraph convergences
[INFO] largestSupportSet 5, numConvergence:1
[INFO] Grouped func nodes in 5e-06 secs
[INFO] Created factor graph with 1 functions on 1 variables in 6e-06 secs
[INFO] Grouped non-pi variables in 1.9e-05 secs
[INFO] Initiating message passing
[INFO] Factor graph messages have converged in 3 iterations
[INFO] Factor graph messages have converged in 7e-06 secs
[INFO] Ran 1 FactorGraph convergences
[INFO] largestSupportSet 5, numConvergence:1
[INFO] Grouped func nodes in 3e-06 secs
[INFO] Created factor graph with 1 functions on 1 variables in 4e-06 secs
[INFO] Grouped non-pi variables in 9e-06 secs
[INFO] Initiating message passing
[INFO] Factor graph messages have converged in 3 iterations
[INFO] Factor graph messages have converged in 6e-06 secs
[INFO] Ran 1 FactorGraph convergences
[INFO] largestSupportSet 5, numConvergence:1
scripts/ganak.sh /home/parakram/Software/DDP/FactorGraph/src/experiments/20200123/results/6s41_bdd.blif_5_1.cnf
c Outputting solution to console
c GANAK version 1.0.0
The value of delta is 0.05
The value of hashrange is 64x1
Cannot open file: /home/parakram/Software/DDP/FactorGraph/src/experiments/20200123/results/6s41_bdd.blif_5_1.cnf
The total user time taken by ganak is:  0.0
skipping 6s41_bdd.blif_5_5 as the previous run failed
skipping 6s41_bdd.blif_5_10 as the previous run failed
skipping 6s41_bdd.blif_5_20 as the previous run failed
blif_solve/blif_solve --under_approximating_method Skip --largest_support_set 10 --num_convergence 1 --over_approximating_method FactorGraphApprox --verbosity INFO --seed 20200123 ../../data_sets/bddblif/6s41_bdd.blif --diff_output_path experiments/20200123/results/6s41_bdd.blif_10_1.cnf
[INFO] created 959 factors with 1935 vars (19 primary inputs + 1916 others) in 4.43268 sec
[INFO] Executing over approximating method FactorGraphApprox
[INFO] processing 15 partitions
[INFO] largestSupportSet 10, numConvergence:1
[INFO] Grouped func nodes in 1.5e-05 secs
[INFO] Created factor graph with 1 functions on 1 variables in 2.7e-05 secs
[INFO] Grouped non-pi variables in 3.6e-05 secs
[INFO] Initiating message passing
[INFO] Factor graph messages have converged in 3 iterations
[INFO] Factor graph messages have converged in 1e-05 secs
[INFO] Ran 1 FactorGraph convergences
[INFO] largestSupportSet 10, numConvergence:1
[INFO] Grouped func nodes in 8e-06 secs
[INFO] Created factor graph with 1 functions on 1 variables in 7e-06 secs
[INFO] Grouped non-pi variables in 1.3e-05 secs
[INFO] Initiating message passing
[INFO] Factor graph messages have converged in 3 iterations
[INFO] Factor graph messages have converged in 7e-06 secs
[INFO] Ran 1 FactorGraph convergences
[INFO] largestSupportSet 10, numConvergence:1
[INFO] Grouped func nodes in 6e-06 secs
[INFO] Created factor graph with 1 functions on 1 variables in 6e-06 secs
[INFO] Grouped non-pi variables in 1.2e-05 secs
[INFO] Initiating message passing
[INFO] Factor graph messages have converged in 3 iterations
[INFO] Factor graph messages have converged in 8e-06 secs
[INFO] Ran 1 FactorGraph convergences
[INFO] largestSupportSet 10, numConvergence:1
[INFO] Grouped func nodes in 3e-06 secs
[INFO] Created factor graph with 1 functions on 1 variables in 5e-06 secs
[INFO] Grouped non-pi variables in 1e-05 secs
[INFO] Initiating message passing
[INFO] Factor graph messages have converged in 3 iterations
[INFO] Factor graph messages have converged in 7e-06 secs
[INFO] Ran 1 FactorGraph convergences
[INFO] largestSupportSet 10, numConvergence:1
scripts/ganak.sh /home/parakram/Software/DDP/FactorGraph/src/experiments/20200123/results/6s41_bdd.blif_10_1.cnf
c Outputting solution to console
c GANAK version 1.0.0
The value of delta is 0.05
The value of hashrange is 64x1
Cannot open file: /home/parakram/Software/DDP/FactorGraph/src/experiments/20200123/results/6s41_bdd.blif_10_1.cnf
The total user time taken by ganak is:  0.0
skipping 6s41_bdd.blif_10_5 as the previous run failed
skipping 6s41_bdd.blif_10_10 as the previous run failed
skipping 6s41_bdd.blif_10_20 as the previous run failed
blif_solve/blif_solve --under_approximating_method Skip --largest_support_set 20 --num_convergence 1 --over_approximating_method FactorGraphApprox --verbosity INFO --seed 20200123 ../../data_sets/bddblif/6s41_bdd.blif --diff_output_path experiments/20200123/results/6s41_bdd.blif_20_1.cnf
[INFO] created 959 factors with 1935 vars (19 primary inputs + 1916 others) in 4.41615 sec
[INFO] Executing over approximating method FactorGraphApprox
[INFO] processing 15 partitions
[INFO] largestSupportSet 20, numConvergence:1
[INFO] Grouped func nodes in 1.7e-05 secs
[INFO] Created factor graph with 1 functions on 1 variables in 2.7e-05 secs
[INFO] Grouped non-pi variables in 4e-05 secs
[INFO] Initiating message passing
[INFO] Factor graph messages have converged in 3 iterations
[INFO] Factor graph messages have converged in 1.2e-05 secs
[INFO] Ran 1 FactorGraph convergences
[INFO] largestSupportSet 20, numConvergence:1
[INFO] Grouped func nodes in 9e-06 secs
[INFO] Created factor graph with 1 functions on 1 variables in 8e-06 secs
[INFO] Grouped non-pi variables in 1.9e-05 secs
[INFO] Initiating message passing
[INFO] Factor graph messages have converged in 3 iterations
[INFO] Factor graph messages have converged in 7e-06 secs
[INFO] Ran 1 FactorGraph convergences
[INFO] largestSupportSet 20, numConvergence:1
[INFO] Grouped func nodes in 6e-06 secs
[INFO] Created factor graph with 1 functions on 1 variables in 6e-06 secs
[INFO] Grouped non-pi variables in 1.4e-05 secs
[INFO] Initiating message passing
[INFO] Factor graph messages have converged in 3 iterations
[INFO] Factor graph messages have converged in 7e-06 secs
[INFO] Ran 1 FactorGraph convergences
[INFO] largestSupportSet 20, numConvergence:1
[INFO] Grouped func nodes in 3e-06 secs
[INFO] Created factor graph with 1 functions on 1 variables in 5e-06 secs
[INFO] Grouped non-pi variables in 9e-06 secs
[INFO] Initiating message passing
[INFO] Factor graph messages have converged in 3 iterations
[INFO] Factor graph messages have converged in 6e-06 secs
[INFO] Ran 1 FactorGraph convergences
[INFO] largestSupportSet 20, numConvergence:1
scripts/ganak.sh /home/parakram/Software/DDP/FactorGraph/src/experiments/20200123/results/6s41_bdd.blif_20_1.cnf
c Outputting solution to console
c GANAK version 1.0.0
The value of delta is 0.05
The value of hashrange is 64x1
Cannot open file: /home/parakram/Software/DDP/FactorGraph/src/experiments/20200123/results/6s41_bdd.blif_20_1.cnf
The total user time taken by ganak is:  0.0
skipping 6s41_bdd.blif_20_5 as the previous run failed
skipping 6s41_bdd.blif_20_10 as the previous run failed
skipping 6s41_bdd.blif_20_20 as the previous run failed
blif_solve/blif_solve --under_approximating_method Skip --largest_support_set 40 --num_convergence 1 --over_approximating_method FactorGraphApprox --verbosity INFO --seed 20200123 ../../data_sets/bddblif/6s41_bdd.blif --diff_output_path experiments/20200123/results/6s41_bdd.blif_40_1.cnf
[INFO] created 959 factors with 1935 vars (19 primary inputs + 1916 others) in 4.42621 sec
[INFO] Executing over approximating method FactorGraphApprox
[INFO] processing 15 partitions
[INFO] largestSupportSet 40, numConvergence:1
[INFO] Grouped func nodes in 1.9e-05 secs
[INFO] Created factor graph with 1 functions on 1 variables in 2.8e-05 secs
[INFO] Grouped non-pi variables in 4e-05 secs
[INFO] Initiating message passing
[INFO] Factor graph messages have converged in 3 iterations
[INFO] Factor graph messages have converged in 1.1e-05 secs
[INFO] Ran 1 FactorGraph convergences
[INFO] largestSupportSet 40, numConvergence:1
[INFO] Grouped func nodes in 8e-06 secs
[INFO] Created factor graph with 1 functions on 1 variables in 8e-06 secs
[INFO] Grouped non-pi variables in 1.8e-05 secs
[INFO] Initiating message passing
[INFO] Factor graph messages have converged in 3 iterations
[INFO] Factor graph messages have converged in 8e-06 secs
[INFO] Ran 1 FactorGraph convergences
[INFO] largestSupportSet 40, numConvergence:1
[INFO] Grouped func nodes in 7e-06 secs
[INFO] Created factor graph with 1 functions on 1 variables in 7e-06 secs
[INFO] Grouped non-pi variables in 1.4e-05 secs
[INFO] Initiating message passing
[INFO] Factor graph messages have converged in 3 iterations
[INFO] Factor graph messages have converged in 7e-06 secs
[INFO] Ran 1 FactorGraph convergences
[INFO] largestSupportSet 40, numConvergence:1
[INFO] Grouped func nodes in 3e-06 secs
[INFO] Created factor graph with 1 functions on 1 variables in 5e-06 secs
[INFO] Grouped non-pi variables in 9e-06 secs
[INFO] Initiating message passing
[INFO] Factor graph messages have converged in 3 iterations
[INFO] Factor graph messages have converged in 6e-06 secs
[INFO] Ran 1 FactorGraph convergences
[INFO] largestSupportSet 40, numConvergence:1
scripts/ganak.sh /home/parakram/Software/DDP/FactorGraph/src/experiments/20200123/results/6s41_bdd.blif_40_1.cnf
c Outputting solution to console
c GANAK version 1.0.0
The value of delta is 0.05
The value of hashrange is 64x1
Cannot open file: /home/parakram/Software/DDP/FactorGraph/src/experiments/20200123/results/6s41_bdd.blif_40_1.cnf
The total user time taken by ganak is:  0.0
skipping 6s41_bdd.blif_40_5 as the previous run failed
skipping 6s41_bdd.blif_40_10 as the previous run failed
skipping 6s41_bdd.blif_40_20 as the previous run failed
