blif_solve/blif_solve --under_approximating_method Skip --largest_support_set 1 --num_convergence 1 --over_approximating_method FactorGraphApprox --verbosity INFO --seed 20200123 ../../data_sets/bddblif/6s4_bdd.blif --diff_output_path experiments/20200123/results/6s4_bdd.blif_1_1.cnf
[INFO] created 202 factors with 613 vars (209 primary inputs + 404 others) in 0.904625 sec
[INFO] Executing over approximating method FactorGraphApprox
[INFO] processing 3 partitions
[INFO] largestSupportSet 1, numConvergence:1
[INFO] Grouped func nodes in 20.3329 secs
[INFO] Created factor graph with 200 functions on 402 variables in 0.3765 secs
[INFO] Grouped non-pi variables in 0.401005 secs
[INFO] Initiating message passing
[INFO] Factor graph messages have converged in 1 iterations
[INFO] Factor graph messages have converged in 0.798223 secs
[INFO] Ran 1 FactorGraph convergences
[INFO] largestSupportSet 1, numConvergence:1
[INFO] Grouped func nodes in 7.002e-06 secs
[INFO] Created factor graph with 1 functions on 1 variables in 9.397e-06 secs
[INFO] Grouped non-pi variables in 1.4264e-05 secs
[INFO] Initiating message passing
[INFO] Factor graph messages have converged in 3 iterations
[INFO] Factor graph messages have converged in 9.039e-06 secs
[INFO] Ran 1 FactorGraph convergences
[INFO] largestSupportSet 1, numConvergence:1
[INFO] Grouped func nodes in 2.241e-06 secs
[INFO] Created factor graph with 1 functions on 1 variables in 3.604e-06 secs
[INFO] Grouped non-pi variables in 7.535e-06 secs
[INFO] Initiating message passing
[INFO] Factor graph messages have converged in 3 iterations
[INFO] Factor graph messages have converged in 5.78e-06 secs
[INFO] Ran 1 FactorGraph convergences
[INFO] Finished over approximating method FactorGraphApprox in 21.7885 sec
[INFO] SUCCESS 6s4_bdd.blif
scripts/ganak.sh /home/parakram/Software/DDP/FactorGraph/src/experiments/20200123/results/6s4_bdd.blif_1_1.cnf
c Outputting solution to console
c GANAK version 1.0.0
The value of delta is 0.05
The value of hashrange is 64x1
Solving /home/parakram/Software/DDP/FactorGraph/src/experiments/20200123/results/6s4_bdd.blif_1_1.cnf
variables (all/used/free): 	405/405/0
clauses (all/long/binary/unit): 4/0/0/4
Sampling set is present, performing projected model counting 
Sampling set size: 404
Sampling set:  1 2 3 4 5 6 7 8 9 10 11 12 13 14 15 16 17 18 19 20 21 22 23 24 25 26 27 28 29 30 31 32 33 34 35 36 37 38 39 40 41 42 43 44 45 46 47 48 49 50 51 52 53 54 55 56 57 58 59 60 61 62 63 64 65 66 67 68 69 70 71 72 73 74 75 76 77 78 79 80 81 82 83 84 85 86 87 88 89 90 91 92 93 94 95 96 97 98 99 100 101 102 103 104 105 106 107 108 109 110 111 112 113 114 115 116 117 118 119 120 121 122 123 124 125 126 127 128 129 130 131 132 133 134 135 136 137 138 139 140 141 142 143 144 145 146 147 148 149 150 151 152 153 154 155 156 157 158 159 160 161 162 163 164 165 166 167 168 169 170 171 172 173 174 175 176 177 178 179 180 181 182 183 184 185 186 187 188 189 190 191 192 193 194 195 196 197 198 199 200 201 202 203 204 205 206 207 208 209 210 211 212 213 214 215 216 217 218 219 220 221 222 223 224 225 226 227 228 229 230 231 232 233 234 235 236 237 238 239 240 241 242 243 244 245 246 247 248 249 250 251 252 253 254 255 256 257 258 259 260 261 262 263 264 265 266 267 268 269 270 271 272 273 274 275 276 277 278 279 280 281 282 283 284 285 286 287 288 289 290 291 292 293 294 295 296 297 298 299 300 301 302 303 304 305 306 307 308 309 310 311 312 313 314 315 316 317 318 319 320 321 322 323 324 325 326 327 328 329 330 331 332 333 334 335 336 337 338 339 340 341 342 343 344 345 346 347 348 349 350 351 352 353 354 355 356 357 358 359 360 361 362 363 364 365 366 367 368 369 370 371 372 373 374 375 376 377 378 379 380 381 382 383 384 385 386 387 388 389 390 391 392 393 394 395 396 397 398 399 400 401 402 403 404

Preprocessing ..
 DONE
variables (all/used/free): 	402/0/402
clauses (all/long/binary/unit): 0/0/0/0
Maximum cache size:	2000 MB



variables (total / active / free)	402/0/402
clauses (removed) 			4 (4)
decisions 				0
Max. decision level 			0
conflicts 				0
conflict clauses (all/bin/unit) 	0/0/0

failed literals found by implicit BCP 	 0
implicit BCP miss rate 	 0%
bytes cache size     	20234504	
bytes cache (overall) 	20234504
bytes cache components (overall) 	96
bytes cache (infra / comps) 20234408/96	
bytes pure comp data (curr)    4
bytes pure comp data (overall) 4
bytes cache with sysoverh (curr)    160
bytes cache with sysoverh (overall) 160
cache (lookup / stores / hits) 			0/1/0
cache miss rate 0%
 avg. variable count (stores / hits) 	0/0


# solutions 
10328999512347634358623676688012047497318823171316894051322637426162590488067364778518581413120551325743612687890989973504
# END

time: 0.00318s

The total user time taken by ganak is:  0.0
blif_solve/blif_solve --under_approximating_method Skip --largest_support_set 1 --num_convergence 5 --over_approximating_method FactorGraphApprox --verbosity INFO --seed 20200123 ../../data_sets/bddblif/6s4_bdd.blif --diff_output_path experiments/20200123/results/6s4_bdd.blif_1_5.cnf
[INFO] created 202 factors with 613 vars (209 primary inputs + 404 others) in 0.896848 sec
[INFO] Executing over approximating method FactorGraphApprox
[INFO] processing 3 partitions
[INFO] largestSupportSet 1, numConvergence:5
[INFO] Grouped func nodes in 20.5636 secs
[INFO] Created factor graph with 200 functions on 402 variables in 0.381762 secs
[INFO] Grouped non-pi variables in 0.406795 secs
[INFO] Initiating message passing
[INFO] Factor graph messages have converged in 1 iterations
[INFO] Factor graph messages have converged in 0.827146 secs
[INFO] Grouped func nodes in 54.9176 secs
[INFO] Created factor graph with 200 functions on 402 variables in 0.372668 secs
[INFO] Grouped non-pi variables in 0.40388 secs
[INFO] Initiating message passing
[INFO] Factor graph messages have converged in 1 iterations
[INFO] Factor graph messages have converged in 0.856686 secs
[INFO] Ran 2 FactorGraph convergences
[INFO] largestSupportSet 1, numConvergence:5
[INFO] Grouped func nodes in 4.969e-06 secs
[INFO] Created factor graph with 1 functions on 1 variables in 6.885e-06 secs
[INFO] Grouped non-pi variables in 9.816e-06 secs
[INFO] Initiating message passing
[INFO] Factor graph messages have converged in 3 iterations
[INFO] Factor graph messages have converged in 6.139e-06 secs
[INFO] Grouped func nodes in 1.176e-06 secs
[INFO] Created factor graph with 1 functions on 1 variables in 1.736e-06 secs
[INFO] Grouped non-pi variables in 4.603e-06 secs
[INFO] Initiating message passing
[INFO] Factor graph messages have converged in 3 iterations
[INFO] Factor graph messages have converged in 8.754e-06 secs
[INFO] Ran 2 FactorGraph convergences
[INFO] largestSupportSet 1, numConvergence:5
[INFO] Grouped func nodes in 1.78e-06 secs
[INFO] Created factor graph with 1 functions on 1 variables in 2.864e-06 secs
[INFO] Grouped non-pi variables in 5.817e-06 secs
[INFO] Initiating message passing
[INFO] Factor graph messages have converged in 3 iterations
[INFO] Factor graph messages have converged in 5.11e-06 secs
[INFO] Grouped func nodes in 1.47e-06 secs
[INFO] Created factor graph with 1 functions on 1 variables in 2.925e-06 secs
[INFO] Grouped non-pi variables in 6.543e-06 secs
[INFO] Initiating message passing
[INFO] Factor graph messages have converged in 3 iterations
[INFO] Factor graph messages have converged in 5.234e-06 secs
[INFO] Ran 2 FactorGraph convergences
[INFO] Finished over approximating method FactorGraphApprox in 78.4907 sec
[INFO] SUCCESS 6s4_bdd.blif
scripts/ganak.sh /home/parakram/Software/DDP/FactorGraph/src/experiments/20200123/results/6s4_bdd.blif_1_5.cnf
c Outputting solution to console
c GANAK version 1.0.0
The value of delta is 0.05
The value of hashrange is 64x1
Solving /home/parakram/Software/DDP/FactorGraph/src/experiments/20200123/results/6s4_bdd.blif_1_5.cnf
variables (all/used/free): 	405/405/0
clauses (all/long/binary/unit): 4/0/0/4
Sampling set is present, performing projected model counting 
Sampling set size: 404
Sampling set:  1 2 3 4 5 6 7 8 9 10 11 12 13 14 15 16 17 18 19 20 21 22 23 24 25 26 27 28 29 30 31 32 33 34 35 36 37 38 39 40 41 42 43 44 45 46 47 48 49 50 51 52 53 54 55 56 57 58 59 60 61 62 63 64 65 66 67 68 69 70 71 72 73 74 75 76 77 78 79 80 81 82 83 84 85 86 87 88 89 90 91 92 93 94 95 96 97 98 99 100 101 102 103 104 105 106 107 108 109 110 111 112 113 114 115 116 117 118 119 120 121 122 123 124 125 126 127 128 129 130 131 132 133 134 135 136 137 138 139 140 141 142 143 144 145 146 147 148 149 150 151 152 153 154 155 156 157 158 159 160 161 162 163 164 165 166 167 168 169 170 171 172 173 174 175 176 177 178 179 180 181 182 183 184 185 186 187 188 189 190 191 192 193 194 195 196 197 198 199 200 201 202 203 204 205 206 207 208 209 210 211 212 213 214 215 216 217 218 219 220 221 222 223 224 225 226 227 228 229 230 231 232 233 234 235 236 237 238 239 240 241 242 243 244 245 246 247 248 249 250 251 252 253 254 255 256 257 258 259 260 261 262 263 264 265 266 267 268 269 270 271 272 273 274 275 276 277 278 279 280 281 282 283 284 285 286 287 288 289 290 291 292 293 294 295 296 297 298 299 300 301 302 303 304 305 306 307 308 309 310 311 312 313 314 315 316 317 318 319 320 321 322 323 324 325 326 327 328 329 330 331 332 333 334 335 336 337 338 339 340 341 342 343 344 345 346 347 348 349 350 351 352 353 354 355 356 357 358 359 360 361 362 363 364 365 366 367 368 369 370 371 372 373 374 375 376 377 378 379 380 381 382 383 384 385 386 387 388 389 390 391 392 393 394 395 396 397 398 399 400 401 402 403 404

Preprocessing ..
 DONE
variables (all/used/free): 	402/0/402
clauses (all/long/binary/unit): 0/0/0/0
Maximum cache size:	2000 MB



variables (total / active / free)	402/0/402
clauses (removed) 			4 (4)
decisions 				0
Max. decision level 			0
conflicts 				0
conflict clauses (all/bin/unit) 	0/0/0

failed literals found by implicit BCP 	 0
implicit BCP miss rate 	 0%
bytes cache size     	20234504	
bytes cache (overall) 	20234504
bytes cache components (overall) 	96
bytes cache (infra / comps) 20234408/96	
bytes pure comp data (curr)    4
bytes pure comp data (overall) 4
bytes cache with sysoverh (curr)    160
bytes cache with sysoverh (overall) 160
cache (lookup / stores / hits) 			0/1/0
cache miss rate 0%
 avg. variable count (stores / hits) 	0/0


# solutions 
10328999512347634358623676688012047497318823171316894051322637426162590488067364778518581413120551325743612687890989973504
# END

time: 0.003159s

The total user time taken by ganak is:  0.0
blif_solve/blif_solve --under_approximating_method Skip --largest_support_set 1 --num_convergence 10 --over_approximating_method FactorGraphApprox --verbosity INFO --seed 20200123 ../../data_sets/bddblif/6s4_bdd.blif --diff_output_path experiments/20200123/results/6s4_bdd.blif_1_10.cnf
[INFO] created 202 factors with 613 vars (209 primary inputs + 404 others) in 0.903966 sec
[INFO] Executing over approximating method FactorGraphApprox
[INFO] processing 3 partitions
[INFO] largestSupportSet 1, numConvergence:10
[INFO] Grouped func nodes in 20.3661 secs
[INFO] Created factor graph with 200 functions on 402 variables in 0.381517 secs
[INFO] Grouped non-pi variables in 0.41163 secs
[INFO] Initiating message passing
[INFO] Factor graph messages have converged in 1 iterations
[INFO] Factor graph messages have converged in 0.837199 secs
[INFO] Grouped func nodes in 55.1434 secs
[INFO] Created factor graph with 200 functions on 402 variables in 0.380833 secs
[INFO] Grouped non-pi variables in 0.409984 secs
[INFO] Initiating message passing
[INFO] Factor graph messages have converged in 1 iterations
[INFO] Factor graph messages have converged in 0.816295 secs
[INFO] Ran 2 FactorGraph convergences
[INFO] largestSupportSet 1, numConvergence:10
[INFO] Grouped func nodes in 5.138e-06 secs
[INFO] Created factor graph with 1 functions on 1 variables in 6.74e-06 secs
[INFO] Grouped non-pi variables in 9.927e-06 secs
[INFO] Initiating message passing
[INFO] Factor graph messages have converged in 3 iterations
[INFO] Factor graph messages have converged in 7.204e-06 secs
[INFO] Grouped func nodes in 1.899e-06 secs
[INFO] Created factor graph with 1 functions on 1 variables in 3.263e-06 secs
[INFO] Grouped non-pi variables in 7.968e-06 secs
[INFO] Initiating message passing
[INFO] Factor graph messages have converged in 3 iterations
[INFO] Factor graph messages have converged in 5.538e-06 secs
[INFO] Ran 2 FactorGraph convergences
[INFO] largestSupportSet 1, numConvergence:10
[INFO] Grouped func nodes in 1.797e-06 secs
[INFO] Created factor graph with 1 functions on 1 variables in 2.88e-06 secs
[INFO] Grouped non-pi variables in 6.858e-06 secs
[INFO] Initiating message passing
[INFO] Factor graph messages have converged in 3 iterations
[INFO] Factor graph messages have converged in 6.199e-06 secs
[INFO] Grouped func nodes in 1.579e-06 secs
[INFO] Created factor graph with 1 functions on 1 variables in 3.139e-06 secs
[INFO] Grouped non-pi variables in 6.75e-06 secs
[INFO] Initiating message passing
[INFO] Factor graph messages have converged in 3 iterations
[INFO] Factor graph messages have converged in 5.617e-06 secs
[INFO] Ran 2 FactorGraph convergences
[INFO] Finished over approximating method FactorGraphApprox in 78.5157 sec
[INFO] SUCCESS 6s4_bdd.blif
scripts/ganak.sh /home/parakram/Software/DDP/FactorGraph/src/experiments/20200123/results/6s4_bdd.blif_1_10.cnf
c Outputting solution to console
c GANAK version 1.0.0
The value of delta is 0.05
The value of hashrange is 64x1
Solving /home/parakram/Software/DDP/FactorGraph/src/experiments/20200123/results/6s4_bdd.blif_1_10.cnf
variables (all/used/free): 	405/405/0
clauses (all/long/binary/unit): 4/0/0/4
Sampling set is present, performing projected model counting 
Sampling set size: 404
Sampling set:  1 2 3 4 5 6 7 8 9 10 11 12 13 14 15 16 17 18 19 20 21 22 23 24 25 26 27 28 29 30 31 32 33 34 35 36 37 38 39 40 41 42 43 44 45 46 47 48 49 50 51 52 53 54 55 56 57 58 59 60 61 62 63 64 65 66 67 68 69 70 71 72 73 74 75 76 77 78 79 80 81 82 83 84 85 86 87 88 89 90 91 92 93 94 95 96 97 98 99 100 101 102 103 104 105 106 107 108 109 110 111 112 113 114 115 116 117 118 119 120 121 122 123 124 125 126 127 128 129 130 131 132 133 134 135 136 137 138 139 140 141 142 143 144 145 146 147 148 149 150 151 152 153 154 155 156 157 158 159 160 161 162 163 164 165 166 167 168 169 170 171 172 173 174 175 176 177 178 179 180 181 182 183 184 185 186 187 188 189 190 191 192 193 194 195 196 197 198 199 200 201 202 203 204 205 206 207 208 209 210 211 212 213 214 215 216 217 218 219 220 221 222 223 224 225 226 227 228 229 230 231 232 233 234 235 236 237 238 239 240 241 242 243 244 245 246 247 248 249 250 251 252 253 254 255 256 257 258 259 260 261 262 263 264 265 266 267 268 269 270 271 272 273 274 275 276 277 278 279 280 281 282 283 284 285 286 287 288 289 290 291 292 293 294 295 296 297 298 299 300 301 302 303 304 305 306 307 308 309 310 311 312 313 314 315 316 317 318 319 320 321 322 323 324 325 326 327 328 329 330 331 332 333 334 335 336 337 338 339 340 341 342 343 344 345 346 347 348 349 350 351 352 353 354 355 356 357 358 359 360 361 362 363 364 365 366 367 368 369 370 371 372 373 374 375 376 377 378 379 380 381 382 383 384 385 386 387 388 389 390 391 392 393 394 395 396 397 398 399 400 401 402 403 404

Preprocessing ..
 DONE
variables (all/used/free): 	402/0/402
clauses (all/long/binary/unit): 0/0/0/0
Maximum cache size:	2000 MB



variables (total / active / free)	402/0/402
clauses (removed) 			4 (4)
decisions 				0
Max. decision level 			0
conflicts 				0
conflict clauses (all/bin/unit) 	0/0/0

failed literals found by implicit BCP 	 0
implicit BCP miss rate 	 0%
bytes cache size     	20234504	
bytes cache (overall) 	20234504
bytes cache components (overall) 	96
bytes cache (infra / comps) 20234408/96	
bytes pure comp data (curr)    4
bytes pure comp data (overall) 4
bytes cache with sysoverh (curr)    160
bytes cache with sysoverh (overall) 160
cache (lookup / stores / hits) 			0/1/0
cache miss rate 0%
 avg. variable count (stores / hits) 	0/0


# solutions 
10328999512347634358623676688012047497318823171316894051322637426162590488067364778518581413120551325743612687890989973504
# END

time: 0.003145s

The total user time taken by ganak is:  0.0
blif_solve/blif_solve --under_approximating_method Skip --largest_support_set 1 --num_convergence 20 --over_approximating_method FactorGraphApprox --verbosity INFO --seed 20200123 ../../data_sets/bddblif/6s4_bdd.blif --diff_output_path experiments/20200123/results/6s4_bdd.blif_1_20.cnf
[INFO] created 202 factors with 613 vars (209 primary inputs + 404 others) in 0.936948 sec
[INFO] Executing over approximating method FactorGraphApprox
[INFO] processing 3 partitions
[INFO] largestSupportSet 1, numConvergence:20
[INFO] Grouped func nodes in 20.452 secs
[INFO] Created factor graph with 200 functions on 402 variables in 0.379222 secs
[INFO] Grouped non-pi variables in 0.411385 secs
[INFO] Initiating message passing
[INFO] Factor graph messages have converged in 1 iterations
[INFO] Factor graph messages have converged in 0.806129 secs
[INFO] Grouped func nodes in 54.6248 secs
[INFO] Created factor graph with 200 functions on 402 variables in 0.379195 secs
[INFO] Grouped non-pi variables in 0.408541 secs
[INFO] Initiating message passing
[INFO] Factor graph messages have converged in 1 iterations
[INFO] Factor graph messages have converged in 0.81345 secs
[INFO] Ran 2 FactorGraph convergences
[INFO] largestSupportSet 1, numConvergence:20
[INFO] Grouped func nodes in 7.249e-06 secs
[INFO] Created factor graph with 1 functions on 1 variables in 9.353e-06 secs
[INFO] Grouped non-pi variables in 1.4241e-05 secs
[INFO] Initiating message passing
[INFO] Factor graph messages have converged in 3 iterations
[INFO] Factor graph messages have converged in 8.277e-06 secs
[INFO] Grouped func nodes in 2.036e-06 secs
[INFO] Created factor graph with 1 functions on 1 variables in 3.74e-06 secs
[INFO] Grouped non-pi variables in 7.513e-06 secs
[INFO] Initiating message passing
[INFO] Factor graph messages have converged in 3 iterations
[INFO] Factor graph messages have converged in 5.397e-06 secs
[INFO] Ran 2 FactorGraph convergences
[INFO] largestSupportSet 1, numConvergence:20
[INFO] Grouped func nodes in 1.866e-06 secs
[INFO] Created factor graph with 1 functions on 1 variables in 3.452e-06 secs
[INFO] Grouped non-pi variables in 7.155e-06 secs
[INFO] Initiating message passing
[INFO] Factor graph messages have converged in 3 iterations
[INFO] Factor graph messages have converged in 5.517e-06 secs
[INFO] Grouped func nodes in 1.726e-06 secs
[INFO] Created factor graph with 1 functions on 1 variables in 3.184e-06 secs
[INFO] Grouped non-pi variables in 6.901e-06 secs
[INFO] Initiating message passing
[INFO] Factor graph messages have converged in 3 iterations
[INFO] Factor graph messages have converged in 5.341e-06 secs
[INFO] Ran 2 FactorGraph convergences
[INFO] Finished over approximating method FactorGraphApprox in 78.0463 sec
[INFO] SUCCESS 6s4_bdd.blif
scripts/ganak.sh /home/parakram/Software/DDP/FactorGraph/src/experiments/20200123/results/6s4_bdd.blif_1_20.cnf
c Outputting solution to console
c GANAK version 1.0.0
The value of delta is 0.05
The value of hashrange is 64x1
Solving /home/parakram/Software/DDP/FactorGraph/src/experiments/20200123/results/6s4_bdd.blif_1_20.cnf
variables (all/used/free): 	405/405/0
clauses (all/long/binary/unit): 4/0/0/4
Sampling set is present, performing projected model counting 
Sampling set size: 404
Sampling set:  1 2 3 4 5 6 7 8 9 10 11 12 13 14 15 16 17 18 19 20 21 22 23 24 25 26 27 28 29 30 31 32 33 34 35 36 37 38 39 40 41 42 43 44 45 46 47 48 49 50 51 52 53 54 55 56 57 58 59 60 61 62 63 64 65 66 67 68 69 70 71 72 73 74 75 76 77 78 79 80 81 82 83 84 85 86 87 88 89 90 91 92 93 94 95 96 97 98 99 100 101 102 103 104 105 106 107 108 109 110 111 112 113 114 115 116 117 118 119 120 121 122 123 124 125 126 127 128 129 130 131 132 133 134 135 136 137 138 139 140 141 142 143 144 145 146 147 148 149 150 151 152 153 154 155 156 157 158 159 160 161 162 163 164 165 166 167 168 169 170 171 172 173 174 175 176 177 178 179 180 181 182 183 184 185 186 187 188 189 190 191 192 193 194 195 196 197 198 199 200 201 202 203 204 205 206 207 208 209 210 211 212 213 214 215 216 217 218 219 220 221 222 223 224 225 226 227 228 229 230 231 232 233 234 235 236 237 238 239 240 241 242 243 244 245 246 247 248 249 250 251 252 253 254 255 256 257 258 259 260 261 262 263 264 265 266 267 268 269 270 271 272 273 274 275 276 277 278 279 280 281 282 283 284 285 286 287 288 289 290 291 292 293 294 295 296 297 298 299 300 301 302 303 304 305 306 307 308 309 310 311 312 313 314 315 316 317 318 319 320 321 322 323 324 325 326 327 328 329 330 331 332 333 334 335 336 337 338 339 340 341 342 343 344 345 346 347 348 349 350 351 352 353 354 355 356 357 358 359 360 361 362 363 364 365 366 367 368 369 370 371 372 373 374 375 376 377 378 379 380 381 382 383 384 385 386 387 388 389 390 391 392 393 394 395 396 397 398 399 400 401 402 403 404

Preprocessing ..
 DONE
variables (all/used/free): 	402/0/402
clauses (all/long/binary/unit): 0/0/0/0
Maximum cache size:	2000 MB



variables (total / active / free)	402/0/402
clauses (removed) 			4 (4)
decisions 				0
Max. decision level 			0
conflicts 				0
conflict clauses (all/bin/unit) 	0/0/0

failed literals found by implicit BCP 	 0
implicit BCP miss rate 	 0%
bytes cache size     	20234504	
bytes cache (overall) 	20234504
bytes cache components (overall) 	96
bytes cache (infra / comps) 20234408/96	
bytes pure comp data (curr)    4
bytes pure comp data (overall) 4
bytes cache with sysoverh (curr)    160
bytes cache with sysoverh (overall) 160
cache (lookup / stores / hits) 			0/1/0
cache miss rate 0%
 avg. variable count (stores / hits) 	0/0


# solutions 
10328999512347634358623676688012047497318823171316894051322637426162590488067364778518581413120551325743612687890989973504
# END

time: 0.003773s

The total user time taken by ganak is:  0.0
blif_solve/blif_solve --under_approximating_method Skip --largest_support_set 5 --num_convergence 1 --over_approximating_method FactorGraphApprox --verbosity INFO --seed 20200123 ../../data_sets/bddblif/6s4_bdd.blif --diff_output_path experiments/20200123/results/6s4_bdd.blif_5_1.cnf
[INFO] created 202 factors with 613 vars (209 primary inputs + 404 others) in 0.898234 sec
[INFO] Executing over approximating method FactorGraphApprox
[INFO] processing 3 partitions
[INFO] largestSupportSet 5, numConvergence:1
[INFO] Grouped func nodes in 20.5321 secs
[INFO] Created factor graph with 200 functions on 234 variables in 0.39916 secs
[INFO] Grouped non-pi variables in 0.537957 secs
[INFO] Initiating message passing
[INFO] Factor graph messages have converged in 1 iterations
[INFO] Factor graph messages have converged in 0.806407 secs
[INFO] Ran 1 FactorGraph convergences
[INFO] largestSupportSet 5, numConvergence:1
[INFO] Grouped func nodes in 5.142e-06 secs
[INFO] Created factor graph with 1 functions on 1 variables in 1.4369e-05 secs
[INFO] Grouped non-pi variables in 1.9728e-05 secs
[INFO] Initiating message passing
[INFO] Factor graph messages have converged in 3 iterations
[INFO] Factor graph messages have converged in 1.0495e-05 secs
[INFO] Ran 1 FactorGraph convergences
[INFO] largestSupportSet 5, numConvergence:1
[INFO] Grouped func nodes in 1.424e-06 secs
[INFO] Created factor graph with 1 functions on 1 variables in 4.208e-06 secs
[INFO] Grouped non-pi variables in 7.866e-06 secs
[INFO] Initiating message passing
[INFO] Factor graph messages have converged in 3 iterations
[INFO] Factor graph messages have converged in 6.078e-06 secs
[INFO] Ran 1 FactorGraph convergences
[INFO] Finished over approximating method FactorGraphApprox in 22.1264 sec
[INFO] SUCCESS 6s4_bdd.blif
scripts/ganak.sh /home/parakram/Software/DDP/FactorGraph/src/experiments/20200123/results/6s4_bdd.blif_5_1.cnf
c Outputting solution to console
c GANAK version 1.0.0
The value of delta is 0.05
The value of hashrange is 64x1
Solving /home/parakram/Software/DDP/FactorGraph/src/experiments/20200123/results/6s4_bdd.blif_5_1.cnf
variables (all/used/free): 	405/405/0
clauses (all/long/binary/unit): 4/0/0/4
Sampling set is present, performing projected model counting 
Sampling set size: 404
Sampling set:  1 2 3 4 5 6 7 8 9 10 11 12 13 14 15 16 17 18 19 20 21 22 23 24 25 26 27 28 29 30 31 32 33 34 35 36 37 38 39 40 41 42 43 44 45 46 47 48 49 50 51 52 53 54 55 56 57 58 59 60 61 62 63 64 65 66 67 68 69 70 71 72 73 74 75 76 77 78 79 80 81 82 83 84 85 86 87 88 89 90 91 92 93 94 95 96 97 98 99 100 101 102 103 104 105 106 107 108 109 110 111 112 113 114 115 116 117 118 119 120 121 122 123 124 125 126 127 128 129 130 131 132 133 134 135 136 137 138 139 140 141 142 143 144 145 146 147 148 149 150 151 152 153 154 155 156 157 158 159 160 161 162 163 164 165 166 167 168 169 170 171 172 173 174 175 176 177 178 179 180 181 182 183 184 185 186 187 188 189 190 191 192 193 194 195 196 197 198 199 200 201 202 203 204 205 206 207 208 209 210 211 212 213 214 215 216 217 218 219 220 221 222 223 224 225 226 227 228 229 230 231 232 233 234 235 236 237 238 239 240 241 242 243 244 245 246 247 248 249 250 251 252 253 254 255 256 257 258 259 260 261 262 263 264 265 266 267 268 269 270 271 272 273 274 275 276 277 278 279 280 281 282 283 284 285 286 287 288 289 290 291 292 293 294 295 296 297 298 299 300 301 302 303 304 305 306 307 308 309 310 311 312 313 314 315 316 317 318 319 320 321 322 323 324 325 326 327 328 329 330 331 332 333 334 335 336 337 338 339 340 341 342 343 344 345 346 347 348 349 350 351 352 353 354 355 356 357 358 359 360 361 362 363 364 365 366 367 368 369 370 371 372 373 374 375 376 377 378 379 380 381 382 383 384 385 386 387 388 389 390 391 392 393 394 395 396 397 398 399 400 401 402 403 404

Preprocessing ..
 DONE
variables (all/used/free): 	402/0/402
clauses (all/long/binary/unit): 0/0/0/0
Maximum cache size:	2000 MB



variables (total / active / free)	402/0/402
clauses (removed) 			4 (4)
decisions 				0
Max. decision level 			0
conflicts 				0
conflict clauses (all/bin/unit) 	0/0/0

failed literals found by implicit BCP 	 0
implicit BCP miss rate 	 0%
bytes cache size     	20234504	
bytes cache (overall) 	20234504
bytes cache components (overall) 	96
bytes cache (infra / comps) 20234408/96	
bytes pure comp data (curr)    4
bytes pure comp data (overall) 4
bytes cache with sysoverh (curr)    160
bytes cache with sysoverh (overall) 160
cache (lookup / stores / hits) 			0/1/0
cache miss rate 0%
 avg. variable count (stores / hits) 	0/0


# solutions 
10328999512347634358623676688012047497318823171316894051322637426162590488067364778518581413120551325743612687890989973504
# END

time: 0.003255s

The total user time taken by ganak is:  0.0
blif_solve/blif_solve --under_approximating_method Skip --largest_support_set 5 --num_convergence 5 --over_approximating_method FactorGraphApprox --verbosity INFO --seed 20200123 ../../data_sets/bddblif/6s4_bdd.blif --diff_output_path experiments/20200123/results/6s4_bdd.blif_5_5.cnf
[INFO] created 202 factors with 613 vars (209 primary inputs + 404 others) in 0.903076 sec
[INFO] Executing over approximating method FactorGraphApprox
[INFO] processing 3 partitions
[INFO] largestSupportSet 5, numConvergence:5
[INFO] Grouped func nodes in 20.6354 secs
[INFO] Created factor graph with 200 functions on 234 variables in 0.379465 secs
[INFO] Grouped non-pi variables in 0.521275 secs
[INFO] Initiating message passing
[INFO] Factor graph messages have converged in 1 iterations
[INFO] Factor graph messages have converged in 0.818288 secs
[INFO] Grouped func nodes in 16.3043 secs
[INFO] Created factor graph with 200 functions on 227 variables in 0.387927 secs
[INFO] Grouped non-pi variables in 0.540641 secs
[INFO] Initiating message passing
[INFO] Factor graph messages have converged in 1 iterations
[INFO] Factor graph messages have converged in 0.806845 secs
[INFO] Ran 2 FactorGraph convergences
[INFO] largestSupportSet 5, numConvergence:5
[INFO] Grouped func nodes in 5.426e-06 secs
[INFO] Created factor graph with 1 functions on 1 variables in 1.5356e-05 secs
[INFO] Grouped non-pi variables in 2.153e-05 secs
[INFO] Initiating message passing
[INFO] Factor graph messages have converged in 3 iterations
[INFO] Factor graph messages have converged in 9.429e-06 secs
[INFO] Grouped func nodes in 2.057e-06 secs
[INFO] Created factor graph with 1 functions on 1 variables in 3.765e-06 secs
[INFO] Grouped non-pi variables in 8.117e-06 secs
[INFO] Initiating message passing
[INFO] Factor graph messages have converged in 3 iterations
[INFO] Factor graph messages have converged in 6.118e-06 secs
[INFO] Ran 2 FactorGraph convergences
[INFO] largestSupportSet 5, numConvergence:5
[INFO] Grouped func nodes in 1.824e-06 secs
[INFO] Created factor graph with 1 functions on 1 variables in 3.638e-06 secs
[INFO] Grouped non-pi variables in 7.23e-06 secs
[INFO] Initiating message passing
[INFO] Factor graph messages have converged in 3 iterations
[INFO] Factor graph messages have converged in 5.497e-06 secs
[INFO] Grouped func nodes in 1.697e-06 secs
[INFO] Created factor graph with 1 functions on 1 variables in 3.215e-06 secs
[INFO] Grouped non-pi variables in 6.583e-06 secs
[INFO] Initiating message passing
[INFO] Factor graph messages have converged in 3 iterations
[INFO] Factor graph messages have converged in 5.595e-06 secs
[INFO] Ran 2 FactorGraph convergences
[INFO] Finished over approximating method FactorGraphApprox in 40.1169 sec
[INFO] SUCCESS 6s4_bdd.blif
scripts/ganak.sh /home/parakram/Software/DDP/FactorGraph/src/experiments/20200123/results/6s4_bdd.blif_5_5.cnf
c Outputting solution to console
c GANAK version 1.0.0
The value of delta is 0.05
The value of hashrange is 64x1
Solving /home/parakram/Software/DDP/FactorGraph/src/experiments/20200123/results/6s4_bdd.blif_5_5.cnf
variables (all/used/free): 	405/405/0
clauses (all/long/binary/unit): 4/0/0/4
Sampling set is present, performing projected model counting 
Sampling set size: 404
Sampling set:  1 2 3 4 5 6 7 8 9 10 11 12 13 14 15 16 17 18 19 20 21 22 23 24 25 26 27 28 29 30 31 32 33 34 35 36 37 38 39 40 41 42 43 44 45 46 47 48 49 50 51 52 53 54 55 56 57 58 59 60 61 62 63 64 65 66 67 68 69 70 71 72 73 74 75 76 77 78 79 80 81 82 83 84 85 86 87 88 89 90 91 92 93 94 95 96 97 98 99 100 101 102 103 104 105 106 107 108 109 110 111 112 113 114 115 116 117 118 119 120 121 122 123 124 125 126 127 128 129 130 131 132 133 134 135 136 137 138 139 140 141 142 143 144 145 146 147 148 149 150 151 152 153 154 155 156 157 158 159 160 161 162 163 164 165 166 167 168 169 170 171 172 173 174 175 176 177 178 179 180 181 182 183 184 185 186 187 188 189 190 191 192 193 194 195 196 197 198 199 200 201 202 203 204 205 206 207 208 209 210 211 212 213 214 215 216 217 218 219 220 221 222 223 224 225 226 227 228 229 230 231 232 233 234 235 236 237 238 239 240 241 242 243 244 245 246 247 248 249 250 251 252 253 254 255 256 257 258 259 260 261 262 263 264 265 266 267 268 269 270 271 272 273 274 275 276 277 278 279 280 281 282 283 284 285 286 287 288 289 290 291 292 293 294 295 296 297 298 299 300 301 302 303 304 305 306 307 308 309 310 311 312 313 314 315 316 317 318 319 320 321 322 323 324 325 326 327 328 329 330 331 332 333 334 335 336 337 338 339 340 341 342 343 344 345 346 347 348 349 350 351 352 353 354 355 356 357 358 359 360 361 362 363 364 365 366 367 368 369 370 371 372 373 374 375 376 377 378 379 380 381 382 383 384 385 386 387 388 389 390 391 392 393 394 395 396 397 398 399 400 401 402 403 404

Preprocessing ..
 DONE
variables (all/used/free): 	402/0/402
clauses (all/long/binary/unit): 0/0/0/0
Maximum cache size:	2000 MB



variables (total / active / free)	402/0/402
clauses (removed) 			4 (4)
decisions 				0
Max. decision level 			0
conflicts 				0
conflict clauses (all/bin/unit) 	0/0/0

failed literals found by implicit BCP 	 0
implicit BCP miss rate 	 0%
bytes cache size     	20234504	
bytes cache (overall) 	20234504
bytes cache components (overall) 	96
bytes cache (infra / comps) 20234408/96	
bytes pure comp data (curr)    4
bytes pure comp data (overall) 4
bytes cache with sysoverh (curr)    160
bytes cache with sysoverh (overall) 160
cache (lookup / stores / hits) 			0/1/0
cache miss rate 0%
 avg. variable count (stores / hits) 	0/0


# solutions 
10328999512347634358623676688012047497318823171316894051322637426162590488067364778518581413120551325743612687890989973504
# END

time: 0.005595s

The total user time taken by ganak is:  0.0
blif_solve/blif_solve --under_approximating_method Skip --largest_support_set 5 --num_convergence 10 --over_approximating_method FactorGraphApprox --verbosity INFO --seed 20200123 ../../data_sets/bddblif/6s4_bdd.blif --diff_output_path experiments/20200123/results/6s4_bdd.blif_5_10.cnf
[INFO] created 202 factors with 613 vars (209 primary inputs + 404 others) in 0.902836 sec
[INFO] Executing over approximating method FactorGraphApprox
[INFO] processing 3 partitions
[INFO] largestSupportSet 5, numConvergence:10
[INFO] Grouped func nodes in 21.1848 secs
[INFO] Created factor graph with 200 functions on 234 variables in 0.424674 secs
[INFO] Grouped non-pi variables in 0.580329 secs
[INFO] Initiating message passing
[INFO] Factor graph messages have converged in 1 iterations
[INFO] Factor graph messages have converged in 0.827692 secs
[INFO] Grouped func nodes in 16.2562 secs
[INFO] Created factor graph with 200 functions on 227 variables in 0.382784 secs
[INFO] Grouped non-pi variables in 0.532979 secs
[INFO] Initiating message passing
[INFO] Factor graph messages have converged in 1 iterations
[INFO] Factor graph messages have converged in 0.794622 secs
[INFO] Ran 2 FactorGraph convergences
[INFO] largestSupportSet 5, numConvergence:10
[INFO] Grouped func nodes in 5.014e-06 secs
[INFO] Created factor graph with 1 functions on 1 variables in 1.4104e-05 secs
[INFO] Grouped non-pi variables in 1.8033e-05 secs
[INFO] Initiating message passing
[INFO] Factor graph messages have converged in 3 iterations
[INFO] Factor graph messages have converged in 6.489e-06 secs
[INFO] Grouped func nodes in 2.314e-06 secs
[INFO] Created factor graph with 1 functions on 1 variables in 3.531e-06 secs
[INFO] Grouped non-pi variables in 7.339e-06 secs
[INFO] Initiating message passing
[INFO] Factor graph messages have converged in 3 iterations
[INFO] Factor graph messages have converged in 5.135e-06 secs
[INFO] Ran 2 FactorGraph convergences
[INFO] largestSupportSet 5, numConvergence:10
[INFO] Grouped func nodes in 1.913e-06 secs
[INFO] Created factor graph with 1 functions on 1 variables in 3.314e-06 secs
[INFO] Grouped non-pi variables in 6.929e-06 secs
[INFO] Initiating message passing
[INFO] Factor graph messages have converged in 3 iterations
[INFO] Factor graph messages have converged in 5.345e-06 secs
[INFO] Grouped func nodes in 1.709e-06 secs
[INFO] Created factor graph with 1 functions on 1 variables in 3.338e-06 secs
[INFO] Grouped non-pi variables in 6.597e-06 secs
[INFO] Initiating message passing
[INFO] Factor graph messages have converged in 3 iterations
[INFO] Factor graph messages have converged in 5.318e-06 secs
[INFO] Ran 2 FactorGraph convergences
[INFO] Finished over approximating method FactorGraphApprox in 40.6666 sec
[INFO] SUCCESS 6s4_bdd.blif
scripts/ganak.sh /home/parakram/Software/DDP/FactorGraph/src/experiments/20200123/results/6s4_bdd.blif_5_10.cnf
c Outputting solution to console
c GANAK version 1.0.0
The value of delta is 0.05
The value of hashrange is 64x1
Solving /home/parakram/Software/DDP/FactorGraph/src/experiments/20200123/results/6s4_bdd.blif_5_10.cnf
variables (all/used/free): 	405/405/0
clauses (all/long/binary/unit): 4/0/0/4
Sampling set is present, performing projected model counting 
Sampling set size: 404
Sampling set:  1 2 3 4 5 6 7 8 9 10 11 12 13 14 15 16 17 18 19 20 21 22 23 24 25 26 27 28 29 30 31 32 33 34 35 36 37 38 39 40 41 42 43 44 45 46 47 48 49 50 51 52 53 54 55 56 57 58 59 60 61 62 63 64 65 66 67 68 69 70 71 72 73 74 75 76 77 78 79 80 81 82 83 84 85 86 87 88 89 90 91 92 93 94 95 96 97 98 99 100 101 102 103 104 105 106 107 108 109 110 111 112 113 114 115 116 117 118 119 120 121 122 123 124 125 126 127 128 129 130 131 132 133 134 135 136 137 138 139 140 141 142 143 144 145 146 147 148 149 150 151 152 153 154 155 156 157 158 159 160 161 162 163 164 165 166 167 168 169 170 171 172 173 174 175 176 177 178 179 180 181 182 183 184 185 186 187 188 189 190 191 192 193 194 195 196 197 198 199 200 201 202 203 204 205 206 207 208 209 210 211 212 213 214 215 216 217 218 219 220 221 222 223 224 225 226 227 228 229 230 231 232 233 234 235 236 237 238 239 240 241 242 243 244 245 246 247 248 249 250 251 252 253 254 255 256 257 258 259 260 261 262 263 264 265 266 267 268 269 270 271 272 273 274 275 276 277 278 279 280 281 282 283 284 285 286 287 288 289 290 291 292 293 294 295 296 297 298 299 300 301 302 303 304 305 306 307 308 309 310 311 312 313 314 315 316 317 318 319 320 321 322 323 324 325 326 327 328 329 330 331 332 333 334 335 336 337 338 339 340 341 342 343 344 345 346 347 348 349 350 351 352 353 354 355 356 357 358 359 360 361 362 363 364 365 366 367 368 369 370 371 372 373 374 375 376 377 378 379 380 381 382 383 384 385 386 387 388 389 390 391 392 393 394 395 396 397 398 399 400 401 402 403 404

Preprocessing ..
 DONE
variables (all/used/free): 	402/0/402
clauses (all/long/binary/unit): 0/0/0/0
Maximum cache size:	2000 MB



variables (total / active / free)	402/0/402
clauses (removed) 			4 (4)
decisions 				0
Max. decision level 			0
conflicts 				0
conflict clauses (all/bin/unit) 	0/0/0

failed literals found by implicit BCP 	 0
implicit BCP miss rate 	 0%
bytes cache size     	20234504	
bytes cache (overall) 	20234504
bytes cache components (overall) 	96
bytes cache (infra / comps) 20234408/96	
bytes pure comp data (curr)    4
bytes pure comp data (overall) 4
bytes cache with sysoverh (curr)    160
bytes cache with sysoverh (overall) 160
cache (lookup / stores / hits) 			0/1/0
cache miss rate 0%
 avg. variable count (stores / hits) 	0/0


# solutions 
10328999512347634358623676688012047497318823171316894051322637426162590488067364778518581413120551325743612687890989973504
# END

time: 0.003212s

The total user time taken by ganak is:  0.0
blif_solve/blif_solve --under_approximating_method Skip --largest_support_set 5 --num_convergence 20 --over_approximating_method FactorGraphApprox --verbosity INFO --seed 20200123 ../../data_sets/bddblif/6s4_bdd.blif --diff_output_path experiments/20200123/results/6s4_bdd.blif_5_20.cnf
[INFO] created 202 factors with 613 vars (209 primary inputs + 404 others) in 0.898044 sec
[INFO] Executing over approximating method FactorGraphApprox
[INFO] processing 3 partitions
[INFO] largestSupportSet 5, numConvergence:20
[INFO] Grouped func nodes in 20.319 secs
[INFO] Created factor graph with 200 functions on 234 variables in 0.399409 secs
[INFO] Grouped non-pi variables in 0.54435 secs
[INFO] Initiating message passing
[INFO] Factor graph messages have converged in 1 iterations
[INFO] Factor graph messages have converged in 0.81927 secs
[INFO] Grouped func nodes in 16.1493 secs
[INFO] Created factor graph with 200 functions on 227 variables in 0.382753 secs
[INFO] Grouped non-pi variables in 0.524264 secs
[INFO] Initiating message passing
[INFO] Factor graph messages have converged in 1 iterations
[INFO] Factor graph messages have converged in 0.813978 secs
[INFO] Ran 2 FactorGraph convergences
[INFO] largestSupportSet 5, numConvergence:20
[INFO] Grouped func nodes in 5.094e-06 secs
[INFO] Created factor graph with 1 functions on 1 variables in 1.0707e-05 secs
[INFO] Grouped non-pi variables in 1.4104e-05 secs
[INFO] Initiating message passing
[INFO] Factor graph messages have converged in 3 iterations
[INFO] Factor graph messages have converged in 6.072e-06 secs
[INFO] Grouped func nodes in 1.702e-06 secs
[INFO] Created factor graph with 1 functions on 1 variables in 3.393e-06 secs
[INFO] Grouped non-pi variables in 6.946e-06 secs
[INFO] Initiating message passing
[INFO] Factor graph messages have converged in 3 iterations
[INFO] Factor graph messages have converged in 5.666e-06 secs
[INFO] Ran 2 FactorGraph convergences
[INFO] largestSupportSet 5, numConvergence:20
[INFO] Grouped func nodes in 1.634e-06 secs
[INFO] Created factor graph with 1 functions on 1 variables in 3.368e-06 secs
[INFO] Grouped non-pi variables in 7.032e-06 secs
[INFO] Initiating message passing
[INFO] Factor graph messages have converged in 3 iterations
[INFO] Factor graph messages have converged in 5.557e-06 secs
[INFO] Grouped func nodes in 1.581e-06 secs
[INFO] Created factor graph with 1 functions on 1 variables in 3.107e-06 secs
[INFO] Grouped non-pi variables in 6.267e-06 secs
[INFO] Initiating message passing
[INFO] Factor graph messages have converged in 3 iterations
[INFO] Factor graph messages have converged in 5.636e-06 secs
[INFO] Ran 2 FactorGraph convergences
[INFO] Finished over approximating method FactorGraphApprox in 39.6675 sec
[INFO] SUCCESS 6s4_bdd.blif
scripts/ganak.sh /home/parakram/Software/DDP/FactorGraph/src/experiments/20200123/results/6s4_bdd.blif_5_20.cnf
c Outputting solution to console
c GANAK version 1.0.0
The value of delta is 0.05
The value of hashrange is 64x1
Solving /home/parakram/Software/DDP/FactorGraph/src/experiments/20200123/results/6s4_bdd.blif_5_20.cnf
variables (all/used/free): 	405/405/0
clauses (all/long/binary/unit): 4/0/0/4
Sampling set is present, performing projected model counting 
Sampling set size: 404
Sampling set:  1 2 3 4 5 6 7 8 9 10 11 12 13 14 15 16 17 18 19 20 21 22 23 24 25 26 27 28 29 30 31 32 33 34 35 36 37 38 39 40 41 42 43 44 45 46 47 48 49 50 51 52 53 54 55 56 57 58 59 60 61 62 63 64 65 66 67 68 69 70 71 72 73 74 75 76 77 78 79 80 81 82 83 84 85 86 87 88 89 90 91 92 93 94 95 96 97 98 99 100 101 102 103 104 105 106 107 108 109 110 111 112 113 114 115 116 117 118 119 120 121 122 123 124 125 126 127 128 129 130 131 132 133 134 135 136 137 138 139 140 141 142 143 144 145 146 147 148 149 150 151 152 153 154 155 156 157 158 159 160 161 162 163 164 165 166 167 168 169 170 171 172 173 174 175 176 177 178 179 180 181 182 183 184 185 186 187 188 189 190 191 192 193 194 195 196 197 198 199 200 201 202 203 204 205 206 207 208 209 210 211 212 213 214 215 216 217 218 219 220 221 222 223 224 225 226 227 228 229 230 231 232 233 234 235 236 237 238 239 240 241 242 243 244 245 246 247 248 249 250 251 252 253 254 255 256 257 258 259 260 261 262 263 264 265 266 267 268 269 270 271 272 273 274 275 276 277 278 279 280 281 282 283 284 285 286 287 288 289 290 291 292 293 294 295 296 297 298 299 300 301 302 303 304 305 306 307 308 309 310 311 312 313 314 315 316 317 318 319 320 321 322 323 324 325 326 327 328 329 330 331 332 333 334 335 336 337 338 339 340 341 342 343 344 345 346 347 348 349 350 351 352 353 354 355 356 357 358 359 360 361 362 363 364 365 366 367 368 369 370 371 372 373 374 375 376 377 378 379 380 381 382 383 384 385 386 387 388 389 390 391 392 393 394 395 396 397 398 399 400 401 402 403 404

Preprocessing ..
 DONE
variables (all/used/free): 	402/0/402
clauses (all/long/binary/unit): 0/0/0/0
Maximum cache size:	2000 MB



variables (total / active / free)	402/0/402
clauses (removed) 			4 (4)
decisions 				0
Max. decision level 			0
conflicts 				0
conflict clauses (all/bin/unit) 	0/0/0

failed literals found by implicit BCP 	 0
implicit BCP miss rate 	 0%
bytes cache size     	20234504	
bytes cache (overall) 	20234504
bytes cache components (overall) 	96
bytes cache (infra / comps) 20234408/96	
bytes pure comp data (curr)    4
bytes pure comp data (overall) 4
bytes cache with sysoverh (curr)    160
bytes cache with sysoverh (overall) 160
cache (lookup / stores / hits) 			0/1/0
cache miss rate 0%
 avg. variable count (stores / hits) 	0/0


# solutions 
10328999512347634358623676688012047497318823171316894051322637426162590488067364778518581413120551325743612687890989973504
# END

time: 0.00317s

The total user time taken by ganak is:  0.0
blif_solve/blif_solve --under_approximating_method Skip --largest_support_set 10 --num_convergence 1 --over_approximating_method FactorGraphApprox --verbosity INFO --seed 20200123 ../../data_sets/bddblif/6s4_bdd.blif --diff_output_path experiments/20200123/results/6s4_bdd.blif_10_1.cnf
[INFO] created 202 factors with 613 vars (209 primary inputs + 404 others) in 0.888263 sec
[INFO] Executing over approximating method FactorGraphApprox
[INFO] processing 3 partitions
[INFO] largestSupportSet 10, numConvergence:1
[INFO] Grouped func nodes in 20.3334 secs
[INFO] Created factor graph with 184 functions on 198 variables in 0.379078 secs
[INFO] Grouped non-pi variables in 0.480473 secs
[INFO] Initiating message passing
[INFO] Factor graph messages have converged in 1 iterations
[INFO] Factor graph messages have converged in 0.836453 secs
[INFO] Ran 1 FactorGraph convergences
[INFO] largestSupportSet 10, numConvergence:1
[INFO] Grouped func nodes in 5.024e-06 secs
[INFO] Created factor graph with 1 functions on 1 variables in 1.1573e-05 secs
[INFO] Grouped non-pi variables in 1.5522e-05 secs
[INFO] Initiating message passing
[INFO] Factor graph messages have converged in 3 iterations
[INFO] Factor graph messages have converged in 7.829e-06 secs
[INFO] Ran 1 FactorGraph convergences
[INFO] largestSupportSet 10, numConvergence:1
[INFO] Grouped func nodes in 2.185e-06 secs
[INFO] Created factor graph with 1 functions on 1 variables in 4.321e-06 secs
[INFO] Grouped non-pi variables in 8.557e-06 secs
[INFO] Initiating message passing
[INFO] Factor graph messages have converged in 3 iterations
[INFO] Factor graph messages have converged in 5.853e-06 secs
[INFO] Ran 1 FactorGraph convergences
[INFO] Finished over approximating method FactorGraphApprox in 21.8903 sec
[INFO] SUCCESS 6s4_bdd.blif
scripts/ganak.sh /home/parakram/Software/DDP/FactorGraph/src/experiments/20200123/results/6s4_bdd.blif_10_1.cnf
c Outputting solution to console
c GANAK version 1.0.0
The value of delta is 0.05
The value of hashrange is 64x1
Solving /home/parakram/Software/DDP/FactorGraph/src/experiments/20200123/results/6s4_bdd.blif_10_1.cnf
variables (all/used/free): 	405/405/0
clauses (all/long/binary/unit): 4/0/0/4
Sampling set is present, performing projected model counting 
Sampling set size: 404
Sampling set:  1 2 3 4 5 6 7 8 9 10 11 12 13 14 15 16 17 18 19 20 21 22 23 24 25 26 27 28 29 30 31 32 33 34 35 36 37 38 39 40 41 42 43 44 45 46 47 48 49 50 51 52 53 54 55 56 57 58 59 60 61 62 63 64 65 66 67 68 69 70 71 72 73 74 75 76 77 78 79 80 81 82 83 84 85 86 87 88 89 90 91 92 93 94 95 96 97 98 99 100 101 102 103 104 105 106 107 108 109 110 111 112 113 114 115 116 117 118 119 120 121 122 123 124 125 126 127 128 129 130 131 132 133 134 135 136 137 138 139 140 141 142 143 144 145 146 147 148 149 150 151 152 153 154 155 156 157 158 159 160 161 162 163 164 165 166 167 168 169 170 171 172 173 174 175 176 177 178 179 180 181 182 183 184 185 186 187 188 189 190 191 192 193 194 195 196 197 198 199 200 201 202 203 204 205 206 207 208 209 210 211 212 213 214 215 216 217 218 219 220 221 222 223 224 225 226 227 228 229 230 231 232 233 234 235 236 237 238 239 240 241 242 243 244 245 246 247 248 249 250 251 252 253 254 255 256 257 258 259 260 261 262 263 264 265 266 267 268 269 270 271 272 273 274 275 276 277 278 279 280 281 282 283 284 285 286 287 288 289 290 291 292 293 294 295 296 297 298 299 300 301 302 303 304 305 306 307 308 309 310 311 312 313 314 315 316 317 318 319 320 321 322 323 324 325 326 327 328 329 330 331 332 333 334 335 336 337 338 339 340 341 342 343 344 345 346 347 348 349 350 351 352 353 354 355 356 357 358 359 360 361 362 363 364 365 366 367 368 369 370 371 372 373 374 375 376 377 378 379 380 381 382 383 384 385 386 387 388 389 390 391 392 393 394 395 396 397 398 399 400 401 402 403 404

Preprocessing ..
 DONE
variables (all/used/free): 	402/0/402
clauses (all/long/binary/unit): 0/0/0/0
Maximum cache size:	2000 MB



variables (total / active / free)	402/0/402
clauses (removed) 			4 (4)
decisions 				0
Max. decision level 			0
conflicts 				0
conflict clauses (all/bin/unit) 	0/0/0

failed literals found by implicit BCP 	 0
implicit BCP miss rate 	 0%
bytes cache size     	20234504	
bytes cache (overall) 	20234504
bytes cache components (overall) 	96
bytes cache (infra / comps) 20234408/96	
bytes pure comp data (curr)    4
bytes pure comp data (overall) 4
bytes cache with sysoverh (curr)    160
bytes cache with sysoverh (overall) 160
cache (lookup / stores / hits) 			0/1/0
cache miss rate 0%
 avg. variable count (stores / hits) 	0/0


# solutions 
10328999512347634358623676688012047497318823171316894051322637426162590488067364778518581413120551325743612687890989973504
# END

time: 0.003205s

The total user time taken by ganak is:  0.0
blif_solve/blif_solve --under_approximating_method Skip --largest_support_set 10 --num_convergence 5 --over_approximating_method FactorGraphApprox --verbosity INFO --seed 20200123 ../../data_sets/bddblif/6s4_bdd.blif --diff_output_path experiments/20200123/results/6s4_bdd.blif_10_5.cnf
[INFO] created 202 factors with 613 vars (209 primary inputs + 404 others) in 0.894504 sec
[INFO] Executing over approximating method FactorGraphApprox
[INFO] processing 3 partitions
[INFO] largestSupportSet 10, numConvergence:5
[INFO] Grouped func nodes in 20.3704 secs
[INFO] Created factor graph with 184 functions on 198 variables in 0.376732 secs
[INFO] Grouped non-pi variables in 0.481187 secs
[INFO] Initiating message passing
[INFO] Factor graph messages have converged in 1 iterations
[INFO] Factor graph messages have converged in 0.833226 secs
[INFO] Grouped func nodes in 10.1651 secs
[INFO] Created factor graph with 184 functions on 152 variables in 0.388831 secs
[INFO] Grouped non-pi variables in 0.527459 secs
[INFO] Initiating message passing
[INFO] Factor graph messages have converged in 3 iterations
[INFO] Factor graph messages have converged in 0.837048 secs
[INFO] Grouped func nodes in 13.3257 secs
[INFO] Created factor graph with 184 functions on 144 variables in 0.408402 secs
[INFO] Grouped non-pi variables in 0.596403 secs
[INFO] Initiating message passing
[INFO] Factor graph messages have converged in 1 iterations
[INFO] Factor graph messages have converged in 0.83657 secs
[INFO] Ran 3 FactorGraph convergences
[INFO] largestSupportSet 10, numConvergence:5
[INFO] Grouped func nodes in 5.087e-06 secs
[INFO] Created factor graph with 1 functions on 1 variables in 1.1358e-05 secs
[INFO] Grouped non-pi variables in 1.5004e-05 secs
[INFO] Initiating message passing
[INFO] Factor graph messages have converged in 3 iterations
[INFO] Factor graph messages have converged in 5.859e-06 secs
[INFO] Grouped func nodes in 1.296e-06 secs
[INFO] Created factor graph with 1 functions on 1 variables in 2.069e-06 secs
[INFO] Grouped non-pi variables in 4.531e-06 secs
[INFO] Initiating message passing
[INFO] Factor graph messages have converged in 3 iterations
[INFO] Factor graph messages have converged in 5.343e-06 secs
[INFO] Ran 2 FactorGraph convergences
[INFO] largestSupportSet 10, numConvergence:5
[INFO] Grouped func nodes in 1.663e-06 secs
[INFO] Created factor graph with 1 functions on 1 variables in 2.955e-06 secs
[INFO] Grouped non-pi variables in 6.219e-06 secs
[INFO] Initiating message passing
[INFO] Factor graph messages have converged in 3 iterations
[INFO] Factor graph messages have converged in 4.691e-06 secs
[INFO] Grouped func nodes in 1.566e-06 secs
[INFO] Created factor graph with 1 functions on 1 variables in 2.758e-06 secs
[INFO] Grouped non-pi variables in 6.124e-06 secs
[INFO] Initiating message passing
[INFO] Factor graph messages have converged in 3 iterations
[INFO] Factor graph messages have converged in 4.655e-06 secs
[INFO] Ran 2 FactorGraph convergences
[INFO] Finished over approximating method FactorGraphApprox in 48.6051 sec
[INFO] SUCCESS 6s4_bdd.blif
scripts/ganak.sh /home/parakram/Software/DDP/FactorGraph/src/experiments/20200123/results/6s4_bdd.blif_10_5.cnf
c Outputting solution to console
c GANAK version 1.0.0
The value of delta is 0.05
The value of hashrange is 64x1
Solving /home/parakram/Software/DDP/FactorGraph/src/experiments/20200123/results/6s4_bdd.blif_10_5.cnf
variables (all/used/free): 	406/406/0
clauses (all/long/binary/unit): 9/4/0/5
Sampling set is present, performing projected model counting 
Sampling set size: 404
Sampling set:  1 2 3 4 5 6 7 8 9 10 11 12 13 14 15 16 17 18 19 20 21 22 23 24 25 26 27 28 29 30 31 32 33 34 35 36 37 38 39 40 41 42 43 44 45 46 47 48 49 50 51 52 53 54 55 56 57 58 59 60 61 62 63 64 65 66 67 68 69 70 71 72 73 74 75 76 77 78 79 80 81 82 83 84 85 86 87 88 89 90 91 92 93 94 95 96 97 98 99 100 101 102 103 104 105 106 107 108 109 110 111 112 113 114 115 116 117 118 119 120 121 122 123 124 125 126 127 128 129 130 131 132 133 134 135 136 137 138 139 140 141 142 143 144 145 146 147 148 149 150 151 152 153 154 155 156 157 158 159 160 161 162 163 164 165 166 167 168 169 170 171 172 173 174 175 176 177 178 179 180 181 182 183 184 185 186 187 188 189 190 191 192 193 194 195 196 197 198 199 200 201 202 203 204 205 206 207 208 209 210 211 212 213 214 215 216 217 218 219 220 221 222 223 224 225 226 227 228 229 230 231 232 233 234 235 236 237 238 239 240 241 242 243 244 245 246 247 248 249 250 251 252 253 254 255 256 257 258 259 260 261 262 263 264 265 266 267 268 269 270 271 272 273 274 275 276 277 278 279 280 281 282 283 284 285 286 287 288 289 290 291 292 293 294 295 296 297 298 299 300 301 302 303 304 305 306 307 308 309 310 311 312 313 314 315 316 317 318 319 320 321 322 323 324 325 326 327 328 329 330 331 332 333 334 335 336 337 338 339 340 341 342 343 344 345 346 347 348 349 350 351 352 353 354 355 356 357 358 359 360 361 362 363 364 365 366 367 368 369 370 371 372 373 374 375 376 377 378 379 380 381 382 383 384 385 386 387 388 389 390 391 392 393 394 395 396 397 398 399 400 401 402 403 404

Preprocessing ..
 DONE
variables (all/used/free): 	402/2/400
clauses (all/long/binary/unit): 1/0/1/0
Maximum cache size:	2000 MB

We have solved halfed
We have solved halfed


variables (total / active / free)	402/2/400
clauses (removed) 			9 (8)
decisions 				1
Max. decision level 			1
conflicts 				0
conflict clauses (all/bin/unit) 	0/0/0

failed literals found by implicit BCP 	 0
implicit BCP miss rate 	 0%
bytes cache size     	20234600	
bytes cache (overall) 	20234600
bytes cache components (overall) 	192
bytes cache (infra / comps) 20234408/192	
bytes pure comp data (curr)    8
bytes pure comp data (overall) 8
bytes cache with sysoverh (curr)    320
bytes cache with sysoverh (overall) 320
cache (lookup / stores / hits) 			1/2/0
cache miss rate 100%
 avg. variable count (stores / hits) 	2/0


# solutions 
7746749634260725768967757516009035622989117378487670538491978069621942866050523583888936059840413494307709515918242480128
# END

time: 0.003242s

The total user time taken by ganak is:  0.0
blif_solve/blif_solve --under_approximating_method Skip --largest_support_set 10 --num_convergence 10 --over_approximating_method FactorGraphApprox --verbosity INFO --seed 20200123 ../../data_sets/bddblif/6s4_bdd.blif --diff_output_path experiments/20200123/results/6s4_bdd.blif_10_10.cnf
[INFO] created 202 factors with 613 vars (209 primary inputs + 404 others) in 0.903244 sec
[INFO] Executing over approximating method FactorGraphApprox
[INFO] processing 3 partitions
[INFO] largestSupportSet 10, numConvergence:10
[INFO] Grouped func nodes in 20.278 secs
[INFO] Created factor graph with 184 functions on 198 variables in 0.378904 secs
[INFO] Grouped non-pi variables in 0.479578 secs
[INFO] Initiating message passing
[INFO] Factor graph messages have converged in 1 iterations
[INFO] Factor graph messages have converged in 0.821448 secs
[INFO] Grouped func nodes in 10.3006 secs
[INFO] Created factor graph with 184 functions on 152 variables in 0.39069 secs
[INFO] Grouped non-pi variables in 0.524675 secs
[INFO] Initiating message passing
[INFO] Factor graph messages have converged in 3 iterations
[INFO] Factor graph messages have converged in 0.797678 secs
[INFO] Grouped func nodes in 13.4927 secs
[INFO] Created factor graph with 184 functions on 144 variables in 0.388118 secs
[INFO] Grouped non-pi variables in 0.561423 secs
[INFO] Initiating message passing
[INFO] Factor graph messages have converged in 1 iterations
[INFO] Factor graph messages have converged in 0.813784 secs
[INFO] Ran 3 FactorGraph convergences
[INFO] largestSupportSet 10, numConvergence:10
[INFO] Grouped func nodes in 5.761e-06 secs
[INFO] Created factor graph with 1 functions on 1 variables in 1.3473e-05 secs
[INFO] Grouped non-pi variables in 1.703e-05 secs
[INFO] Initiating message passing
[INFO] Factor graph messages have converged in 3 iterations
[INFO] Factor graph messages have converged in 8.949e-06 secs
[INFO] Grouped func nodes in 1.698e-06 secs
[INFO] Created factor graph with 1 functions on 1 variables in 2.487e-06 secs
[INFO] Grouped non-pi variables in 5.262e-06 secs
[INFO] Initiating message passing
[INFO] Factor graph messages have converged in 3 iterations
[INFO] Factor graph messages have converged in 5.595e-06 secs
[INFO] Ran 2 FactorGraph convergences
[INFO] largestSupportSet 10, numConvergence:10
[INFO] Grouped func nodes in 1.996e-06 secs
[INFO] Created factor graph with 1 functions on 1 variables in 3.47e-06 secs
[INFO] Grouped non-pi variables in 6.967e-06 secs
[INFO] Initiating message passing
[INFO] Factor graph messages have converged in 3 iterations
[INFO] Factor graph messages have converged in 5.154e-06 secs
[INFO] Grouped func nodes in 1.658e-06 secs
[INFO] Created factor graph with 1 functions on 1 variables in 3.263e-06 secs
[INFO] Grouped non-pi variables in 7.047e-06 secs
[INFO] Initiating message passing
[INFO] Factor graph messages have converged in 3 iterations
[INFO] Factor graph messages have converged in 5.559e-06 secs
[INFO] Ran 2 FactorGraph convergences
[INFO] Finished over approximating method FactorGraphApprox in 48.705 sec
[INFO] SUCCESS 6s4_bdd.blif
scripts/ganak.sh /home/parakram/Software/DDP/FactorGraph/src/experiments/20200123/results/6s4_bdd.blif_10_10.cnf
c Outputting solution to console
c GANAK version 1.0.0
The value of delta is 0.05
The value of hashrange is 64x1
Solving /home/parakram/Software/DDP/FactorGraph/src/experiments/20200123/results/6s4_bdd.blif_10_10.cnf
variables (all/used/free): 	406/406/0
clauses (all/long/binary/unit): 9/4/0/5
Sampling set is present, performing projected model counting 
Sampling set size: 404
Sampling set:  1 2 3 4 5 6 7 8 9 10 11 12 13 14 15 16 17 18 19 20 21 22 23 24 25 26 27 28 29 30 31 32 33 34 35 36 37 38 39 40 41 42 43 44 45 46 47 48 49 50 51 52 53 54 55 56 57 58 59 60 61 62 63 64 65 66 67 68 69 70 71 72 73 74 75 76 77 78 79 80 81 82 83 84 85 86 87 88 89 90 91 92 93 94 95 96 97 98 99 100 101 102 103 104 105 106 107 108 109 110 111 112 113 114 115 116 117 118 119 120 121 122 123 124 125 126 127 128 129 130 131 132 133 134 135 136 137 138 139 140 141 142 143 144 145 146 147 148 149 150 151 152 153 154 155 156 157 158 159 160 161 162 163 164 165 166 167 168 169 170 171 172 173 174 175 176 177 178 179 180 181 182 183 184 185 186 187 188 189 190 191 192 193 194 195 196 197 198 199 200 201 202 203 204 205 206 207 208 209 210 211 212 213 214 215 216 217 218 219 220 221 222 223 224 225 226 227 228 229 230 231 232 233 234 235 236 237 238 239 240 241 242 243 244 245 246 247 248 249 250 251 252 253 254 255 256 257 258 259 260 261 262 263 264 265 266 267 268 269 270 271 272 273 274 275 276 277 278 279 280 281 282 283 284 285 286 287 288 289 290 291 292 293 294 295 296 297 298 299 300 301 302 303 304 305 306 307 308 309 310 311 312 313 314 315 316 317 318 319 320 321 322 323 324 325 326 327 328 329 330 331 332 333 334 335 336 337 338 339 340 341 342 343 344 345 346 347 348 349 350 351 352 353 354 355 356 357 358 359 360 361 362 363 364 365 366 367 368 369 370 371 372 373 374 375 376 377 378 379 380 381 382 383 384 385 386 387 388 389 390 391 392 393 394 395 396 397 398 399 400 401 402 403 404

Preprocessing ..
 DONE
variables (all/used/free): 	402/2/400
clauses (all/long/binary/unit): 1/0/1/0
Maximum cache size:	2000 MB

We have solved halfed
We have solved halfed


variables (total / active / free)	402/2/400
clauses (removed) 			9 (8)
decisions 				1
Max. decision level 			1
conflicts 				0
conflict clauses (all/bin/unit) 	0/0/0

failed literals found by implicit BCP 	 0
implicit BCP miss rate 	 0%
bytes cache size     	20234600	
bytes cache (overall) 	20234600
bytes cache components (overall) 	192
bytes cache (infra / comps) 20234408/192	
bytes pure comp data (curr)    8
bytes pure comp data (overall) 8
bytes cache with sysoverh (curr)    320
bytes cache with sysoverh (overall) 320
cache (lookup / stores / hits) 			1/2/0
cache miss rate 100%
 avg. variable count (stores / hits) 	2/0


# solutions 
7746749634260725768967757516009035622989117378487670538491978069621942866050523583888936059840413494307709515918242480128
# END

time: 0.003344s

The total user time taken by ganak is:  0.0
blif_solve/blif_solve --under_approximating_method Skip --largest_support_set 10 --num_convergence 20 --over_approximating_method FactorGraphApprox --verbosity INFO --seed 20200123 ../../data_sets/bddblif/6s4_bdd.blif --diff_output_path experiments/20200123/results/6s4_bdd.blif_10_20.cnf
[INFO] created 202 factors with 613 vars (209 primary inputs + 404 others) in 0.899501 sec
[INFO] Executing over approximating method FactorGraphApprox
[INFO] processing 3 partitions
[INFO] largestSupportSet 10, numConvergence:20
[INFO] Grouped func nodes in 20.4726 secs
[INFO] Created factor graph with 184 functions on 198 variables in 0.373294 secs
[INFO] Grouped non-pi variables in 0.471636 secs
[INFO] Initiating message passing
[INFO] Factor graph messages have converged in 1 iterations
[INFO] Factor graph messages have converged in 0.829236 secs
[INFO] Grouped func nodes in 10.1521 secs
[INFO] Created factor graph with 184 functions on 152 variables in 0.386733 secs
[INFO] Grouped non-pi variables in 0.515873 secs
[INFO] Initiating message passing
[INFO] Factor graph messages have converged in 3 iterations
[INFO] Factor graph messages have converged in 0.793423 secs
[INFO] Grouped func nodes in 13.4971 secs
[INFO] Created factor graph with 184 functions on 144 variables in 0.38948 secs
[INFO] Grouped non-pi variables in 0.564236 secs
[INFO] Initiating message passing
[INFO] Factor graph messages have converged in 1 iterations
[INFO] Factor graph messages have converged in 0.840362 secs
[INFO] Ran 3 FactorGraph convergences
[INFO] largestSupportSet 10, numConvergence:20
[INFO] Grouped func nodes in 6.486e-06 secs
[INFO] Created factor graph with 1 functions on 1 variables in 1.3938e-05 secs
[INFO] Grouped non-pi variables in 1.8927e-05 secs
[INFO] Initiating message passing
[INFO] Factor graph messages have converged in 3 iterations
[INFO] Factor graph messages have converged in 8.758e-06 secs
[INFO] Grouped func nodes in 2.379e-06 secs
[INFO] Created factor graph with 1 functions on 1 variables in 3.568e-06 secs
[INFO] Grouped non-pi variables in 7.234e-06 secs
[INFO] Initiating message passing
[INFO] Factor graph messages have converged in 3 iterations
[INFO] Factor graph messages have converged in 5.86e-06 secs
[INFO] Ran 2 FactorGraph convergences
[INFO] largestSupportSet 10, numConvergence:20
[INFO] Grouped func nodes in 2.17e-06 secs
[INFO] Created factor graph with 1 functions on 1 variables in 3.41e-06 secs
[INFO] Grouped non-pi variables in 6.931e-06 secs
[INFO] Initiating message passing
[INFO] Factor graph messages have converged in 3 iterations
[INFO] Factor graph messages have converged in 5.561e-06 secs
[INFO] Grouped func nodes in 1.755e-06 secs
[INFO] Created factor graph with 1 functions on 1 variables in 3.221e-06 secs
[INFO] Grouped non-pi variables in 6.788e-06 secs
[INFO] Initiating message passing
[INFO] Factor graph messages have converged in 3 iterations
[INFO] Factor graph messages have converged in 5.479e-06 secs
[INFO] Ran 2 FactorGraph convergences
[INFO] Finished over approximating method FactorGraphApprox in 48.7664 sec
[INFO] SUCCESS 6s4_bdd.blif
scripts/ganak.sh /home/parakram/Software/DDP/FactorGraph/src/experiments/20200123/results/6s4_bdd.blif_10_20.cnf
c Outputting solution to console
c GANAK version 1.0.0
The value of delta is 0.05
The value of hashrange is 64x1
Solving /home/parakram/Software/DDP/FactorGraph/src/experiments/20200123/results/6s4_bdd.blif_10_20.cnf
variables (all/used/free): 	406/406/0
clauses (all/long/binary/unit): 9/4/0/5
Sampling set is present, performing projected model counting 
Sampling set size: 404
Sampling set:  1 2 3 4 5 6 7 8 9 10 11 12 13 14 15 16 17 18 19 20 21 22 23 24 25 26 27 28 29 30 31 32 33 34 35 36 37 38 39 40 41 42 43 44 45 46 47 48 49 50 51 52 53 54 55 56 57 58 59 60 61 62 63 64 65 66 67 68 69 70 71 72 73 74 75 76 77 78 79 80 81 82 83 84 85 86 87 88 89 90 91 92 93 94 95 96 97 98 99 100 101 102 103 104 105 106 107 108 109 110 111 112 113 114 115 116 117 118 119 120 121 122 123 124 125 126 127 128 129 130 131 132 133 134 135 136 137 138 139 140 141 142 143 144 145 146 147 148 149 150 151 152 153 154 155 156 157 158 159 160 161 162 163 164 165 166 167 168 169 170 171 172 173 174 175 176 177 178 179 180 181 182 183 184 185 186 187 188 189 190 191 192 193 194 195 196 197 198 199 200 201 202 203 204 205 206 207 208 209 210 211 212 213 214 215 216 217 218 219 220 221 222 223 224 225 226 227 228 229 230 231 232 233 234 235 236 237 238 239 240 241 242 243 244 245 246 247 248 249 250 251 252 253 254 255 256 257 258 259 260 261 262 263 264 265 266 267 268 269 270 271 272 273 274 275 276 277 278 279 280 281 282 283 284 285 286 287 288 289 290 291 292 293 294 295 296 297 298 299 300 301 302 303 304 305 306 307 308 309 310 311 312 313 314 315 316 317 318 319 320 321 322 323 324 325 326 327 328 329 330 331 332 333 334 335 336 337 338 339 340 341 342 343 344 345 346 347 348 349 350 351 352 353 354 355 356 357 358 359 360 361 362 363 364 365 366 367 368 369 370 371 372 373 374 375 376 377 378 379 380 381 382 383 384 385 386 387 388 389 390 391 392 393 394 395 396 397 398 399 400 401 402 403 404

Preprocessing ..
 DONE
variables (all/used/free): 	402/2/400
clauses (all/long/binary/unit): 1/0/1/0
Maximum cache size:	2000 MB

We have solved halfed
We have solved halfed


variables (total / active / free)	402/2/400
clauses (removed) 			9 (8)
decisions 				1
Max. decision level 			1
conflicts 				0
conflict clauses (all/bin/unit) 	0/0/0

failed literals found by implicit BCP 	 0
implicit BCP miss rate 	 0%
bytes cache size     	20234600	
bytes cache (overall) 	20234600
bytes cache components (overall) 	192
bytes cache (infra / comps) 20234408/192	
bytes pure comp data (curr)    8
bytes pure comp data (overall) 8
bytes cache with sysoverh (curr)    320
bytes cache with sysoverh (overall) 320
cache (lookup / stores / hits) 			1/2/0
cache miss rate 100%
 avg. variable count (stores / hits) 	2/0


# solutions 
7746749634260725768967757516009035622989117378487670538491978069621942866050523583888936059840413494307709515918242480128
# END

time: 0.003212s

The total user time taken by ganak is:  0.0
blif_solve/blif_solve --under_approximating_method Skip --largest_support_set 20 --num_convergence 1 --over_approximating_method FactorGraphApprox --verbosity INFO --seed 20200123 ../../data_sets/bddblif/6s4_bdd.blif --diff_output_path experiments/20200123/results/6s4_bdd.blif_20_1.cnf
[INFO] created 202 factors with 613 vars (209 primary inputs + 404 others) in 0.888819 sec
[INFO] Executing over approximating method FactorGraphApprox
[INFO] processing 3 partitions
[INFO] largestSupportSet 20, numConvergence:1
[INFO] Grouped func nodes in 20.473 secs
[INFO] Created factor graph with 131 functions on 175 variables in 0.367432 secs
[INFO] Grouped non-pi variables in 0.460183 secs
[INFO] Initiating message passing
[INFO] Factor graph messages have converged in 4 iterations
[INFO] Factor graph messages have converged in 1.01871 secs
[INFO] Ran 1 FactorGraph convergences
[INFO] largestSupportSet 20, numConvergence:1
[INFO] Grouped func nodes in 5.415e-06 secs
[INFO] Created factor graph with 1 functions on 1 variables in 1.0959e-05 secs
[INFO] Grouped non-pi variables in 1.4718e-05 secs
[INFO] Initiating message passing
[INFO] Factor graph messages have converged in 3 iterations
[INFO] Factor graph messages have converged in 6.857e-06 secs
[INFO] Ran 1 FactorGraph convergences
[INFO] largestSupportSet 20, numConvergence:1
[INFO] Grouped func nodes in 1.863e-06 secs
[INFO] Created factor graph with 1 functions on 1 variables in 3.692e-06 secs
[INFO] Grouped non-pi variables in 7.268e-06 secs
[INFO] Initiating message passing
[INFO] Factor graph messages have converged in 3 iterations
[INFO] Factor graph messages have converged in 5.607e-06 secs
[INFO] Ran 1 FactorGraph convergences
[INFO] Finished over approximating method FactorGraphApprox in 22.1714 sec
[INFO] SUCCESS 6s4_bdd.blif
scripts/ganak.sh /home/parakram/Software/DDP/FactorGraph/src/experiments/20200123/results/6s4_bdd.blif_20_1.cnf
c Outputting solution to console
c GANAK version 1.0.0
The value of delta is 0.05
The value of hashrange is 64x1
Solving /home/parakram/Software/DDP/FactorGraph/src/experiments/20200123/results/6s4_bdd.blif_20_1.cnf
variables (all/used/free): 	407/407/0
clauses (all/long/binary/unit): 14/8/0/6
Sampling set is present, performing projected model counting 
Sampling set size: 404
Sampling set:  1 2 3 4 5 6 7 8 9 10 11 12 13 14 15 16 17 18 19 20 21 22 23 24 25 26 27 28 29 30 31 32 33 34 35 36 37 38 39 40 41 42 43 44 45 46 47 48 49 50 51 52 53 54 55 56 57 58 59 60 61 62 63 64 65 66 67 68 69 70 71 72 73 74 75 76 77 78 79 80 81 82 83 84 85 86 87 88 89 90 91 92 93 94 95 96 97 98 99 100 101 102 103 104 105 106 107 108 109 110 111 112 113 114 115 116 117 118 119 120 121 122 123 124 125 126 127 128 129 130 131 132 133 134 135 136 137 138 139 140 141 142 143 144 145 146 147 148 149 150 151 152 153 154 155 156 157 158 159 160 161 162 163 164 165 166 167 168 169 170 171 172 173 174 175 176 177 178 179 180 181 182 183 184 185 186 187 188 189 190 191 192 193 194 195 196 197 198 199 200 201 202 203 204 205 206 207 208 209 210 211 212 213 214 215 216 217 218 219 220 221 222 223 224 225 226 227 228 229 230 231 232 233 234 235 236 237 238 239 240 241 242 243 244 245 246 247 248 249 250 251 252 253 254 255 256 257 258 259 260 261 262 263 264 265 266 267 268 269 270 271 272 273 274 275 276 277 278 279 280 281 282 283 284 285 286 287 288 289 290 291 292 293 294 295 296 297 298 299 300 301 302 303 304 305 306 307 308 309 310 311 312 313 314 315 316 317 318 319 320 321 322 323 324 325 326 327 328 329 330 331 332 333 334 335 336 337 338 339 340 341 342 343 344 345 346 347 348 349 350 351 352 353 354 355 356 357 358 359 360 361 362 363 364 365 366 367 368 369 370 371 372 373 374 375 376 377 378 379 380 381 382 383 384 385 386 387 388 389 390 391 392 393 394 395 396 397 398 399 400 401 402 403 404

Preprocessing ..
 DONE
variables (all/used/free): 	402/4/398
clauses (all/long/binary/unit): 2/0/2/0
Maximum cache size:	2000 MB

We have solved halfed
We have solved halfed
We have solved halfed
We have solved halfed


variables (total / active / free)	402/4/398
clauses (removed) 			14 (12)
decisions 				2
Max. decision level 			1
conflicts 				0
conflict clauses (all/bin/unit) 	0/0/0

failed literals found by implicit BCP 	 0
implicit BCP miss rate 	 0%
bytes cache size     	20234696	
bytes cache (overall) 	20234696
bytes cache components (overall) 	288
bytes cache (infra / comps) 20234408/288	
bytes pure comp data (curr)    12
bytes pure comp data (overall) 12
bytes cache with sysoverh (curr)    480
bytes cache with sysoverh (overall) 480
cache (lookup / stores / hits) 			2/3/0
cache miss rate 100%
 avg. variable count (stores / hits) 	2.66667/0


# solutions 
5810062225695544326725818137006776717241838033865752903868983552216457149537892687916702044880310120730782136938681860096
# END

time: 0.003223s

The total user time taken by ganak is:  0.0
blif_solve/blif_solve --under_approximating_method Skip --largest_support_set 20 --num_convergence 5 --over_approximating_method FactorGraphApprox --verbosity INFO --seed 20200123 ../../data_sets/bddblif/6s4_bdd.blif --diff_output_path experiments/20200123/results/6s4_bdd.blif_20_5.cnf
[INFO] created 202 factors with 613 vars (209 primary inputs + 404 others) in 0.896076 sec
[INFO] Executing over approximating method FactorGraphApprox
[INFO] processing 3 partitions
[INFO] largestSupportSet 20, numConvergence:5
[INFO] Grouped func nodes in 20.4385 secs
[INFO] Created factor graph with 131 functions on 175 variables in 0.364125 secs
[INFO] Grouped non-pi variables in 0.457967 secs
[INFO] Initiating message passing
[INFO] Factor graph messages have converged in 4 iterations
[INFO] Factor graph messages have converged in 1.01388 secs
[INFO] Grouped func nodes in 30.0311 secs
[INFO] Created factor graph with 133 functions on 185 variables in 0.370587 secs
[INFO] Grouped non-pi variables in 0.468748 secs
[INFO] Initiating message passing
[INFO] Factor graph messages have converged in 4 iterations
[INFO] Factor graph messages have converged in 1.13027 secs
[INFO] Grouped func nodes in 28.6104 secs
[INFO] Created factor graph with 131 functions on 238 variables in 0.367991 secs
[INFO] Grouped non-pi variables in 0.471003 secs
[INFO] Initiating message passing
[INFO] Factor graph messages have converged in 4 iterations
[INFO] Factor graph messages have converged in 0.961929 secs
scripts/ganak.sh /home/parakram/Software/DDP/FactorGraph/src/experiments/20200123/results/6s4_bdd.blif_20_5.cnf
c Outputting solution to console
c GANAK version 1.0.0
The value of delta is 0.05
The value of hashrange is 64x1
Cannot open file: /home/parakram/Software/DDP/FactorGraph/src/experiments/20200123/results/6s4_bdd.blif_20_5.cnf
The total user time taken by ganak is:  0.0
blif_solve/blif_solve --under_approximating_method Skip --largest_support_set 40 --num_convergence 1 --over_approximating_method FactorGraphApprox --verbosity INFO --seed 20200123 ../../data_sets/bddblif/6s4_bdd.blif --diff_output_path experiments/20200123/results/6s4_bdd.blif_40_1.cnf
[INFO] created 202 factors with 613 vars (209 primary inputs + 404 others) in 0.895452 sec
[INFO] Executing over approximating method FactorGraphApprox
[INFO] processing 3 partitions
[INFO] largestSupportSet 40, numConvergence:1
[INFO] Grouped func nodes in 33.9669 secs
[INFO] Created factor graph with 108 functions on 152 variables in 1.16936 secs
[INFO] Grouped non-pi variables in 3.15274 secs
[INFO] Initiating message passing
[INFO] Factor graph messages have converged in 4 iterations
[INFO] Factor graph messages have converged in 43.7112 secs
[INFO] Ran 1 FactorGraph convergences
[INFO] largestSupportSet 40, numConvergence:1
[INFO] Grouped func nodes in 7.079e-06 secs
[INFO] Created factor graph with 1 functions on 1 variables in 7.832e-06 secs
[INFO] Grouped non-pi variables in 1.1184e-05 secs
[INFO] Initiating message passing
[INFO] Factor graph messages have converged in 3 iterations
[INFO] Factor graph messages have converged in 6.401e-06 secs
[INFO] Ran 1 FactorGraph convergences
[INFO] largestSupportSet 40, numConvergence:1
[INFO] Grouped func nodes in 1.379e-06 secs
[INFO] Created factor graph with 1 functions on 1 variables in 2.708e-06 secs
[INFO] Grouped non-pi variables in 4.867e-06 secs
[INFO] Initiating message passing
[INFO] Factor graph messages have converged in 3 iterations
[INFO] Factor graph messages have converged in 4.754e-06 secs
[INFO] Ran 1 FactorGraph convergences
[INFO] Finished over approximating method FactorGraphApprox in 81.2752 sec
[INFO] SUCCESS 6s4_bdd.blif
scripts/ganak.sh /home/parakram/Software/DDP/FactorGraph/src/experiments/20200123/results/6s4_bdd.blif_40_1.cnf
c Outputting solution to console
c GANAK version 1.0.0
The value of delta is 0.05
The value of hashrange is 64x1
Solving /home/parakram/Software/DDP/FactorGraph/src/experiments/20200123/results/6s4_bdd.blif_40_1.cnf
variables (all/used/free): 	409/409/0
clauses (all/long/binary/unit): 22/16/0/6
Sampling set is present, performing projected model counting 
Sampling set size: 404
Sampling set:  1 2 3 4 5 6 7 8 9 10 11 12 13 14 15 16 17 18 19 20 21 22 23 24 25 26 27 28 29 30 31 32 33 34 35 36 37 38 39 40 41 42 43 44 45 46 47 48 49 50 51 52 53 54 55 56 57 58 59 60 61 62 63 64 65 66 67 68 69 70 71 72 73 74 75 76 77 78 79 80 81 82 83 84 85 86 87 88 89 90 91 92 93 94 95 96 97 98 99 100 101 102 103 104 105 106 107 108 109 110 111 112 113 114 115 116 117 118 119 120 121 122 123 124 125 126 127 128 129 130 131 132 133 134 135 136 137 138 139 140 141 142 143 144 145 146 147 148 149 150 151 152 153 154 155 156 157 158 159 160 161 162 163 164 165 166 167 168 169 170 171 172 173 174 175 176 177 178 179 180 181 182 183 184 185 186 187 188 189 190 191 192 193 194 195 196 197 198 199 200 201 202 203 204 205 206 207 208 209 210 211 212 213 214 215 216 217 218 219 220 221 222 223 224 225 226 227 228 229 230 231 232 233 234 235 236 237 238 239 240 241 242 243 244 245 246 247 248 249 250 251 252 253 254 255 256 257 258 259 260 261 262 263 264 265 266 267 268 269 270 271 272 273 274 275 276 277 278 279 280 281 282 283 284 285 286 287 288 289 290 291 292 293 294 295 296 297 298 299 300 301 302 303 304 305 306 307 308 309 310 311 312 313 314 315 316 317 318 319 320 321 322 323 324 325 326 327 328 329 330 331 332 333 334 335 336 337 338 339 340 341 342 343 344 345 346 347 348 349 350 351 352 353 354 355 356 357 358 359 360 361 362 363 364 365 366 367 368 369 370 371 372 373 374 375 376 377 378 379 380 381 382 383 384 385 386 387 388 389 390 391 392 393 394 395 396 397 398 399 400 401 402 403 404

Preprocessing ..
 DONE
variables (all/used/free): 	403/6/397
clauses (all/long/binary/unit): 6/2/4/0
Maximum cache size:	2000 MB

We have solved halfed
We have solved halfed
We have solved halfed
We have solved halfed


variables (total / active / free)	403/6/397
clauses (removed) 			22 (16)
decisions 				3
Max. decision level 			2
conflicts 				0
conflict clauses (all/bin/unit) 	0/0/0

failed literals found by implicit BCP 	 0
implicit BCP miss rate 	 100%
bytes cache size     	20234792	
bytes cache (overall) 	20234792
bytes cache components (overall) 	384
bytes cache (infra / comps) 20234408/384	
bytes pure comp data (curr)    16
bytes pure comp data (overall) 16
bytes cache with sysoverh (curr)    640
bytes cache with sysoverh (overall) 640
cache (lookup / stores / hits) 			3/4/0
cache miss rate 100%
 avg. variable count (stores / hits) 	3.75/0


# solutions 
3873374817130362884483878758004517811494558689243835269245989034810971433025261791944468029920206747153854757959121240064
# END

time: 0.003314s

The total user time taken by ganak is:  0.0
blif_solve/blif_solve --under_approximating_method Skip --largest_support_set 40 --num_convergence 5 --over_approximating_method FactorGraphApprox --verbosity INFO --seed 20200123 ../../data_sets/bddblif/6s4_bdd.blif --diff_output_path experiments/20200123/results/6s4_bdd.blif_40_5.cnf
[INFO] created 202 factors with 613 vars (209 primary inputs + 404 others) in 0.904461 sec
[INFO] Executing over approximating method FactorGraphApprox
[INFO] processing 3 partitions
[INFO] largestSupportSet 40, numConvergence:5
[INFO] Grouped func nodes in 33.9296 secs
[INFO] Created factor graph with 108 functions on 152 variables in 1.16109 secs
[INFO] Grouped non-pi variables in 3.1197 secs
[INFO] Initiating message passing
[INFO] Factor graph messages have converged in 4 iterations
[INFO] Factor graph messages have converged in 43.7296 secs
scripts/ganak.sh /home/parakram/Software/DDP/FactorGraph/src/experiments/20200123/results/6s4_bdd.blif_40_5.cnf
c Outputting solution to console
c GANAK version 1.0.0
The value of delta is 0.05
The value of hashrange is 64x1
Cannot open file: /home/parakram/Software/DDP/FactorGraph/src/experiments/20200123/results/6s4_bdd.blif_40_5.cnf
The total user time taken by ganak is:  0.0
