blif_solve/blif_solve --must_count_solutions --under_approximating_method False --clipping_depth 10 --over_approximating_method ClippingOverApprox --verbosity INFO ../../data_sets/bddblif/6s120_bdd.blif
[INFO] created 58 factors with 174 vars (58 primary inputs + 116 others) in 33.6934 sec
[INFO] Executing over approximating method ClippingOverApprox
[INFO] Finised over approximating method ClippingOverApprox in 0.0248209 sec
[INFO] Over approximating method ClippingOverApprox finished with 8.30767e+34 solutions.
[INFO] Executing under approximating method False
[INFO] Finished under approximating method False in 3.394e-06 sec
[INFO] Under approximating method False finished with 0 solutions.
[INFO] SUCCESS 6s120_bdd.blif
blif_solve/blif_solve --must_count_solutions --under_approximating_method False --clipping_depth 20 --over_approximating_method ClippingOverApprox --verbosity INFO ../../data_sets/bddblif/6s120_bdd.blif
[INFO] created 58 factors with 174 vars (58 primary inputs + 116 others) in 34.0664 sec
[INFO] Executing over approximating method ClippingOverApprox
[INFO] Finised over approximating method ClippingOverApprox in 0.000849423 sec
[INFO] Over approximating method ClippingOverApprox finished with 8.30767e+34 solutions.
[INFO] Executing under approximating method False
[INFO] Finished under approximating method False in 1.877e-06 sec
[INFO] Under approximating method False finished with 0 solutions.
[INFO] SUCCESS 6s120_bdd.blif
blif_solve/blif_solve --must_count_solutions --under_approximating_method False --clipping_depth 30 --over_approximating_method ClippingOverApprox --verbosity INFO ../../data_sets/bddblif/6s120_bdd.blif
[INFO] created 58 factors with 174 vars (58 primary inputs + 116 others) in 34.1546 sec
[INFO] Executing over approximating method ClippingOverApprox
[INFO] Finised over approximating method ClippingOverApprox in 0.00121678 sec
[INFO] Over approximating method ClippingOverApprox finished with 8.30767e+34 solutions.
[INFO] Executing under approximating method False
[INFO] Finished under approximating method False in 2.167e-06 sec
[INFO] Under approximating method False finished with 0 solutions.
[INFO] SUCCESS 6s120_bdd.blif
blif_solve/blif_solve --must_count_solutions --under_approximating_method False --clipping_depth 40 --over_approximating_method ClippingOverApprox --verbosity INFO ../../data_sets/bddblif/6s120_bdd.blif
[INFO] created 58 factors with 174 vars (58 primary inputs + 116 others) in 34.5728 sec
[INFO] Executing over approximating method ClippingOverApprox
[INFO] Finised over approximating method ClippingOverApprox in 0.00157249 sec
[INFO] Over approximating method ClippingOverApprox finished with 8.30767e+34 solutions.
[INFO] Executing under approximating method False
[INFO] Finished under approximating method False in 1.961e-06 sec
[INFO] Under approximating method False finished with 0 solutions.
[INFO] SUCCESS 6s120_bdd.blif
blif_solve/blif_solve --must_count_solutions --under_approximating_method False --clipping_depth 50 --over_approximating_method ClippingOverApprox --verbosity INFO ../../data_sets/bddblif/6s120_bdd.blif
[INFO] created 58 factors with 174 vars (58 primary inputs + 116 others) in 33.5344 sec
[INFO] Executing over approximating method ClippingOverApprox
[INFO] Finised over approximating method ClippingOverApprox in 0.0019375 sec
[INFO] Over approximating method ClippingOverApprox finished with 8.30767e+34 solutions.
[INFO] Executing under approximating method False
[INFO] Finished under approximating method False in 1.874e-06 sec
[INFO] Under approximating method False finished with 0 solutions.
[INFO] SUCCESS 6s120_bdd.blif
blif_solve/blif_solve --must_count_solutions --under_approximating_method False --clipping_depth 75 --over_approximating_method ClippingOverApprox --verbosity INFO ../../data_sets/bddblif/6s120_bdd.blif
[INFO] created 58 factors with 174 vars (58 primary inputs + 116 others) in 34.2947 sec
[INFO] Executing over approximating method ClippingOverApprox
[INFO] Finised over approximating method ClippingOverApprox in 4.31695 sec
[INFO] Over approximating method ClippingOverApprox finished with 8.30767e+34 solutions.
[INFO] Executing under approximating method False
[INFO] Finished under approximating method False in 1.959e-06 sec
[INFO] Under approximating method False finished with 0 solutions.
[INFO] SUCCESS 6s120_bdd.blif
blif_solve/blif_solve --must_count_solutions --under_approximating_method False --clipping_depth 100 --over_approximating_method ClippingOverApprox --verbosity INFO ../../data_sets/bddblif/6s120_bdd.blif
[INFO] created 58 factors with 174 vars (58 primary inputs + 116 others) in 34.1073 sec
[INFO] Executing over approximating method ClippingOverApprox
blif_solve/blif_solve --must_count_solutions --under_approximating_method False --clipping_depth 200 --over_approximating_method ClippingOverApprox --verbosity INFO ../../data_sets/bddblif/6s120_bdd.blif
[INFO] created 58 factors with 174 vars (58 primary inputs + 116 others) in 33.9651 sec
[INFO] Executing over approximating method ClippingOverApprox
blif_solve/blif_solve --must_count_solutions --under_approximating_method False --clipping_depth 300 --over_approximating_method ClippingOverApprox --verbosity INFO ../../data_sets/bddblif/6s120_bdd.blif
[INFO] created 58 factors with 174 vars (58 primary inputs + 116 others) in 33.708 sec
[INFO] Executing over approximating method ClippingOverApprox
blif_solve/blif_solve --must_count_solutions --under_approximating_method False --clipping_depth 400 --over_approximating_method ClippingOverApprox --verbosity INFO ../../data_sets/bddblif/6s120_bdd.blif
[INFO] created 58 factors with 174 vars (58 primary inputs + 116 others) in 33.7398 sec
[INFO] Executing over approximating method ClippingOverApprox
blif_solve/blif_solve --must_count_solutions --under_approximating_method False --clipping_depth 800 --over_approximating_method ClippingOverApprox --verbosity INFO ../../data_sets/bddblif/6s120_bdd.blif
[INFO] created 58 factors with 174 vars (58 primary inputs + 116 others) in 33.7722 sec
[INFO] Executing over approximating method ClippingOverApprox
blif_solve/blif_solve --must_count_solutions --under_approximating_method False --clipping_depth 1600 --over_approximating_method ClippingOverApprox --verbosity INFO ../../data_sets/bddblif/6s120_bdd.blif
[INFO] created 58 factors with 174 vars (58 primary inputs + 116 others) in 33.8911 sec
[INFO] Executing over approximating method ClippingOverApprox
