blif_solve/blif_solve --must_count_solutions --under_approximating_method False --clipping_depth 10 --over_approximating_method ClippingOverApprox --verbosity INFO ../../data_sets/bddblif/6s134_bdd.blif
[INFO] created 571 factors with 1141 vars (36 primary inputs + 1105 others) in 1.18303 sec
[INFO] Executing over approximating method ClippingOverApprox
[INFO] Finised over approximating method ClippingOverApprox in 0.0418034 sec
[INFO] Over approximating method ClippingOverApprox finished with 4.34656e+332 solutions.
[INFO] Executing under approximating method False
[INFO] Finished under approximating method False in 1.808e-06 sec
[INFO] Under approximating method False finished with 0 solutions.
[INFO] SUCCESS 6s134_bdd.blif
blif_solve/blif_solve --must_count_solutions --under_approximating_method False --clipping_depth 20 --over_approximating_method ClippingOverApprox --verbosity INFO ../../data_sets/bddblif/6s134_bdd.blif
[INFO] created 571 factors with 1141 vars (36 primary inputs + 1105 others) in 1.18526 sec
[INFO] Executing over approximating method ClippingOverApprox
[INFO] Finised over approximating method ClippingOverApprox in 0.0769721 sec
[INFO] Over approximating method ClippingOverApprox finished with 4.34656e+332 solutions.
[INFO] Executing under approximating method False
[INFO] Finished under approximating method False in 3.47e-06 sec
[INFO] Under approximating method False finished with 0 solutions.
[INFO] SUCCESS 6s134_bdd.blif
blif_solve/blif_solve --must_count_solutions --under_approximating_method False --clipping_depth 30 --over_approximating_method ClippingOverApprox --verbosity INFO ../../data_sets/bddblif/6s134_bdd.blif
[INFO] created 571 factors with 1141 vars (36 primary inputs + 1105 others) in 1.19478 sec
[INFO] Executing over approximating method ClippingOverApprox
[INFO] Finised over approximating method ClippingOverApprox in 0.115067 sec
[INFO] Over approximating method ClippingOverApprox finished with 4.34656e+332 solutions.
[INFO] Executing under approximating method False
[INFO] Finished under approximating method False in 2.856e-06 sec
[INFO] Under approximating method False finished with 0 solutions.
[INFO] SUCCESS 6s134_bdd.blif
blif_solve/blif_solve --must_count_solutions --under_approximating_method False --clipping_depth 40 --over_approximating_method ClippingOverApprox --verbosity INFO ../../data_sets/bddblif/6s134_bdd.blif
[INFO] created 571 factors with 1141 vars (36 primary inputs + 1105 others) in 1.1972 sec
[INFO] Executing over approximating method ClippingOverApprox
[INFO] Finised over approximating method ClippingOverApprox in 0.143888 sec
[INFO] Over approximating method ClippingOverApprox finished with 4.34656e+332 solutions.
[INFO] Executing under approximating method False
[INFO] Finished under approximating method False in 2.163e-06 sec
[INFO] Under approximating method False finished with 0 solutions.
[INFO] SUCCESS 6s134_bdd.blif
blif_solve/blif_solve --must_count_solutions --under_approximating_method False --clipping_depth 50 --over_approximating_method ClippingOverApprox --verbosity INFO ../../data_sets/bddblif/6s134_bdd.blif
[INFO] created 571 factors with 1141 vars (36 primary inputs + 1105 others) in 1.19714 sec
[INFO] Executing over approximating method ClippingOverApprox
[INFO] Finised over approximating method ClippingOverApprox in 6.59058 sec
[INFO] Over approximating method ClippingOverApprox finished with 4.34656e+332 solutions.
[INFO] Executing under approximating method False
[INFO] Finished under approximating method False in 2.314e-06 sec
[INFO] Under approximating method False finished with 0 solutions.
[INFO] SUCCESS 6s134_bdd.blif
blif_solve/blif_solve --must_count_solutions --under_approximating_method False --clipping_depth 75 --over_approximating_method ClippingOverApprox --verbosity INFO ../../data_sets/bddblif/6s134_bdd.blif
[INFO] created 571 factors with 1141 vars (36 primary inputs + 1105 others) in 1.19688 sec
[INFO] Executing over approximating method ClippingOverApprox
blif_solve/blif_solve --must_count_solutions --under_approximating_method False --clipping_depth 100 --over_approximating_method ClippingOverApprox --verbosity INFO ../../data_sets/bddblif/6s134_bdd.blif
[INFO] created 571 factors with 1141 vars (36 primary inputs + 1105 others) in 1.19851 sec
[INFO] Executing over approximating method ClippingOverApprox
blif_solve/blif_solve --must_count_solutions --under_approximating_method False --clipping_depth 200 --over_approximating_method ClippingOverApprox --verbosity INFO ../../data_sets/bddblif/6s134_bdd.blif
[INFO] created 571 factors with 1141 vars (36 primary inputs + 1105 others) in 1.19877 sec
[INFO] Executing over approximating method ClippingOverApprox
blif_solve/blif_solve --must_count_solutions --under_approximating_method False --clipping_depth 300 --over_approximating_method ClippingOverApprox --verbosity INFO ../../data_sets/bddblif/6s134_bdd.blif
[INFO] created 571 factors with 1141 vars (36 primary inputs + 1105 others) in 1.19444 sec
[INFO] Executing over approximating method ClippingOverApprox
blif_solve/blif_solve --must_count_solutions --under_approximating_method False --clipping_depth 400 --over_approximating_method ClippingOverApprox --verbosity INFO ../../data_sets/bddblif/6s134_bdd.blif
[INFO] created 571 factors with 1141 vars (36 primary inputs + 1105 others) in 1.18297 sec
[INFO] Executing over approximating method ClippingOverApprox
blif_solve/blif_solve --must_count_solutions --under_approximating_method False --clipping_depth 800 --over_approximating_method ClippingOverApprox --verbosity INFO ../../data_sets/bddblif/6s134_bdd.blif
[INFO] created 571 factors with 1141 vars (36 primary inputs + 1105 others) in 1.19854 sec
[INFO] Executing over approximating method ClippingOverApprox
blif_solve/blif_solve --must_count_solutions --under_approximating_method False --clipping_depth 1600 --over_approximating_method ClippingOverApprox --verbosity INFO ../../data_sets/bddblif/6s134_bdd.blif
[INFO] created 571 factors with 1141 vars (36 primary inputs + 1105 others) in 1.22298 sec
[INFO] Executing over approximating method ClippingOverApprox
