blif_solve/blif_solve --must_count_solutions --under_approximating_method False --clipping_depth 10 --over_approximating_method ClippingOverApprox --verbosity INFO ../../data_sets/bddblif/6s185_bdd.blif
[INFO] created 367 factors with 770 vars (37 primary inputs + 733 others) in 0.0824811 sec
[INFO] Executing over approximating method ClippingOverApprox
[INFO] Finised over approximating method ClippingOverApprox in 0.0167673 sec
[INFO] Over approximating method ClippingOverApprox finished with 4.51842e+220 solutions.
[INFO] Executing under approximating method False
[INFO] Finished under approximating method False in 3.307e-06 sec
[INFO] Under approximating method False finished with 0 solutions.
[INFO] SUCCESS 6s185_bdd.blif
blif_solve/blif_solve --must_count_solutions --under_approximating_method False --clipping_depth 20 --over_approximating_method ClippingOverApprox --verbosity INFO ../../data_sets/bddblif/6s185_bdd.blif
[INFO] created 367 factors with 770 vars (37 primary inputs + 733 others) in 0.0810463 sec
[INFO] Executing over approximating method ClippingOverApprox
[INFO] Finised over approximating method ClippingOverApprox in 0.0327778 sec
[INFO] Over approximating method ClippingOverApprox finished with 4.51842e+220 solutions.
[INFO] Executing under approximating method False
[INFO] Finished under approximating method False in 1.97e-06 sec
[INFO] Under approximating method False finished with 0 solutions.
[INFO] SUCCESS 6s185_bdd.blif
blif_solve/blif_solve --must_count_solutions --under_approximating_method False --clipping_depth 30 --over_approximating_method ClippingOverApprox --verbosity INFO ../../data_sets/bddblif/6s185_bdd.blif
[INFO] created 367 factors with 770 vars (37 primary inputs + 733 others) in 0.08104 sec
[INFO] Executing over approximating method ClippingOverApprox
[INFO] Finised over approximating method ClippingOverApprox in 0.0481354 sec
[INFO] Over approximating method ClippingOverApprox finished with 4.51842e+220 solutions.
[INFO] Executing under approximating method False
[INFO] Finished under approximating method False in 2.297e-06 sec
[INFO] Under approximating method False finished with 0 solutions.
[INFO] SUCCESS 6s185_bdd.blif
blif_solve/blif_solve --must_count_solutions --under_approximating_method False --clipping_depth 40 --over_approximating_method ClippingOverApprox --verbosity INFO ../../data_sets/bddblif/6s185_bdd.blif
[INFO] created 367 factors with 770 vars (37 primary inputs + 733 others) in 0.0801831 sec
[INFO] Executing over approximating method ClippingOverApprox
[INFO] Finised over approximating method ClippingOverApprox in 0.0607318 sec
[INFO] Over approximating method ClippingOverApprox finished with 4.51842e+220 solutions.
[INFO] Executing under approximating method False
[INFO] Finished under approximating method False in 2.159e-06 sec
[INFO] Under approximating method False finished with 0 solutions.
[INFO] SUCCESS 6s185_bdd.blif
blif_solve/blif_solve --must_count_solutions --under_approximating_method False --clipping_depth 50 --over_approximating_method ClippingOverApprox --verbosity INFO ../../data_sets/bddblif/6s185_bdd.blif
[INFO] created 367 factors with 770 vars (37 primary inputs + 733 others) in 0.0804173 sec
[INFO] Executing over approximating method ClippingOverApprox
[INFO] Finised over approximating method ClippingOverApprox in 1.89944 sec
[INFO] Over approximating method ClippingOverApprox finished with 4.51842e+220 solutions.
[INFO] Executing under approximating method False
[INFO] Finished under approximating method False in 2.538e-06 sec
[INFO] Under approximating method False finished with 0 solutions.
[INFO] SUCCESS 6s185_bdd.blif
blif_solve/blif_solve --must_count_solutions --under_approximating_method False --clipping_depth 75 --over_approximating_method ClippingOverApprox --verbosity INFO ../../data_sets/bddblif/6s185_bdd.blif
[INFO] created 367 factors with 770 vars (37 primary inputs + 733 others) in 0.0807337 sec
[INFO] Executing over approximating method ClippingOverApprox
blif_solve/blif_solve --must_count_solutions --under_approximating_method False --clipping_depth 100 --over_approximating_method ClippingOverApprox --verbosity INFO ../../data_sets/bddblif/6s185_bdd.blif
[INFO] created 367 factors with 770 vars (37 primary inputs + 733 others) in 0.0805319 sec
[INFO] Executing over approximating method ClippingOverApprox
blif_solve/blif_solve --must_count_solutions --under_approximating_method False --clipping_depth 200 --over_approximating_method ClippingOverApprox --verbosity INFO ../../data_sets/bddblif/6s185_bdd.blif
[INFO] created 367 factors with 770 vars (37 primary inputs + 733 others) in 0.0804788 sec
[INFO] Executing over approximating method ClippingOverApprox
blif_solve/blif_solve --must_count_solutions --under_approximating_method False --clipping_depth 300 --over_approximating_method ClippingOverApprox --verbosity INFO ../../data_sets/bddblif/6s185_bdd.blif
[INFO] created 367 factors with 770 vars (37 primary inputs + 733 others) in 0.0813119 sec
[INFO] Executing over approximating method ClippingOverApprox
blif_solve/blif_solve --must_count_solutions --under_approximating_method False --clipping_depth 400 --over_approximating_method ClippingOverApprox --verbosity INFO ../../data_sets/bddblif/6s185_bdd.blif
[INFO] created 367 factors with 770 vars (37 primary inputs + 733 others) in 0.0801726 sec
[INFO] Executing over approximating method ClippingOverApprox
blif_solve/blif_solve --must_count_solutions --under_approximating_method False --clipping_depth 800 --over_approximating_method ClippingOverApprox --verbosity INFO ../../data_sets/bddblif/6s185_bdd.blif
[INFO] created 367 factors with 770 vars (37 primary inputs + 733 others) in 0.0800386 sec
[INFO] Executing over approximating method ClippingOverApprox
blif_solve/blif_solve --must_count_solutions --under_approximating_method False --clipping_depth 1600 --over_approximating_method ClippingOverApprox --verbosity INFO ../../data_sets/bddblif/6s185_bdd.blif
[INFO] created 367 factors with 770 vars (37 primary inputs + 733 others) in 0.0805114 sec
[INFO] Executing over approximating method ClippingOverApprox
