blif_solve/blif_solve --must_count_solutions --under_approximating_method False --clipping_depth 10 --over_approximating_method ClippingOverApprox --verbosity INFO ../../data_sets/bddblif/6s187_bdd.blif
[INFO] created 372 factors with 781 vars (38 primary inputs + 743 others) in 0.116637 sec
[INFO] Executing over approximating method ClippingOverApprox
[INFO] Finised over approximating method ClippingOverApprox in 0.0173722 sec
[INFO] Over approximating method ClippingOverApprox finished with 4.62686e+223 solutions.
[INFO] Executing under approximating method False
[INFO] Finished under approximating method False in 2.025e-06 sec
[INFO] Under approximating method False finished with 0 solutions.
[INFO] SUCCESS 6s187_bdd.blif
blif_solve/blif_solve --must_count_solutions --under_approximating_method False --clipping_depth 20 --over_approximating_method ClippingOverApprox --verbosity INFO ../../data_sets/bddblif/6s187_bdd.blif
[INFO] created 372 factors with 781 vars (38 primary inputs + 743 others) in 0.11974 sec
[INFO] Executing over approximating method ClippingOverApprox
[INFO] Finised over approximating method ClippingOverApprox in 0.0348536 sec
[INFO] Over approximating method ClippingOverApprox finished with 4.62686e+223 solutions.
[INFO] Executing under approximating method False
[INFO] Finished under approximating method False in 2.92e-06 sec
[INFO] Under approximating method False finished with 0 solutions.
[INFO] SUCCESS 6s187_bdd.blif
blif_solve/blif_solve --must_count_solutions --under_approximating_method False --clipping_depth 30 --over_approximating_method ClippingOverApprox --verbosity INFO ../../data_sets/bddblif/6s187_bdd.blif
[INFO] created 372 factors with 781 vars (38 primary inputs + 743 others) in 0.118114 sec
[INFO] Executing over approximating method ClippingOverApprox
[INFO] Finised over approximating method ClippingOverApprox in 0.0491511 sec
[INFO] Over approximating method ClippingOverApprox finished with 4.62686e+223 solutions.
[INFO] Executing under approximating method False
[INFO] Finished under approximating method False in 2.348e-06 sec
[INFO] Under approximating method False finished with 0 solutions.
[INFO] SUCCESS 6s187_bdd.blif
blif_solve/blif_solve --must_count_solutions --under_approximating_method False --clipping_depth 40 --over_approximating_method ClippingOverApprox --verbosity INFO ../../data_sets/bddblif/6s187_bdd.blif
[INFO] created 372 factors with 781 vars (38 primary inputs + 743 others) in 0.118009 sec
[INFO] Executing over approximating method ClippingOverApprox
[INFO] Finised over approximating method ClippingOverApprox in 0.062674 sec
[INFO] Over approximating method ClippingOverApprox finished with 4.62686e+223 solutions.
[INFO] Executing under approximating method False
[INFO] Finished under approximating method False in 2.43e-06 sec
[INFO] Under approximating method False finished with 0 solutions.
[INFO] SUCCESS 6s187_bdd.blif
blif_solve/blif_solve --must_count_solutions --under_approximating_method False --clipping_depth 50 --over_approximating_method ClippingOverApprox --verbosity INFO ../../data_sets/bddblif/6s187_bdd.blif
[INFO] created 372 factors with 781 vars (38 primary inputs + 743 others) in 0.117701 sec
[INFO] Executing over approximating method ClippingOverApprox
[INFO] Finised over approximating method ClippingOverApprox in 1.1037 sec
[INFO] Over approximating method ClippingOverApprox finished with 4.62686e+223 solutions.
[INFO] Executing under approximating method False
[INFO] Finished under approximating method False in 2.297e-06 sec
[INFO] Under approximating method False finished with 0 solutions.
[INFO] SUCCESS 6s187_bdd.blif
blif_solve/blif_solve --must_count_solutions --under_approximating_method False --clipping_depth 75 --over_approximating_method ClippingOverApprox --verbosity INFO ../../data_sets/bddblif/6s187_bdd.blif
[INFO] created 372 factors with 781 vars (38 primary inputs + 743 others) in 0.118109 sec
[INFO] Executing over approximating method ClippingOverApprox
blif_solve/blif_solve --must_count_solutions --under_approximating_method False --clipping_depth 100 --over_approximating_method ClippingOverApprox --verbosity INFO ../../data_sets/bddblif/6s187_bdd.blif
[INFO] created 372 factors with 781 vars (38 primary inputs + 743 others) in 0.118955 sec
[INFO] Executing over approximating method ClippingOverApprox
blif_solve/blif_solve --must_count_solutions --under_approximating_method False --clipping_depth 200 --over_approximating_method ClippingOverApprox --verbosity INFO ../../data_sets/bddblif/6s187_bdd.blif
[INFO] created 372 factors with 781 vars (38 primary inputs + 743 others) in 0.119547 sec
[INFO] Executing over approximating method ClippingOverApprox
blif_solve/blif_solve --must_count_solutions --under_approximating_method False --clipping_depth 300 --over_approximating_method ClippingOverApprox --verbosity INFO ../../data_sets/bddblif/6s187_bdd.blif
[INFO] created 372 factors with 781 vars (38 primary inputs + 743 others) in 0.11893 sec
[INFO] Executing over approximating method ClippingOverApprox
blif_solve/blif_solve --must_count_solutions --under_approximating_method False --clipping_depth 400 --over_approximating_method ClippingOverApprox --verbosity INFO ../../data_sets/bddblif/6s187_bdd.blif
[INFO] created 372 factors with 781 vars (38 primary inputs + 743 others) in 0.116937 sec
[INFO] Executing over approximating method ClippingOverApprox
blif_solve/blif_solve --must_count_solutions --under_approximating_method False --clipping_depth 800 --over_approximating_method ClippingOverApprox --verbosity INFO ../../data_sets/bddblif/6s187_bdd.blif
[INFO] created 372 factors with 781 vars (38 primary inputs + 743 others) in 0.118187 sec
[INFO] Executing over approximating method ClippingOverApprox
blif_solve/blif_solve --must_count_solutions --under_approximating_method False --clipping_depth 1600 --over_approximating_method ClippingOverApprox --verbosity INFO ../../data_sets/bddblif/6s187_bdd.blif
[INFO] created 372 factors with 781 vars (38 primary inputs + 743 others) in 0.117939 sec
[INFO] Executing over approximating method ClippingOverApprox
