blif_solve/blif_solve --must_count_solutions --under_approximating_method False --clipping_depth 10 --over_approximating_method ClippingOverApprox --verbosity INFO ../../data_sets/bddblif/6s186_bdd.blif
[INFO] created 372 factors with 781 vars (38 primary inputs + 743 others) in 0.1108 sec
[INFO] Executing over approximating method ClippingOverApprox
[INFO] Finised over approximating method ClippingOverApprox in 0.0172347 sec
[INFO] Over approximating method ClippingOverApprox finished with 4.62686e+223 solutions.
[INFO] Executing under approximating method False
[INFO] Finished under approximating method False in 1.899e-06 sec
[INFO] Under approximating method False finished with 0 solutions.
[INFO] SUCCESS 6s186_bdd.blif
blif_solve/blif_solve --must_count_solutions --under_approximating_method False --clipping_depth 20 --over_approximating_method ClippingOverApprox --verbosity INFO ../../data_sets/bddblif/6s186_bdd.blif
[INFO] created 372 factors with 781 vars (38 primary inputs + 743 others) in 0.111453 sec
[INFO] Executing over approximating method ClippingOverApprox
[INFO] Finised over approximating method ClippingOverApprox in 0.0332903 sec
[INFO] Over approximating method ClippingOverApprox finished with 4.62686e+223 solutions.
[INFO] Executing under approximating method False
[INFO] Finished under approximating method False in 1.924e-06 sec
[INFO] Under approximating method False finished with 0 solutions.
[INFO] SUCCESS 6s186_bdd.blif
blif_solve/blif_solve --must_count_solutions --under_approximating_method False --clipping_depth 30 --over_approximating_method ClippingOverApprox --verbosity INFO ../../data_sets/bddblif/6s186_bdd.blif
[INFO] created 372 factors with 781 vars (38 primary inputs + 743 others) in 0.109414 sec
[INFO] Executing over approximating method ClippingOverApprox
[INFO] Finised over approximating method ClippingOverApprox in 0.0502977 sec
[INFO] Over approximating method ClippingOverApprox finished with 4.62686e+223 solutions.
[INFO] Executing under approximating method False
[INFO] Finished under approximating method False in 2.65e-06 sec
[INFO] Under approximating method False finished with 0 solutions.
[INFO] SUCCESS 6s186_bdd.blif
blif_solve/blif_solve --must_count_solutions --under_approximating_method False --clipping_depth 40 --over_approximating_method ClippingOverApprox --verbosity INFO ../../data_sets/bddblif/6s186_bdd.blif
[INFO] created 372 factors with 781 vars (38 primary inputs + 743 others) in 0.11236 sec
[INFO] Executing over approximating method ClippingOverApprox
[INFO] Finised over approximating method ClippingOverApprox in 0.0623432 sec
[INFO] Over approximating method ClippingOverApprox finished with 4.62686e+223 solutions.
[INFO] Executing under approximating method False
[INFO] Finished under approximating method False in 2.037e-06 sec
[INFO] Under approximating method False finished with 0 solutions.
[INFO] SUCCESS 6s186_bdd.blif
blif_solve/blif_solve --must_count_solutions --under_approximating_method False --clipping_depth 50 --over_approximating_method ClippingOverApprox --verbosity INFO ../../data_sets/bddblif/6s186_bdd.blif
[INFO] created 372 factors with 781 vars (38 primary inputs + 743 others) in 0.111194 sec
[INFO] Executing over approximating method ClippingOverApprox
[INFO] Finised over approximating method ClippingOverApprox in 1.01366 sec
[INFO] Over approximating method ClippingOverApprox finished with 4.62686e+223 solutions.
[INFO] Executing under approximating method False
[INFO] Finished under approximating method False in 2.433e-06 sec
[INFO] Under approximating method False finished with 0 solutions.
[INFO] SUCCESS 6s186_bdd.blif
blif_solve/blif_solve --must_count_solutions --under_approximating_method False --clipping_depth 75 --over_approximating_method ClippingOverApprox --verbosity INFO ../../data_sets/bddblif/6s186_bdd.blif
[INFO] created 372 factors with 781 vars (38 primary inputs + 743 others) in 0.110865 sec
[INFO] Executing over approximating method ClippingOverApprox
blif_solve/blif_solve --must_count_solutions --under_approximating_method False --clipping_depth 100 --over_approximating_method ClippingOverApprox --verbosity INFO ../../data_sets/bddblif/6s186_bdd.blif
[INFO] created 372 factors with 781 vars (38 primary inputs + 743 others) in 0.109221 sec
[INFO] Executing over approximating method ClippingOverApprox
blif_solve/blif_solve --must_count_solutions --under_approximating_method False --clipping_depth 200 --over_approximating_method ClippingOverApprox --verbosity INFO ../../data_sets/bddblif/6s186_bdd.blif
[INFO] created 372 factors with 781 vars (38 primary inputs + 743 others) in 0.110757 sec
[INFO] Executing over approximating method ClippingOverApprox
blif_solve/blif_solve --must_count_solutions --under_approximating_method False --clipping_depth 300 --over_approximating_method ClippingOverApprox --verbosity INFO ../../data_sets/bddblif/6s186_bdd.blif
[INFO] created 372 factors with 781 vars (38 primary inputs + 743 others) in 0.113358 sec
[INFO] Executing over approximating method ClippingOverApprox
blif_solve/blif_solve --must_count_solutions --under_approximating_method False --clipping_depth 400 --over_approximating_method ClippingOverApprox --verbosity INFO ../../data_sets/bddblif/6s186_bdd.blif
[INFO] created 372 factors with 781 vars (38 primary inputs + 743 others) in 0.111932 sec
[INFO] Executing over approximating method ClippingOverApprox
blif_solve/blif_solve --must_count_solutions --under_approximating_method False --clipping_depth 800 --over_approximating_method ClippingOverApprox --verbosity INFO ../../data_sets/bddblif/6s186_bdd.blif
[INFO] created 372 factors with 781 vars (38 primary inputs + 743 others) in 0.110853 sec
[INFO] Executing over approximating method ClippingOverApprox
blif_solve/blif_solve --must_count_solutions --under_approximating_method False --clipping_depth 1600 --over_approximating_method ClippingOverApprox --verbosity INFO ../../data_sets/bddblif/6s186_bdd.blif
[INFO] created 372 factors with 781 vars (38 primary inputs + 743 others) in 0.111184 sec
[INFO] Executing over approximating method ClippingOverApprox
