blif_solve/blif_solve --must_count_solutions --under_approximating_method False --clipping_depth 10 --over_approximating_method ClippingOverApprox --verbosity INFO ../../data_sets/bddblif/6s188_bdd.blif
[INFO] created 786 factors with 1599 vars (30 primary inputs + 1569 others) in 0.741903 sec
[INFO] Executing over approximating method ClippingOverApprox
[INFO] Finised over approximating method ClippingOverApprox in 0.0765669 sec
[INFO] Over approximating method ClippingOverApprox finished with 2.07044e+472 solutions.
[INFO] Executing under approximating method False
[INFO] Finished under approximating method False in 2.321e-06 sec
[INFO] Under approximating method False finished with 0 solutions.
[INFO] SUCCESS 6s188_bdd.blif
blif_solve/blif_solve --must_count_solutions --under_approximating_method False --clipping_depth 20 --over_approximating_method ClippingOverApprox --verbosity INFO ../../data_sets/bddblif/6s188_bdd.blif
[INFO] created 786 factors with 1599 vars (30 primary inputs + 1569 others) in 0.749497 sec
[INFO] Executing over approximating method ClippingOverApprox
[INFO] Finised over approximating method ClippingOverApprox in 0.14727 sec
[INFO] Over approximating method ClippingOverApprox finished with 2.07044e+472 solutions.
[INFO] Executing under approximating method False
[INFO] Finished under approximating method False in 2.953e-06 sec
[INFO] Under approximating method False finished with 0 solutions.
[INFO] SUCCESS 6s188_bdd.blif
blif_solve/blif_solve --must_count_solutions --under_approximating_method False --clipping_depth 30 --over_approximating_method ClippingOverApprox --verbosity INFO ../../data_sets/bddblif/6s188_bdd.blif
[INFO] created 786 factors with 1599 vars (30 primary inputs + 1569 others) in 0.761852 sec
[INFO] Executing over approximating method ClippingOverApprox
[INFO] Finised over approximating method ClippingOverApprox in 0.216887 sec
[INFO] Over approximating method ClippingOverApprox finished with 2.07044e+472 solutions.
[INFO] Executing under approximating method False
[INFO] Finished under approximating method False in 2.522e-06 sec
[INFO] Under approximating method False finished with 0 solutions.
[INFO] SUCCESS 6s188_bdd.blif
blif_solve/blif_solve --must_count_solutions --under_approximating_method False --clipping_depth 40 --over_approximating_method ClippingOverApprox --verbosity INFO ../../data_sets/bddblif/6s188_bdd.blif
[INFO] created 786 factors with 1599 vars (30 primary inputs + 1569 others) in 0.748766 sec
[INFO] Executing over approximating method ClippingOverApprox
[INFO] Finised over approximating method ClippingOverApprox in 0.744267 sec
[INFO] Over approximating method ClippingOverApprox finished with 2.07044e+472 solutions.
[INFO] Executing under approximating method False
[INFO] Finished under approximating method False in 2.588e-06 sec
[INFO] Under approximating method False finished with 0 solutions.
[INFO] SUCCESS 6s188_bdd.blif
blif_solve/blif_solve --must_count_solutions --under_approximating_method False --clipping_depth 50 --over_approximating_method ClippingOverApprox --verbosity INFO ../../data_sets/bddblif/6s188_bdd.blif
[INFO] created 786 factors with 1599 vars (30 primary inputs + 1569 others) in 0.748435 sec
[INFO] Executing over approximating method ClippingOverApprox
blif_solve/blif_solve --must_count_solutions --under_approximating_method False --clipping_depth 75 --over_approximating_method ClippingOverApprox --verbosity INFO ../../data_sets/bddblif/6s188_bdd.blif
[INFO] created 786 factors with 1599 vars (30 primary inputs + 1569 others) in 0.741079 sec
[INFO] Executing over approximating method ClippingOverApprox
blif_solve/blif_solve --must_count_solutions --under_approximating_method False --clipping_depth 100 --over_approximating_method ClippingOverApprox --verbosity INFO ../../data_sets/bddblif/6s188_bdd.blif
[INFO] created 786 factors with 1599 vars (30 primary inputs + 1569 others) in 0.741103 sec
[INFO] Executing over approximating method ClippingOverApprox
blif_solve/blif_solve --must_count_solutions --under_approximating_method False --clipping_depth 200 --over_approximating_method ClippingOverApprox --verbosity INFO ../../data_sets/bddblif/6s188_bdd.blif
[INFO] created 786 factors with 1599 vars (30 primary inputs + 1569 others) in 0.748498 sec
[INFO] Executing over approximating method ClippingOverApprox
blif_solve/blif_solve --must_count_solutions --under_approximating_method False --clipping_depth 300 --over_approximating_method ClippingOverApprox --verbosity INFO ../../data_sets/bddblif/6s188_bdd.blif
[INFO] created 786 factors with 1599 vars (30 primary inputs + 1569 others) in 0.758558 sec
[INFO] Executing over approximating method ClippingOverApprox
blif_solve/blif_solve --must_count_solutions --under_approximating_method False --clipping_depth 400 --over_approximating_method ClippingOverApprox --verbosity INFO ../../data_sets/bddblif/6s188_bdd.blif
[INFO] created 786 factors with 1599 vars (30 primary inputs + 1569 others) in 0.748397 sec
[INFO] Executing over approximating method ClippingOverApprox
blif_solve/blif_solve --must_count_solutions --under_approximating_method False --clipping_depth 800 --over_approximating_method ClippingOverApprox --verbosity INFO ../../data_sets/bddblif/6s188_bdd.blif
[INFO] created 786 factors with 1599 vars (30 primary inputs + 1569 others) in 0.745871 sec
[INFO] Executing over approximating method ClippingOverApprox
blif_solve/blif_solve --must_count_solutions --under_approximating_method False --clipping_depth 1600 --over_approximating_method ClippingOverApprox --verbosity INFO ../../data_sets/bddblif/6s188_bdd.blif
[INFO] created 786 factors with 1599 vars (30 primary inputs + 1569 others) in 0.743818 sec
[INFO] Executing over approximating method ClippingOverApprox
