blif_solve/blif_solve --must_count_solutions --under_approximating_method False --clipping_depth 10 --over_approximating_method ClippingOverApprox --verbosity INFO ../../data_sets/bddblif/6s29_bdd.blif
[INFO] created 2247 factors with 4498 vars (4 primary inputs + 4494 others) in 3.83341 sec
[INFO] Executing over approximating method ClippingOverApprox
[INFO] Finised over approximating method ClippingOverApprox in 0.3932 sec
[INFO] Over approximating method ClippingOverApprox finished with 6.74218e+1352 solutions.
[INFO] Executing under approximating method False
[INFO] Finished under approximating method False in 2.921e-06 sec
[INFO] Under approximating method False finished with 0 solutions.
[INFO] SUCCESS 6s29_bdd.blif
blif_solve/blif_solve --must_count_solutions --under_approximating_method False --clipping_depth 20 --over_approximating_method ClippingOverApprox --verbosity INFO ../../data_sets/bddblif/6s29_bdd.blif
[INFO] created 2247 factors with 4498 vars (4 primary inputs + 4494 others) in 3.87033 sec
[INFO] Executing over approximating method ClippingOverApprox
blif_solve/blif_solve --must_count_solutions --under_approximating_method False --clipping_depth 30 --over_approximating_method ClippingOverApprox --verbosity INFO ../../data_sets/bddblif/6s29_bdd.blif
[INFO] created 2247 factors with 4498 vars (4 primary inputs + 4494 others) in 3.8682 sec
[INFO] Executing over approximating method ClippingOverApprox
blif_solve/blif_solve --must_count_solutions --under_approximating_method False --clipping_depth 40 --over_approximating_method ClippingOverApprox --verbosity INFO ../../data_sets/bddblif/6s29_bdd.blif
[INFO] created 2247 factors with 4498 vars (4 primary inputs + 4494 others) in 3.87617 sec
[INFO] Executing over approximating method ClippingOverApprox
blif_solve/blif_solve --must_count_solutions --under_approximating_method False --clipping_depth 50 --over_approximating_method ClippingOverApprox --verbosity INFO ../../data_sets/bddblif/6s29_bdd.blif
[INFO] created 2247 factors with 4498 vars (4 primary inputs + 4494 others) in 3.88245 sec
[INFO] Executing over approximating method ClippingOverApprox
blif_solve/blif_solve --must_count_solutions --under_approximating_method False --clipping_depth 75 --over_approximating_method ClippingOverApprox --verbosity INFO ../../data_sets/bddblif/6s29_bdd.blif
[INFO] created 2247 factors with 4498 vars (4 primary inputs + 4494 others) in 3.83326 sec
[INFO] Executing over approximating method ClippingOverApprox
blif_solve/blif_solve --must_count_solutions --under_approximating_method False --clipping_depth 100 --over_approximating_method ClippingOverApprox --verbosity INFO ../../data_sets/bddblif/6s29_bdd.blif
[INFO] created 2247 factors with 4498 vars (4 primary inputs + 4494 others) in 3.88504 sec
[INFO] Executing over approximating method ClippingOverApprox
blif_solve/blif_solve --must_count_solutions --under_approximating_method False --clipping_depth 200 --over_approximating_method ClippingOverApprox --verbosity INFO ../../data_sets/bddblif/6s29_bdd.blif
[INFO] created 2247 factors with 4498 vars (4 primary inputs + 4494 others) in 3.83752 sec
[INFO] Executing over approximating method ClippingOverApprox
blif_solve/blif_solve --must_count_solutions --under_approximating_method False --clipping_depth 300 --over_approximating_method ClippingOverApprox --verbosity INFO ../../data_sets/bddblif/6s29_bdd.blif
[INFO] created 2247 factors with 4498 vars (4 primary inputs + 4494 others) in 3.84388 sec
[INFO] Executing over approximating method ClippingOverApprox
blif_solve/blif_solve --must_count_solutions --under_approximating_method False --clipping_depth 400 --over_approximating_method ClippingOverApprox --verbosity INFO ../../data_sets/bddblif/6s29_bdd.blif
[INFO] created 2247 factors with 4498 vars (4 primary inputs + 4494 others) in 3.8324 sec
[INFO] Executing over approximating method ClippingOverApprox
blif_solve/blif_solve --must_count_solutions --under_approximating_method False --clipping_depth 800 --over_approximating_method ClippingOverApprox --verbosity INFO ../../data_sets/bddblif/6s29_bdd.blif
[INFO] created 2247 factors with 4498 vars (4 primary inputs + 4494 others) in 3.87189 sec
[INFO] Executing over approximating method ClippingOverApprox
blif_solve/blif_solve --must_count_solutions --under_approximating_method False --clipping_depth 1600 --over_approximating_method ClippingOverApprox --verbosity INFO ../../data_sets/bddblif/6s29_bdd.blif
[INFO] created 2247 factors with 4498 vars (4 primary inputs + 4494 others) in 3.88504 sec
[INFO] Executing over approximating method ClippingOverApprox
