blif_solve/blif_solve --must_count_solutions --under_approximating_method False --clipping_depth 10 --over_approximating_method ClippingOverApprox --verbosity INFO ../../data_sets/bddblif/6s292rb037_bdd.blif
[INFO] created 3190 factors with 6395 vars (111 primary inputs + 6284 others) in 0.0661647 sec
[INFO] Executing over approximating method ClippingOverApprox
[INFO] Finised over approximating method ClippingOverApprox in 1.66865 sec
[INFO] Over approximating method ClippingOverApprox finished with 4.70428e+1891 solutions.
[INFO] Executing under approximating method False
[INFO] Finished under approximating method False in 2.798e-06 sec
[INFO] Under approximating method False finished with 0 solutions.
[INFO] SUCCESS 6s292rb037_bdd.blif
blif_solve/blif_solve --must_count_solutions --under_approximating_method False --clipping_depth 20 --over_approximating_method ClippingOverApprox --verbosity INFO ../../data_sets/bddblif/6s292rb037_bdd.blif
[INFO] created 3190 factors with 6395 vars (111 primary inputs + 6284 others) in 0.0658976 sec
[INFO] Executing over approximating method ClippingOverApprox
[INFO] Finised over approximating method ClippingOverApprox in 3.31652 sec
[INFO] Over approximating method ClippingOverApprox finished with 4.70428e+1891 solutions.
[INFO] Executing under approximating method False
[INFO] Finished under approximating method False in 3.052e-06 sec
[INFO] Under approximating method False finished with 0 solutions.
[INFO] SUCCESS 6s292rb037_bdd.blif
blif_solve/blif_solve --must_count_solutions --under_approximating_method False --clipping_depth 30 --over_approximating_method ClippingOverApprox --verbosity INFO ../../data_sets/bddblif/6s292rb037_bdd.blif
[INFO] created 3190 factors with 6395 vars (111 primary inputs + 6284 others) in 0.0689351 sec
[INFO] Executing over approximating method ClippingOverApprox
[INFO] Finised over approximating method ClippingOverApprox in 5.01366 sec
[INFO] Over approximating method ClippingOverApprox finished with 4.70428e+1891 solutions.
[INFO] Executing under approximating method False
[INFO] Finished under approximating method False in 2.804e-06 sec
[INFO] Under approximating method False finished with 0 solutions.
[INFO] SUCCESS 6s292rb037_bdd.blif
blif_solve/blif_solve --must_count_solutions --under_approximating_method False --clipping_depth 40 --over_approximating_method ClippingOverApprox --verbosity INFO ../../data_sets/bddblif/6s292rb037_bdd.blif
[INFO] created 3190 factors with 6395 vars (111 primary inputs + 6284 others) in 0.065839 sec
[INFO] Executing over approximating method ClippingOverApprox
[INFO] Finised over approximating method ClippingOverApprox in 6.61689 sec
[INFO] Over approximating method ClippingOverApprox finished with 4.70428e+1891 solutions.
[INFO] Executing under approximating method False
[INFO] Finished under approximating method False in 2.744e-06 sec
[INFO] Under approximating method False finished with 0 solutions.
[INFO] SUCCESS 6s292rb037_bdd.blif
blif_solve/blif_solve --must_count_solutions --under_approximating_method False --clipping_depth 50 --over_approximating_method ClippingOverApprox --verbosity INFO ../../data_sets/bddblif/6s292rb037_bdd.blif
[INFO] created 3190 factors with 6395 vars (111 primary inputs + 6284 others) in 0.0661935 sec
[INFO] Executing over approximating method ClippingOverApprox
[INFO] Finised over approximating method ClippingOverApprox in 8.36698 sec
[INFO] Over approximating method ClippingOverApprox finished with 4.70428e+1891 solutions.
[INFO] Executing under approximating method False
[INFO] Finished under approximating method False in 2.913e-06 sec
[INFO] Under approximating method False finished with 0 solutions.
[INFO] SUCCESS 6s292rb037_bdd.blif
blif_solve/blif_solve --must_count_solutions --under_approximating_method False --clipping_depth 75 --over_approximating_method ClippingOverApprox --verbosity INFO ../../data_sets/bddblif/6s292rb037_bdd.blif
[INFO] created 3190 factors with 6395 vars (111 primary inputs + 6284 others) in 0.0695953 sec
[INFO] Executing over approximating method ClippingOverApprox
[INFO] Finised over approximating method ClippingOverApprox in 12.6002 sec
[INFO] Over approximating method ClippingOverApprox finished with 4.70428e+1891 solutions.
[INFO] Executing under approximating method False
[INFO] Finished under approximating method False in 2.851e-06 sec
[INFO] Under approximating method False finished with 0 solutions.
[INFO] SUCCESS 6s292rb037_bdd.blif
blif_solve/blif_solve --must_count_solutions --under_approximating_method False --clipping_depth 100 --over_approximating_method ClippingOverApprox --verbosity INFO ../../data_sets/bddblif/6s292rb037_bdd.blif
[INFO] created 3190 factors with 6395 vars (111 primary inputs + 6284 others) in 0.0665882 sec
[INFO] Executing over approximating method ClippingOverApprox
[INFO] Finised over approximating method ClippingOverApprox in 16.7687 sec
[INFO] Over approximating method ClippingOverApprox finished with 4.70428e+1891 solutions.
[INFO] Executing under approximating method False
[INFO] Finished under approximating method False in 2.82e-06 sec
[INFO] Under approximating method False finished with 0 solutions.
[INFO] SUCCESS 6s292rb037_bdd.blif
blif_solve/blif_solve --must_count_solutions --under_approximating_method False --clipping_depth 200 --over_approximating_method ClippingOverApprox --verbosity INFO ../../data_sets/bddblif/6s292rb037_bdd.blif
[INFO] created 3190 factors with 6395 vars (111 primary inputs + 6284 others) in 0.0658747 sec
[INFO] Executing over approximating method ClippingOverApprox
blif_solve/blif_solve --must_count_solutions --under_approximating_method False --clipping_depth 300 --over_approximating_method ClippingOverApprox --verbosity INFO ../../data_sets/bddblif/6s292rb037_bdd.blif
[INFO] created 3190 factors with 6395 vars (111 primary inputs + 6284 others) in 0.0663501 sec
[INFO] Executing over approximating method ClippingOverApprox
blif_solve/blif_solve --must_count_solutions --under_approximating_method False --clipping_depth 400 --over_approximating_method ClippingOverApprox --verbosity INFO ../../data_sets/bddblif/6s292rb037_bdd.blif
[INFO] created 3190 factors with 6395 vars (111 primary inputs + 6284 others) in 0.0659599 sec
[INFO] Executing over approximating method ClippingOverApprox
blif_solve/blif_solve --must_count_solutions --under_approximating_method False --clipping_depth 800 --over_approximating_method ClippingOverApprox --verbosity INFO ../../data_sets/bddblif/6s292rb037_bdd.blif
[INFO] created 3190 factors with 6395 vars (111 primary inputs + 6284 others) in 0.0663165 sec
[INFO] Executing over approximating method ClippingOverApprox
blif_solve/blif_solve --must_count_solutions --under_approximating_method False --clipping_depth 1600 --over_approximating_method ClippingOverApprox --verbosity INFO ../../data_sets/bddblif/6s292rb037_bdd.blif
[INFO] created 3190 factors with 6395 vars (111 primary inputs + 6284 others) in 0.0661025 sec
[INFO] Executing over approximating method ClippingOverApprox
