blif_solve/blif_solve --must_count_solutions --under_approximating_method False --clipping_depth 10 --over_approximating_method ClippingOverApprox --verbosity INFO ../../data_sets/bddblif/6s319r_bdd.blif
[INFO] created 192 factors with 421 vars (37 primary inputs + 384 others) in 35.7044 sec
[INFO] Executing over approximating method ClippingOverApprox
[INFO] Finised over approximating method ClippingOverApprox in 0.00438397 sec
[INFO] Over approximating method ClippingOverApprox finished with 3.9402e+115 solutions.
[INFO] Executing under approximating method False
[INFO] Finished under approximating method False in 2.107e-06 sec
[INFO] Under approximating method False finished with 0 solutions.
[INFO] SUCCESS 6s319r_bdd.blif
blif_solve/blif_solve --must_count_solutions --under_approximating_method False --clipping_depth 20 --over_approximating_method ClippingOverApprox --verbosity INFO ../../data_sets/bddblif/6s319r_bdd.blif
[INFO] created 192 factors with 421 vars (37 primary inputs + 384 others) in 36.0257 sec
[INFO] Executing over approximating method ClippingOverApprox
[INFO] Finised over approximating method ClippingOverApprox in 0.00842154 sec
[INFO] Over approximating method ClippingOverApprox finished with 3.9402e+115 solutions.
[INFO] Executing under approximating method False
[INFO] Finished under approximating method False in 2.1e-06 sec
[INFO] Under approximating method False finished with 0 solutions.
[INFO] SUCCESS 6s319r_bdd.blif
blif_solve/blif_solve --must_count_solutions --under_approximating_method False --clipping_depth 30 --over_approximating_method ClippingOverApprox --verbosity INFO ../../data_sets/bddblif/6s319r_bdd.blif
[INFO] created 192 factors with 421 vars (37 primary inputs + 384 others) in 35.9766 sec
[INFO] Executing over approximating method ClippingOverApprox
[INFO] Finised over approximating method ClippingOverApprox in 0.0122659 sec
[INFO] Over approximating method ClippingOverApprox finished with 3.9402e+115 solutions.
[INFO] Executing under approximating method False
[INFO] Finished under approximating method False in 2.101e-06 sec
[INFO] Under approximating method False finished with 0 solutions.
[INFO] SUCCESS 6s319r_bdd.blif
blif_solve/blif_solve --must_count_solutions --under_approximating_method False --clipping_depth 40 --over_approximating_method ClippingOverApprox --verbosity INFO ../../data_sets/bddblif/6s319r_bdd.blif
[INFO] created 192 factors with 421 vars (37 primary inputs + 384 others) in 35.9415 sec
[INFO] Executing over approximating method ClippingOverApprox
[INFO] Finised over approximating method ClippingOverApprox in 0.0177127 sec
[INFO] Over approximating method ClippingOverApprox finished with 3.9402e+115 solutions.
[INFO] Executing under approximating method False
[INFO] Finished under approximating method False in 2.626e-06 sec
[INFO] Under approximating method False finished with 0 solutions.
[INFO] SUCCESS 6s319r_bdd.blif
blif_solve/blif_solve --must_count_solutions --under_approximating_method False --clipping_depth 50 --over_approximating_method ClippingOverApprox --verbosity INFO ../../data_sets/bddblif/6s319r_bdd.blif
[INFO] created 192 factors with 421 vars (37 primary inputs + 384 others) in 35.6 sec
[INFO] Executing over approximating method ClippingOverApprox
[INFO] Finised over approximating method ClippingOverApprox in 0.910871 sec
[INFO] Over approximating method ClippingOverApprox finished with 3.9402e+115 solutions.
[INFO] Executing under approximating method False
[INFO] Finished under approximating method False in 1.847e-06 sec
[INFO] Under approximating method False finished with 0 solutions.
[INFO] SUCCESS 6s319r_bdd.blif
blif_solve/blif_solve --must_count_solutions --under_approximating_method False --clipping_depth 75 --over_approximating_method ClippingOverApprox --verbosity INFO ../../data_sets/bddblif/6s319r_bdd.blif
[INFO] created 192 factors with 421 vars (37 primary inputs + 384 others) in 35.7392 sec
[INFO] Executing over approximating method ClippingOverApprox
blif_solve/blif_solve --must_count_solutions --under_approximating_method False --clipping_depth 100 --over_approximating_method ClippingOverApprox --verbosity INFO ../../data_sets/bddblif/6s319r_bdd.blif
[INFO] created 192 factors with 421 vars (37 primary inputs + 384 others) in 35.7431 sec
[INFO] Executing over approximating method ClippingOverApprox
blif_solve/blif_solve --must_count_solutions --under_approximating_method False --clipping_depth 200 --over_approximating_method ClippingOverApprox --verbosity INFO ../../data_sets/bddblif/6s319r_bdd.blif
[INFO] created 192 factors with 421 vars (37 primary inputs + 384 others) in 35.9199 sec
[INFO] Executing over approximating method ClippingOverApprox
blif_solve/blif_solve --must_count_solutions --under_approximating_method False --clipping_depth 300 --over_approximating_method ClippingOverApprox --verbosity INFO ../../data_sets/bddblif/6s319r_bdd.blif
[INFO] created 192 factors with 421 vars (37 primary inputs + 384 others) in 36.0745 sec
[INFO] Executing over approximating method ClippingOverApprox
blif_solve/blif_solve --must_count_solutions --under_approximating_method False --clipping_depth 400 --over_approximating_method ClippingOverApprox --verbosity INFO ../../data_sets/bddblif/6s319r_bdd.blif
[INFO] created 192 factors with 421 vars (37 primary inputs + 384 others) in 35.8269 sec
[INFO] Executing over approximating method ClippingOverApprox
blif_solve/blif_solve --must_count_solutions --under_approximating_method False --clipping_depth 800 --over_approximating_method ClippingOverApprox --verbosity INFO ../../data_sets/bddblif/6s319r_bdd.blif
[INFO] created 192 factors with 421 vars (37 primary inputs + 384 others) in 36.0019 sec
[INFO] Executing over approximating method ClippingOverApprox
blif_solve/blif_solve --must_count_solutions --under_approximating_method False --clipping_depth 1600 --over_approximating_method ClippingOverApprox --verbosity INFO ../../data_sets/bddblif/6s319r_bdd.blif
[INFO] created 192 factors with 421 vars (37 primary inputs + 384 others) in 35.6593 sec
[INFO] Executing over approximating method ClippingOverApprox
