blif_solve/blif_solve --must_count_solutions --under_approximating_method False --clipping_depth 10 --over_approximating_method ClippingOverApprox --verbosity INFO ../../data_sets/bddblif/6s351rb02_bdd.blif
[INFO] created 3862 factors with 7727 vars (4 primary inputs + 7723 others) in 7.09128 sec
[INFO] Executing over approximating method ClippingOverApprox
[INFO] Finised over approximating method ClippingOverApprox in 1.31344 sec
[INFO] Over approximating method ClippingOverApprox finished with 7.15577e+2324 solutions.
[INFO] Executing under approximating method False
[INFO] Finished under approximating method False in 3.583e-06 sec
[INFO] Under approximating method False finished with 0 solutions.
[INFO] SUCCESS 6s351rb02_bdd.blif
blif_solve/blif_solve --must_count_solutions --under_approximating_method False --clipping_depth 20 --over_approximating_method ClippingOverApprox --verbosity INFO ../../data_sets/bddblif/6s351rb02_bdd.blif
[INFO] created 3862 factors with 7727 vars (4 primary inputs + 7723 others) in 7.03657 sec
[INFO] Executing over approximating method ClippingOverApprox
blif_solve/blif_solve --must_count_solutions --under_approximating_method False --clipping_depth 30 --over_approximating_method ClippingOverApprox --verbosity INFO ../../data_sets/bddblif/6s351rb02_bdd.blif
[INFO] created 3862 factors with 7727 vars (4 primary inputs + 7723 others) in 7.02287 sec
[INFO] Executing over approximating method ClippingOverApprox
blif_solve/blif_solve --must_count_solutions --under_approximating_method False --clipping_depth 40 --over_approximating_method ClippingOverApprox --verbosity INFO ../../data_sets/bddblif/6s351rb02_bdd.blif
[INFO] created 3862 factors with 7727 vars (4 primary inputs + 7723 others) in 7.03281 sec
[INFO] Executing over approximating method ClippingOverApprox
blif_solve/blif_solve --must_count_solutions --under_approximating_method False --clipping_depth 50 --over_approximating_method ClippingOverApprox --verbosity INFO ../../data_sets/bddblif/6s351rb02_bdd.blif
[INFO] created 3862 factors with 7727 vars (4 primary inputs + 7723 others) in 6.98171 sec
[INFO] Executing over approximating method ClippingOverApprox
blif_solve/blif_solve --must_count_solutions --under_approximating_method False --clipping_depth 75 --over_approximating_method ClippingOverApprox --verbosity INFO ../../data_sets/bddblif/6s351rb02_bdd.blif
[INFO] created 3862 factors with 7727 vars (4 primary inputs + 7723 others) in 6.96308 sec
[INFO] Executing over approximating method ClippingOverApprox
blif_solve/blif_solve --must_count_solutions --under_approximating_method False --clipping_depth 100 --over_approximating_method ClippingOverApprox --verbosity INFO ../../data_sets/bddblif/6s351rb02_bdd.blif
[INFO] created 3862 factors with 7727 vars (4 primary inputs + 7723 others) in 6.96642 sec
[INFO] Executing over approximating method ClippingOverApprox
blif_solve/blif_solve --must_count_solutions --under_approximating_method False --clipping_depth 200 --over_approximating_method ClippingOverApprox --verbosity INFO ../../data_sets/bddblif/6s351rb02_bdd.blif
[INFO] created 3862 factors with 7727 vars (4 primary inputs + 7723 others) in 6.96102 sec
[INFO] Executing over approximating method ClippingOverApprox
blif_solve/blif_solve --must_count_solutions --under_approximating_method False --clipping_depth 300 --over_approximating_method ClippingOverApprox --verbosity INFO ../../data_sets/bddblif/6s351rb02_bdd.blif
[INFO] created 3862 factors with 7727 vars (4 primary inputs + 7723 others) in 7.04772 sec
[INFO] Executing over approximating method ClippingOverApprox
blif_solve/blif_solve --must_count_solutions --under_approximating_method False --clipping_depth 400 --over_approximating_method ClippingOverApprox --verbosity INFO ../../data_sets/bddblif/6s351rb02_bdd.blif
[INFO] created 3862 factors with 7727 vars (4 primary inputs + 7723 others) in 7.03704 sec
[INFO] Executing over approximating method ClippingOverApprox
blif_solve/blif_solve --must_count_solutions --under_approximating_method False --clipping_depth 800 --over_approximating_method ClippingOverApprox --verbosity INFO ../../data_sets/bddblif/6s351rb02_bdd.blif
[INFO] created 3862 factors with 7727 vars (4 primary inputs + 7723 others) in 6.95901 sec
[INFO] Executing over approximating method ClippingOverApprox
blif_solve/blif_solve --must_count_solutions --under_approximating_method False --clipping_depth 1600 --over_approximating_method ClippingOverApprox --verbosity INFO ../../data_sets/bddblif/6s351rb02_bdd.blif
[INFO] created 3862 factors with 7727 vars (4 primary inputs + 7723 others) in 7.04082 sec
[INFO] Executing over approximating method ClippingOverApprox
