blif_solve/blif_solve --must_count_solutions --under_approximating_method False --clipping_depth 10 --over_approximating_method ClippingOverApprox --verbosity INFO ../../data_sets/bddblif/6s351rb15_bdd.blif
[INFO] created 3862 factors with 7727 vars (4 primary inputs + 7723 others) in 15.1934 sec
[INFO] Executing over approximating method ClippingOverApprox
[INFO] Finised over approximating method ClippingOverApprox in 1.36765 sec
[INFO] Over approximating method ClippingOverApprox finished with 7.15577e+2324 solutions.
[INFO] Executing under approximating method False
[INFO] Finished under approximating method False in 2.196e-06 sec
[INFO] Under approximating method False finished with 0 solutions.
[INFO] SUCCESS 6s351rb15_bdd.blif
blif_solve/blif_solve --must_count_solutions --under_approximating_method False --clipping_depth 20 --over_approximating_method ClippingOverApprox --verbosity INFO ../../data_sets/bddblif/6s351rb15_bdd.blif
[INFO] created 3862 factors with 7727 vars (4 primary inputs + 7723 others) in 15.303 sec
[INFO] Executing over approximating method ClippingOverApprox
blif_solve/blif_solve --must_count_solutions --under_approximating_method False --clipping_depth 30 --over_approximating_method ClippingOverApprox --verbosity INFO ../../data_sets/bddblif/6s351rb15_bdd.blif
[INFO] created 3862 factors with 7727 vars (4 primary inputs + 7723 others) in 15.419 sec
[INFO] Executing over approximating method ClippingOverApprox
blif_solve/blif_solve --must_count_solutions --under_approximating_method False --clipping_depth 40 --over_approximating_method ClippingOverApprox --verbosity INFO ../../data_sets/bddblif/6s351rb15_bdd.blif
[INFO] created 3862 factors with 7727 vars (4 primary inputs + 7723 others) in 15.2569 sec
[INFO] Executing over approximating method ClippingOverApprox
blif_solve/blif_solve --must_count_solutions --under_approximating_method False --clipping_depth 50 --over_approximating_method ClippingOverApprox --verbosity INFO ../../data_sets/bddblif/6s351rb15_bdd.blif
[INFO] created 3862 factors with 7727 vars (4 primary inputs + 7723 others) in 15.3013 sec
[INFO] Executing over approximating method ClippingOverApprox
blif_solve/blif_solve --must_count_solutions --under_approximating_method False --clipping_depth 75 --over_approximating_method ClippingOverApprox --verbosity INFO ../../data_sets/bddblif/6s351rb15_bdd.blif
[INFO] created 3862 factors with 7727 vars (4 primary inputs + 7723 others) in 15.254 sec
[INFO] Executing over approximating method ClippingOverApprox
blif_solve/blif_solve --must_count_solutions --under_approximating_method False --clipping_depth 100 --over_approximating_method ClippingOverApprox --verbosity INFO ../../data_sets/bddblif/6s351rb15_bdd.blif
[INFO] created 3862 factors with 7727 vars (4 primary inputs + 7723 others) in 15.3672 sec
[INFO] Executing over approximating method ClippingOverApprox
blif_solve/blif_solve --must_count_solutions --under_approximating_method False --clipping_depth 200 --over_approximating_method ClippingOverApprox --verbosity INFO ../../data_sets/bddblif/6s351rb15_bdd.blif
[INFO] created 3862 factors with 7727 vars (4 primary inputs + 7723 others) in 15.4522 sec
[INFO] Executing over approximating method ClippingOverApprox
blif_solve/blif_solve --must_count_solutions --under_approximating_method False --clipping_depth 300 --over_approximating_method ClippingOverApprox --verbosity INFO ../../data_sets/bddblif/6s351rb15_bdd.blif
[INFO] created 3862 factors with 7727 vars (4 primary inputs + 7723 others) in 15.4511 sec
[INFO] Executing over approximating method ClippingOverApprox
blif_solve/blif_solve --must_count_solutions --under_approximating_method False --clipping_depth 400 --over_approximating_method ClippingOverApprox --verbosity INFO ../../data_sets/bddblif/6s351rb15_bdd.blif
[INFO] created 3862 factors with 7727 vars (4 primary inputs + 7723 others) in 15.47 sec
[INFO] Executing over approximating method ClippingOverApprox
blif_solve/blif_solve --must_count_solutions --under_approximating_method False --clipping_depth 800 --over_approximating_method ClippingOverApprox --verbosity INFO ../../data_sets/bddblif/6s351rb15_bdd.blif
[INFO] created 3862 factors with 7727 vars (4 primary inputs + 7723 others) in 15.3251 sec
[INFO] Executing over approximating method ClippingOverApprox
blif_solve/blif_solve --must_count_solutions --under_approximating_method False --clipping_depth 1600 --over_approximating_method ClippingOverApprox --verbosity INFO ../../data_sets/bddblif/6s351rb15_bdd.blif
[INFO] created 3862 factors with 7727 vars (4 primary inputs + 7723 others) in 15.3546 sec
[INFO] Executing over approximating method ClippingOverApprox
