blif_solve/blif_solve --must_count_solutions --under_approximating_method False --clipping_depth 10 --over_approximating_method ClippingOverApprox --verbosity INFO ../../data_sets/bddblif/6s365r_bdd.blif
[INFO] created 204 factors with 436 vars (28 primary inputs + 408 others) in 0.00307354 sec
[INFO] Executing over approximating method ClippingOverApprox
[INFO] Finised over approximating method ClippingOverApprox in 0.00466903 sec
[INFO] Over approximating method ClippingOverApprox finished with 6.61056e+122 solutions.
[INFO] Executing under approximating method False
[INFO] Finished under approximating method False in 2.909e-06 sec
[INFO] Under approximating method False finished with 0 solutions.
[INFO] SUCCESS 6s365r_bdd.blif
blif_solve/blif_solve --must_count_solutions --under_approximating_method False --clipping_depth 20 --over_approximating_method ClippingOverApprox --verbosity INFO ../../data_sets/bddblif/6s365r_bdd.blif
[INFO] created 204 factors with 436 vars (28 primary inputs + 408 others) in 0.00300543 sec
[INFO] Executing over approximating method ClippingOverApprox
[INFO] Finised over approximating method ClippingOverApprox in 0.0108202 sec
[INFO] Over approximating method ClippingOverApprox finished with 6.61056e+122 solutions.
[INFO] Executing under approximating method False
[INFO] Finished under approximating method False in 2.568e-06 sec
[INFO] Under approximating method False finished with 0 solutions.
[INFO] SUCCESS 6s365r_bdd.blif
blif_solve/blif_solve --must_count_solutions --under_approximating_method False --clipping_depth 30 --over_approximating_method ClippingOverApprox --verbosity INFO ../../data_sets/bddblif/6s365r_bdd.blif
[INFO] created 204 factors with 436 vars (28 primary inputs + 408 others) in 0.00296858 sec
[INFO] Executing over approximating method ClippingOverApprox
[INFO] Finised over approximating method ClippingOverApprox in 0.0135432 sec
[INFO] Over approximating method ClippingOverApprox finished with 6.61056e+122 solutions.
[INFO] Executing under approximating method False
[INFO] Finished under approximating method False in 1.876e-06 sec
[INFO] Under approximating method False finished with 0 solutions.
[INFO] SUCCESS 6s365r_bdd.blif
blif_solve/blif_solve --must_count_solutions --under_approximating_method False --clipping_depth 40 --over_approximating_method ClippingOverApprox --verbosity INFO ../../data_sets/bddblif/6s365r_bdd.blif
[INFO] created 204 factors with 436 vars (28 primary inputs + 408 others) in 0.00340243 sec
[INFO] Executing over approximating method ClippingOverApprox
[INFO] Finised over approximating method ClippingOverApprox in 0.493656 sec
[INFO] Over approximating method ClippingOverApprox finished with 6.61056e+122 solutions.
[INFO] Executing under approximating method False
[INFO] Finished under approximating method False in 2.197e-06 sec
[INFO] Under approximating method False finished with 0 solutions.
[INFO] SUCCESS 6s365r_bdd.blif
blif_solve/blif_solve --must_count_solutions --under_approximating_method False --clipping_depth 50 --over_approximating_method ClippingOverApprox --verbosity INFO ../../data_sets/bddblif/6s365r_bdd.blif
[INFO] created 204 factors with 436 vars (28 primary inputs + 408 others) in 0.00310303 sec
[INFO] Executing over approximating method ClippingOverApprox
blif_solve/blif_solve --must_count_solutions --under_approximating_method False --clipping_depth 75 --over_approximating_method ClippingOverApprox --verbosity INFO ../../data_sets/bddblif/6s365r_bdd.blif
[INFO] created 204 factors with 436 vars (28 primary inputs + 408 others) in 0.00298599 sec
[INFO] Executing over approximating method ClippingOverApprox
blif_solve/blif_solve --must_count_solutions --under_approximating_method False --clipping_depth 100 --over_approximating_method ClippingOverApprox --verbosity INFO ../../data_sets/bddblif/6s365r_bdd.blif
[INFO] created 204 factors with 436 vars (28 primary inputs + 408 others) in 0.00299592 sec
[INFO] Executing over approximating method ClippingOverApprox
blif_solve/blif_solve --must_count_solutions --under_approximating_method False --clipping_depth 200 --over_approximating_method ClippingOverApprox --verbosity INFO ../../data_sets/bddblif/6s365r_bdd.blif
[INFO] created 204 factors with 436 vars (28 primary inputs + 408 others) in 0.00311172 sec
[INFO] Executing over approximating method ClippingOverApprox
blif_solve/blif_solve --must_count_solutions --under_approximating_method False --clipping_depth 300 --over_approximating_method ClippingOverApprox --verbosity INFO ../../data_sets/bddblif/6s365r_bdd.blif
[INFO] created 204 factors with 436 vars (28 primary inputs + 408 others) in 0.00323157 sec
[INFO] Executing over approximating method ClippingOverApprox
blif_solve/blif_solve --must_count_solutions --under_approximating_method False --clipping_depth 400 --over_approximating_method ClippingOverApprox --verbosity INFO ../../data_sets/bddblif/6s365r_bdd.blif
[INFO] created 204 factors with 436 vars (28 primary inputs + 408 others) in 0.00308679 sec
[INFO] Executing over approximating method ClippingOverApprox
blif_solve/blif_solve --must_count_solutions --under_approximating_method False --clipping_depth 800 --over_approximating_method ClippingOverApprox --verbosity INFO ../../data_sets/bddblif/6s365r_bdd.blif
[INFO] created 204 factors with 436 vars (28 primary inputs + 408 others) in 0.00399955 sec
[INFO] Executing over approximating method ClippingOverApprox
blif_solve/blif_solve --must_count_solutions --under_approximating_method False --clipping_depth 1600 --over_approximating_method ClippingOverApprox --verbosity INFO ../../data_sets/bddblif/6s365r_bdd.blif
[INFO] created 204 factors with 436 vars (28 primary inputs + 408 others) in 0.00383943 sec
[INFO] Executing over approximating method ClippingOverApprox
