blif_solve/blif_solve --must_count_solutions --under_approximating_method False --clipping_depth 10 --over_approximating_method ClippingOverApprox --verbosity INFO ../../data_sets/bddblif/6s37_bdd.blif
[INFO] created 753 factors with 1546 vars (41 primary inputs + 1505 others) in 0.952094 sec
[INFO] Executing over approximating method ClippingOverApprox
[INFO] Finised over approximating method ClippingOverApprox in 0.0674264 sec
[INFO] Over approximating method ClippingOverApprox finished with 1.12239e+453 solutions.
[INFO] Executing under approximating method False
[INFO] Finished under approximating method False in 1.884e-06 sec
[INFO] Under approximating method False finished with 0 solutions.
[INFO] SUCCESS 6s37_bdd.blif
blif_solve/blif_solve --must_count_solutions --under_approximating_method False --clipping_depth 20 --over_approximating_method ClippingOverApprox --verbosity INFO ../../data_sets/bddblif/6s37_bdd.blif
[INFO] created 753 factors with 1546 vars (41 primary inputs + 1505 others) in 0.953008 sec
[INFO] Executing over approximating method ClippingOverApprox
[INFO] Finised over approximating method ClippingOverApprox in 0.125328 sec
[INFO] Over approximating method ClippingOverApprox finished with 1.12239e+453 solutions.
[INFO] Executing under approximating method False
[INFO] Finished under approximating method False in 1.998e-06 sec
[INFO] Under approximating method False finished with 0 solutions.
[INFO] SUCCESS 6s37_bdd.blif
blif_solve/blif_solve --must_count_solutions --under_approximating_method False --clipping_depth 30 --over_approximating_method ClippingOverApprox --verbosity INFO ../../data_sets/bddblif/6s37_bdd.blif
[INFO] created 753 factors with 1546 vars (41 primary inputs + 1505 others) in 0.961911 sec
[INFO] Executing over approximating method ClippingOverApprox
[INFO] Finised over approximating method ClippingOverApprox in 0.187962 sec
[INFO] Over approximating method ClippingOverApprox finished with 1.12239e+453 solutions.
[INFO] Executing under approximating method False
[INFO] Finished under approximating method False in 2.039e-06 sec
[INFO] Under approximating method False finished with 0 solutions.
[INFO] SUCCESS 6s37_bdd.blif
blif_solve/blif_solve --must_count_solutions --under_approximating_method False --clipping_depth 40 --over_approximating_method ClippingOverApprox --verbosity INFO ../../data_sets/bddblif/6s37_bdd.blif
[INFO] created 753 factors with 1546 vars (41 primary inputs + 1505 others) in 0.959368 sec
[INFO] Executing over approximating method ClippingOverApprox
[INFO] Finised over approximating method ClippingOverApprox in 0.242716 sec
[INFO] Over approximating method ClippingOverApprox finished with 1.12239e+453 solutions.
[INFO] Executing under approximating method False
[INFO] Finished under approximating method False in 3.083e-06 sec
[INFO] Under approximating method False finished with 0 solutions.
[INFO] SUCCESS 6s37_bdd.blif
blif_solve/blif_solve --must_count_solutions --under_approximating_method False --clipping_depth 50 --over_approximating_method ClippingOverApprox --verbosity INFO ../../data_sets/bddblif/6s37_bdd.blif
[INFO] created 753 factors with 1546 vars (41 primary inputs + 1505 others) in 0.964882 sec
[INFO] Executing over approximating method ClippingOverApprox
[INFO] Finised over approximating method ClippingOverApprox in 0.494776 sec
[INFO] Over approximating method ClippingOverApprox finished with 1.12239e+453 solutions.
[INFO] Executing under approximating method False
[INFO] Finished under approximating method False in 2.163e-06 sec
[INFO] Under approximating method False finished with 0 solutions.
[INFO] SUCCESS 6s37_bdd.blif
blif_solve/blif_solve --must_count_solutions --under_approximating_method False --clipping_depth 75 --over_approximating_method ClippingOverApprox --verbosity INFO ../../data_sets/bddblif/6s37_bdd.blif
[INFO] created 753 factors with 1546 vars (41 primary inputs + 1505 others) in 0.96193 sec
[INFO] Executing over approximating method ClippingOverApprox
blif_solve/blif_solve --must_count_solutions --under_approximating_method False --clipping_depth 100 --over_approximating_method ClippingOverApprox --verbosity INFO ../../data_sets/bddblif/6s37_bdd.blif
[INFO] created 753 factors with 1546 vars (41 primary inputs + 1505 others) in 0.95119 sec
[INFO] Executing over approximating method ClippingOverApprox
blif_solve/blif_solve --must_count_solutions --under_approximating_method False --clipping_depth 200 --over_approximating_method ClippingOverApprox --verbosity INFO ../../data_sets/bddblif/6s37_bdd.blif
[INFO] created 753 factors with 1546 vars (41 primary inputs + 1505 others) in 0.952695 sec
[INFO] Executing over approximating method ClippingOverApprox
blif_solve/blif_solve --must_count_solutions --under_approximating_method False --clipping_depth 300 --over_approximating_method ClippingOverApprox --verbosity INFO ../../data_sets/bddblif/6s37_bdd.blif
[INFO] created 753 factors with 1546 vars (41 primary inputs + 1505 others) in 0.951502 sec
[INFO] Executing over approximating method ClippingOverApprox
blif_solve/blif_solve --must_count_solutions --under_approximating_method False --clipping_depth 400 --over_approximating_method ClippingOverApprox --verbosity INFO ../../data_sets/bddblif/6s37_bdd.blif
[INFO] created 753 factors with 1546 vars (41 primary inputs + 1505 others) in 0.960675 sec
[INFO] Executing over approximating method ClippingOverApprox
blif_solve/blif_solve --must_count_solutions --under_approximating_method False --clipping_depth 800 --over_approximating_method ClippingOverApprox --verbosity INFO ../../data_sets/bddblif/6s37_bdd.blif
[INFO] created 753 factors with 1546 vars (41 primary inputs + 1505 others) in 0.962578 sec
[INFO] Executing over approximating method ClippingOverApprox
blif_solve/blif_solve --must_count_solutions --under_approximating_method False --clipping_depth 1600 --over_approximating_method ClippingOverApprox --verbosity INFO ../../data_sets/bddblif/6s37_bdd.blif
[INFO] created 753 factors with 1546 vars (41 primary inputs + 1505 others) in 0.960732 sec
[INFO] Executing over approximating method ClippingOverApprox
