blif_solve/blif_solve --must_count_solutions --under_approximating_method False --clipping_depth 10 --over_approximating_method ClippingOverApprox --verbosity INFO ../../data_sets/bddblif/6s372rb26_bdd.blif
[INFO] created 1124 factors with 2283 vars (74 primary inputs + 2209 others) in 0.109795 sec
[INFO] Executing over approximating method ClippingOverApprox
[INFO] Finised over approximating method ClippingOverApprox in 0.174485 sec
[INFO] Over approximating method ClippingOverApprox finished with 9.44627e+664 solutions.
[INFO] Executing under approximating method False
[INFO] Finished under approximating method False in 2.075e-06 sec
[INFO] Under approximating method False finished with 0 solutions.
[INFO] SUCCESS 6s372rb26_bdd.blif
blif_solve/blif_solve --must_count_solutions --under_approximating_method False --clipping_depth 20 --over_approximating_method ClippingOverApprox --verbosity INFO ../../data_sets/bddblif/6s372rb26_bdd.blif
[INFO] created 1124 factors with 2283 vars (74 primary inputs + 2209 others) in 0.111506 sec
[INFO] Executing over approximating method ClippingOverApprox
[INFO] Finised over approximating method ClippingOverApprox in 0.340607 sec
[INFO] Over approximating method ClippingOverApprox finished with 9.44627e+664 solutions.
[INFO] Executing under approximating method False
[INFO] Finished under approximating method False in 2.258e-06 sec
[INFO] Under approximating method False finished with 0 solutions.
[INFO] SUCCESS 6s372rb26_bdd.blif
blif_solve/blif_solve --must_count_solutions --under_approximating_method False --clipping_depth 30 --over_approximating_method ClippingOverApprox --verbosity INFO ../../data_sets/bddblif/6s372rb26_bdd.blif
[INFO] created 1124 factors with 2283 vars (74 primary inputs + 2209 others) in 0.106671 sec
[INFO] Executing over approximating method ClippingOverApprox
[INFO] Finised over approximating method ClippingOverApprox in 0.497086 sec
[INFO] Over approximating method ClippingOverApprox finished with 9.44627e+664 solutions.
[INFO] Executing under approximating method False
[INFO] Finished under approximating method False in 3.014e-06 sec
[INFO] Under approximating method False finished with 0 solutions.
[INFO] SUCCESS 6s372rb26_bdd.blif
blif_solve/blif_solve --must_count_solutions --under_approximating_method False --clipping_depth 40 --over_approximating_method ClippingOverApprox --verbosity INFO ../../data_sets/bddblif/6s372rb26_bdd.blif
[INFO] created 1124 factors with 2283 vars (74 primary inputs + 2209 others) in 0.1105 sec
[INFO] Executing over approximating method ClippingOverApprox
[INFO] Finised over approximating method ClippingOverApprox in 0.65734 sec
[INFO] Over approximating method ClippingOverApprox finished with 9.44627e+664 solutions.
[INFO] Executing under approximating method False
[INFO] Finished under approximating method False in 3.001e-06 sec
[INFO] Under approximating method False finished with 0 solutions.
[INFO] SUCCESS 6s372rb26_bdd.blif
blif_solve/blif_solve --must_count_solutions --under_approximating_method False --clipping_depth 50 --over_approximating_method ClippingOverApprox --verbosity INFO ../../data_sets/bddblif/6s372rb26_bdd.blif
[INFO] created 1124 factors with 2283 vars (74 primary inputs + 2209 others) in 0.106967 sec
[INFO] Executing over approximating method ClippingOverApprox
[INFO] Finised over approximating method ClippingOverApprox in 0.817621 sec
[INFO] Over approximating method ClippingOverApprox finished with 9.44627e+664 solutions.
[INFO] Executing under approximating method False
[INFO] Finished under approximating method False in 3.018e-06 sec
[INFO] Under approximating method False finished with 0 solutions.
[INFO] SUCCESS 6s372rb26_bdd.blif
blif_solve/blif_solve --must_count_solutions --under_approximating_method False --clipping_depth 75 --over_approximating_method ClippingOverApprox --verbosity INFO ../../data_sets/bddblif/6s372rb26_bdd.blif
[INFO] created 1124 factors with 2283 vars (74 primary inputs + 2209 others) in 0.106982 sec
[INFO] Executing over approximating method ClippingOverApprox
[INFO] Finised over approximating method ClippingOverApprox in 1.20152 sec
[INFO] Over approximating method ClippingOverApprox finished with 9.44627e+664 solutions.
[INFO] Executing under approximating method False
[INFO] Finished under approximating method False in 3.38e-06 sec
[INFO] Under approximating method False finished with 0 solutions.
[INFO] SUCCESS 6s372rb26_bdd.blif
blif_solve/blif_solve --must_count_solutions --under_approximating_method False --clipping_depth 100 --over_approximating_method ClippingOverApprox --verbosity INFO ../../data_sets/bddblif/6s372rb26_bdd.blif
[INFO] created 1124 factors with 2283 vars (74 primary inputs + 2209 others) in 0.108656 sec
[INFO] Executing over approximating method ClippingOverApprox
blif_solve/blif_solve --must_count_solutions --under_approximating_method False --clipping_depth 200 --over_approximating_method ClippingOverApprox --verbosity INFO ../../data_sets/bddblif/6s372rb26_bdd.blif
[INFO] created 1124 factors with 2283 vars (74 primary inputs + 2209 others) in 0.107071 sec
[INFO] Executing over approximating method ClippingOverApprox
blif_solve/blif_solve --must_count_solutions --under_approximating_method False --clipping_depth 300 --over_approximating_method ClippingOverApprox --verbosity INFO ../../data_sets/bddblif/6s372rb26_bdd.blif
[INFO] created 1124 factors with 2283 vars (74 primary inputs + 2209 others) in 0.106221 sec
[INFO] Executing over approximating method ClippingOverApprox
blif_solve/blif_solve --must_count_solutions --under_approximating_method False --clipping_depth 400 --over_approximating_method ClippingOverApprox --verbosity INFO ../../data_sets/bddblif/6s372rb26_bdd.blif
[INFO] created 1124 factors with 2283 vars (74 primary inputs + 2209 others) in 0.106837 sec
[INFO] Executing over approximating method ClippingOverApprox
blif_solve/blif_solve --must_count_solutions --under_approximating_method False --clipping_depth 800 --over_approximating_method ClippingOverApprox --verbosity INFO ../../data_sets/bddblif/6s372rb26_bdd.blif
[INFO] created 1124 factors with 2283 vars (74 primary inputs + 2209 others) in 0.1064 sec
[INFO] Executing over approximating method ClippingOverApprox
blif_solve/blif_solve --must_count_solutions --under_approximating_method False --clipping_depth 1600 --over_approximating_method ClippingOverApprox --verbosity INFO ../../data_sets/bddblif/6s372rb26_bdd.blif
[INFO] created 1124 factors with 2283 vars (74 primary inputs + 2209 others) in 0.107796 sec
[INFO] Executing over approximating method ClippingOverApprox
