blif_solve/blif_solve --must_count_solutions --under_approximating_method False --clipping_depth 10 --over_approximating_method ClippingOverApprox --verbosity INFO ../../data_sets/bddblif/6s41_bdd.blif
[INFO] created 959 factors with 1935 vars (19 primary inputs + 1916 others) in 4.37065 sec
[INFO] Executing over approximating method ClippingOverApprox
[INFO] Finised over approximating method ClippingOverApprox in 0.116767 sec
[INFO] Over approximating method ClippingOverApprox finished with 5.9357e+576 solutions.
[INFO] Executing under approximating method False
[INFO] Finished under approximating method False in 2.193e-06 sec
[INFO] Under approximating method False finished with 0 solutions.
[INFO] SUCCESS 6s41_bdd.blif
blif_solve/blif_solve --must_count_solutions --under_approximating_method False --clipping_depth 20 --over_approximating_method ClippingOverApprox --verbosity INFO ../../data_sets/bddblif/6s41_bdd.blif
[INFO] created 959 factors with 1935 vars (19 primary inputs + 1916 others) in 4.4291 sec
[INFO] Executing over approximating method ClippingOverApprox
[INFO] Finised over approximating method ClippingOverApprox in 0.213961 sec
[INFO] Over approximating method ClippingOverApprox finished with 5.9357e+576 solutions.
[INFO] Executing under approximating method False
[INFO] Finished under approximating method False in 2.201e-06 sec
[INFO] Under approximating method False finished with 0 solutions.
[INFO] SUCCESS 6s41_bdd.blif
blif_solve/blif_solve --must_count_solutions --under_approximating_method False --clipping_depth 30 --over_approximating_method ClippingOverApprox --verbosity INFO ../../data_sets/bddblif/6s41_bdd.blif
[INFO] created 959 factors with 1935 vars (19 primary inputs + 1916 others) in 4.3757 sec
[INFO] Executing over approximating method ClippingOverApprox
[INFO] Finised over approximating method ClippingOverApprox in 1.66106 sec
[INFO] Over approximating method ClippingOverApprox finished with 5.9357e+576 solutions.
[INFO] Executing under approximating method False
[INFO] Finished under approximating method False in 2.272e-06 sec
[INFO] Under approximating method False finished with 0 solutions.
[INFO] SUCCESS 6s41_bdd.blif
blif_solve/blif_solve --must_count_solutions --under_approximating_method False --clipping_depth 40 --over_approximating_method ClippingOverApprox --verbosity INFO ../../data_sets/bddblif/6s41_bdd.blif
[INFO] created 959 factors with 1935 vars (19 primary inputs + 1916 others) in 4.42555 sec
[INFO] Executing over approximating method ClippingOverApprox
blif_solve/blif_solve --must_count_solutions --under_approximating_method False --clipping_depth 50 --over_approximating_method ClippingOverApprox --verbosity INFO ../../data_sets/bddblif/6s41_bdd.blif
[INFO] created 959 factors with 1935 vars (19 primary inputs + 1916 others) in 4.43931 sec
[INFO] Executing over approximating method ClippingOverApprox
blif_solve/blif_solve --must_count_solutions --under_approximating_method False --clipping_depth 75 --over_approximating_method ClippingOverApprox --verbosity INFO ../../data_sets/bddblif/6s41_bdd.blif
[INFO] created 959 factors with 1935 vars (19 primary inputs + 1916 others) in 4.4287 sec
[INFO] Executing over approximating method ClippingOverApprox
blif_solve/blif_solve --must_count_solutions --under_approximating_method False --clipping_depth 100 --over_approximating_method ClippingOverApprox --verbosity INFO ../../data_sets/bddblif/6s41_bdd.blif
[INFO] created 959 factors with 1935 vars (19 primary inputs + 1916 others) in 4.43987 sec
[INFO] Executing over approximating method ClippingOverApprox
blif_solve/blif_solve --must_count_solutions --under_approximating_method False --clipping_depth 200 --over_approximating_method ClippingOverApprox --verbosity INFO ../../data_sets/bddblif/6s41_bdd.blif
[INFO] created 959 factors with 1935 vars (19 primary inputs + 1916 others) in 4.38085 sec
[INFO] Executing over approximating method ClippingOverApprox
blif_solve/blif_solve --must_count_solutions --under_approximating_method False --clipping_depth 300 --over_approximating_method ClippingOverApprox --verbosity INFO ../../data_sets/bddblif/6s41_bdd.blif
[INFO] created 959 factors with 1935 vars (19 primary inputs + 1916 others) in 4.37908 sec
[INFO] Executing over approximating method ClippingOverApprox
blif_solve/blif_solve --must_count_solutions --under_approximating_method False --clipping_depth 400 --over_approximating_method ClippingOverApprox --verbosity INFO ../../data_sets/bddblif/6s41_bdd.blif
[INFO] created 959 factors with 1935 vars (19 primary inputs + 1916 others) in 4.43278 sec
[INFO] Executing over approximating method ClippingOverApprox
blif_solve/blif_solve --must_count_solutions --under_approximating_method False --clipping_depth 800 --over_approximating_method ClippingOverApprox --verbosity INFO ../../data_sets/bddblif/6s41_bdd.blif
[INFO] created 959 factors with 1935 vars (19 primary inputs + 1916 others) in 4.38291 sec
[INFO] Executing over approximating method ClippingOverApprox
blif_solve/blif_solve --must_count_solutions --under_approximating_method False --clipping_depth 1600 --over_approximating_method ClippingOverApprox --verbosity INFO ../../data_sets/bddblif/6s41_bdd.blif
[INFO] created 959 factors with 1935 vars (19 primary inputs + 1916 others) in 4.4296 sec
[INFO] Executing over approximating method ClippingOverApprox
