blif_solve/blif_solve --must_count_solutions --under_approximating_method False --clipping_depth 10 --over_approximating_method ClippingOverApprox --verbosity INFO ../../data_sets/bddblif/6s4_bdd.blif
[INFO] created 202 factors with 613 vars (209 primary inputs + 404 others) in 0.885126 sec
[INFO] Executing over approximating method ClippingOverApprox
[INFO] Finised over approximating method ClippingOverApprox in 0.00497077 sec
[INFO] Over approximating method ClippingOverApprox finished with 4.1316e+121 solutions.
[INFO] Executing under approximating method False
[INFO] Finished under approximating method False in 3.112e-06 sec
[INFO] Under approximating method False finished with 0 solutions.
[INFO] SUCCESS 6s4_bdd.blif
blif_solve/blif_solve --must_count_solutions --under_approximating_method False --clipping_depth 20 --over_approximating_method ClippingOverApprox --verbosity INFO ../../data_sets/bddblif/6s4_bdd.blif
[INFO] created 202 factors with 613 vars (209 primary inputs + 404 others) in 0.898012 sec
[INFO] Executing over approximating method ClippingOverApprox
[INFO] Finised over approximating method ClippingOverApprox in 0.00924338 sec
[INFO] Over approximating method ClippingOverApprox finished with 4.1316e+121 solutions.
[INFO] Executing under approximating method False
[INFO] Finished under approximating method False in 1.999e-06 sec
[INFO] Under approximating method False finished with 0 solutions.
[INFO] SUCCESS 6s4_bdd.blif
blif_solve/blif_solve --must_count_solutions --under_approximating_method False --clipping_depth 30 --over_approximating_method ClippingOverApprox --verbosity INFO ../../data_sets/bddblif/6s4_bdd.blif
[INFO] created 202 factors with 613 vars (209 primary inputs + 404 others) in 0.902349 sec
[INFO] Executing over approximating method ClippingOverApprox
[INFO] Finised over approximating method ClippingOverApprox in 0.0135356 sec
[INFO] Over approximating method ClippingOverApprox finished with 4.1316e+121 solutions.
[INFO] Executing under approximating method False
[INFO] Finished under approximating method False in 1.87e-06 sec
[INFO] Under approximating method False finished with 0 solutions.
[INFO] SUCCESS 6s4_bdd.blif
blif_solve/blif_solve --must_count_solutions --under_approximating_method False --clipping_depth 40 --over_approximating_method ClippingOverApprox --verbosity INFO ../../data_sets/bddblif/6s4_bdd.blif
[INFO] created 202 factors with 613 vars (209 primary inputs + 404 others) in 0.901214 sec
[INFO] Executing over approximating method ClippingOverApprox
[INFO] Finised over approximating method ClippingOverApprox in 0.019961 sec
[INFO] Over approximating method ClippingOverApprox finished with 4.1316e+121 solutions.
[INFO] Executing under approximating method False
[INFO] Finished under approximating method False in 2.73e-06 sec
[INFO] Under approximating method False finished with 0 solutions.
[INFO] SUCCESS 6s4_bdd.blif
blif_solve/blif_solve --must_count_solutions --under_approximating_method False --clipping_depth 50 --over_approximating_method ClippingOverApprox --verbosity INFO ../../data_sets/bddblif/6s4_bdd.blif
[INFO] created 202 factors with 613 vars (209 primary inputs + 404 others) in 0.895339 sec
[INFO] Executing over approximating method ClippingOverApprox
[INFO] Finised over approximating method ClippingOverApprox in 0.0215675 sec
[INFO] Over approximating method ClippingOverApprox finished with 4.1316e+121 solutions.
[INFO] Executing under approximating method False
[INFO] Finished under approximating method False in 2.007e-06 sec
[INFO] Under approximating method False finished with 0 solutions.
[INFO] SUCCESS 6s4_bdd.blif
blif_solve/blif_solve --must_count_solutions --under_approximating_method False --clipping_depth 75 --over_approximating_method ClippingOverApprox --verbosity INFO ../../data_sets/bddblif/6s4_bdd.blif
[INFO] created 202 factors with 613 vars (209 primary inputs + 404 others) in 0.897967 sec
[INFO] Executing over approximating method ClippingOverApprox
[INFO] Finised over approximating method ClippingOverApprox in 0.0322388 sec
[INFO] Over approximating method ClippingOverApprox finished with 4.1316e+121 solutions.
[INFO] Executing under approximating method False
[INFO] Finished under approximating method False in 2.239e-06 sec
[INFO] Under approximating method False finished with 0 solutions.
[INFO] SUCCESS 6s4_bdd.blif
blif_solve/blif_solve --must_count_solutions --under_approximating_method False --clipping_depth 100 --over_approximating_method ClippingOverApprox --verbosity INFO ../../data_sets/bddblif/6s4_bdd.blif
[INFO] created 202 factors with 613 vars (209 primary inputs + 404 others) in 0.899567 sec
[INFO] Executing over approximating method ClippingOverApprox
[INFO] Finised over approximating method ClippingOverApprox in 0.0421007 sec
[INFO] Over approximating method ClippingOverApprox finished with 4.1316e+121 solutions.
[INFO] Executing under approximating method False
[INFO] Finished under approximating method False in 2.34e-06 sec
[INFO] Under approximating method False finished with 0 solutions.
[INFO] SUCCESS 6s4_bdd.blif
blif_solve/blif_solve --must_count_solutions --under_approximating_method False --clipping_depth 200 --over_approximating_method ClippingOverApprox --verbosity INFO ../../data_sets/bddblif/6s4_bdd.blif
[INFO] created 202 factors with 613 vars (209 primary inputs + 404 others) in 0.896063 sec
[INFO] Executing over approximating method ClippingOverApprox
[INFO] Finised over approximating method ClippingOverApprox in 0.0856922 sec
[INFO] Over approximating method ClippingOverApprox finished with 4.1316e+121 solutions.
[INFO] Executing under approximating method False
[INFO] Finished under approximating method False in 2.964e-06 sec
[INFO] Under approximating method False finished with 0 solutions.
[INFO] SUCCESS 6s4_bdd.blif
blif_solve/blif_solve --must_count_solutions --under_approximating_method False --clipping_depth 300 --over_approximating_method ClippingOverApprox --verbosity INFO ../../data_sets/bddblif/6s4_bdd.blif
[INFO] created 202 factors with 613 vars (209 primary inputs + 404 others) in 0.909074 sec
[INFO] Executing over approximating method ClippingOverApprox
blif_solve/blif_solve --must_count_solutions --under_approximating_method False --clipping_depth 400 --over_approximating_method ClippingOverApprox --verbosity INFO ../../data_sets/bddblif/6s4_bdd.blif
[INFO] created 202 factors with 613 vars (209 primary inputs + 404 others) in 0.884502 sec
[INFO] Executing over approximating method ClippingOverApprox
blif_solve/blif_solve --must_count_solutions --under_approximating_method False --clipping_depth 800 --over_approximating_method ClippingOverApprox --verbosity INFO ../../data_sets/bddblif/6s4_bdd.blif
[INFO] created 202 factors with 613 vars (209 primary inputs + 404 others) in 0.880948 sec
[INFO] Executing over approximating method ClippingOverApprox
blif_solve/blif_solve --must_count_solutions --under_approximating_method False --clipping_depth 1600 --over_approximating_method ClippingOverApprox --verbosity INFO ../../data_sets/bddblif/6s4_bdd.blif
[INFO] created 202 factors with 613 vars (209 primary inputs + 404 others) in 0.899235 sec
[INFO] Executing over approximating method ClippingOverApprox
