blif_solve/blif_solve --must_count_solutions --under_approximating_method False --clipping_depth 10 --over_approximating_method ClippingOverApprox --verbosity INFO ../../data_sets/bddblif/6s515rb1_bdd.blif
[INFO] created 441 factors with 918 vars (36 primary inputs + 882 others) in 0.0148474 sec
[INFO] Executing over approximating method ClippingOverApprox
[INFO] Finised over approximating method ClippingOverApprox in 0.0253812 sec
[INFO] Over approximating method ClippingOverApprox finished with 3.22445e+265 solutions.
[INFO] Executing under approximating method False
[INFO] Finished under approximating method False in 1.797e-06 sec
[INFO] Under approximating method False finished with 0 solutions.
[INFO] SUCCESS 6s515rb1_bdd.blif
blif_solve/blif_solve --must_count_solutions --under_approximating_method False --clipping_depth 20 --over_approximating_method ClippingOverApprox --verbosity INFO ../../data_sets/bddblif/6s515rb1_bdd.blif
[INFO] created 441 factors with 918 vars (36 primary inputs + 882 others) in 0.0144453 sec
[INFO] Executing over approximating method ClippingOverApprox
[INFO] Finised over approximating method ClippingOverApprox in 0.049608 sec
[INFO] Over approximating method ClippingOverApprox finished with 3.22445e+265 solutions.
[INFO] Executing under approximating method False
[INFO] Finished under approximating method False in 2.887e-06 sec
[INFO] Under approximating method False finished with 0 solutions.
[INFO] SUCCESS 6s515rb1_bdd.blif
blif_solve/blif_solve --must_count_solutions --under_approximating_method False --clipping_depth 30 --over_approximating_method ClippingOverApprox --verbosity INFO ../../data_sets/bddblif/6s515rb1_bdd.blif
[INFO] created 441 factors with 918 vars (36 primary inputs + 882 others) in 0.014305 sec
[INFO] Executing over approximating method ClippingOverApprox
[INFO] Finised over approximating method ClippingOverApprox in 0.0714419 sec
[INFO] Over approximating method ClippingOverApprox finished with 3.22445e+265 solutions.
[INFO] Executing under approximating method False
[INFO] Finished under approximating method False in 1.791e-06 sec
[INFO] Under approximating method False finished with 0 solutions.
[INFO] SUCCESS 6s515rb1_bdd.blif
blif_solve/blif_solve --must_count_solutions --under_approximating_method False --clipping_depth 40 --over_approximating_method ClippingOverApprox --verbosity INFO ../../data_sets/bddblif/6s515rb1_bdd.blif
[INFO] created 441 factors with 918 vars (36 primary inputs + 882 others) in 0.0144719 sec
[INFO] Executing over approximating method ClippingOverApprox
[INFO] Finised over approximating method ClippingOverApprox in 0.0908682 sec
[INFO] Over approximating method ClippingOverApprox finished with 3.22445e+265 solutions.
[INFO] Executing under approximating method False
[INFO] Finished under approximating method False in 2.969e-06 sec
[INFO] Under approximating method False finished with 0 solutions.
[INFO] SUCCESS 6s515rb1_bdd.blif
blif_solve/blif_solve --must_count_solutions --under_approximating_method False --clipping_depth 50 --over_approximating_method ClippingOverApprox --verbosity INFO ../../data_sets/bddblif/6s515rb1_bdd.blif
[INFO] created 441 factors with 918 vars (36 primary inputs + 882 others) in 0.014348 sec
[INFO] Executing over approximating method ClippingOverApprox
[INFO] Finised over approximating method ClippingOverApprox in 4.76836 sec
[INFO] Over approximating method ClippingOverApprox finished with 3.22445e+265 solutions.
[INFO] Executing under approximating method False
[INFO] Finished under approximating method False in 3.517e-06 sec
[INFO] Under approximating method False finished with 0 solutions.
[INFO] SUCCESS 6s515rb1_bdd.blif
blif_solve/blif_solve --must_count_solutions --under_approximating_method False --clipping_depth 75 --over_approximating_method ClippingOverApprox --verbosity INFO ../../data_sets/bddblif/6s515rb1_bdd.blif
[INFO] created 441 factors with 918 vars (36 primary inputs + 882 others) in 0.0142139 sec
[INFO] Executing over approximating method ClippingOverApprox
blif_solve/blif_solve --must_count_solutions --under_approximating_method False --clipping_depth 100 --over_approximating_method ClippingOverApprox --verbosity INFO ../../data_sets/bddblif/6s515rb1_bdd.blif
[INFO] created 441 factors with 918 vars (36 primary inputs + 882 others) in 0.0143294 sec
[INFO] Executing over approximating method ClippingOverApprox
blif_solve/blif_solve --must_count_solutions --under_approximating_method False --clipping_depth 200 --over_approximating_method ClippingOverApprox --verbosity INFO ../../data_sets/bddblif/6s515rb1_bdd.blif
[INFO] created 441 factors with 918 vars (36 primary inputs + 882 others) in 0.0143103 sec
[INFO] Executing over approximating method ClippingOverApprox
blif_solve/blif_solve --must_count_solutions --under_approximating_method False --clipping_depth 300 --over_approximating_method ClippingOverApprox --verbosity INFO ../../data_sets/bddblif/6s515rb1_bdd.blif
[INFO] created 441 factors with 918 vars (36 primary inputs + 882 others) in 0.0144461 sec
[INFO] Executing over approximating method ClippingOverApprox
blif_solve/blif_solve --must_count_solutions --under_approximating_method False --clipping_depth 400 --over_approximating_method ClippingOverApprox --verbosity INFO ../../data_sets/bddblif/6s515rb1_bdd.blif
[INFO] created 441 factors with 918 vars (36 primary inputs + 882 others) in 0.0143467 sec
[INFO] Executing over approximating method ClippingOverApprox
blif_solve/blif_solve --must_count_solutions --under_approximating_method False --clipping_depth 800 --over_approximating_method ClippingOverApprox --verbosity INFO ../../data_sets/bddblif/6s515rb1_bdd.blif
[INFO] created 441 factors with 918 vars (36 primary inputs + 882 others) in 0.0144487 sec
[INFO] Executing over approximating method ClippingOverApprox
blif_solve/blif_solve --must_count_solutions --under_approximating_method False --clipping_depth 1600 --over_approximating_method ClippingOverApprox --verbosity INFO ../../data_sets/bddblif/6s515rb1_bdd.blif
[INFO] created 441 factors with 918 vars (36 primary inputs + 882 others) in 0.0143587 sec
[INFO] Executing over approximating method ClippingOverApprox
